============================================================
  Generated by:           Genus(TM) Synthesis Solution 21.18-s082_1
  Generated on:           May 25 2026  02:09:12 am
  Module:                 gpu
  Operating conditions:   PVT_0P9V_125C (balanced_tree)
  Wireload mode:          enclosed
  Area mode:              timing library
============================================================

Timing
--------

Clock Period 
-------------
clk   4500.0 


  Cost    Critical         Violating 
 Group   Path Slack  TNS     Paths   
-------------------------------------
clk            93.9   0.0          0 
default    No paths   0.0            
-------------------------------------
Total                 0.0          0 

Instance Count
--------------
Leaf Instance Count             11611 
Physical Instance count             0 
Sequential Instance Count        1827 
Combinational Instance Count     9784 
Hierarchical Instance Count         0 

Area
----
Cell Area                          26650.350
Physical Cell Area                 0.000
Total Cell Area (Cell+Physical)    26650.350
Net Area                           0.000
Total Area (Cell+Physical+Net)     26650.350

Max Fanout                         1827 (clk)
Min Fanout                         1 (cores[0].core_instance_threads[0].alu_instance_n_198)
Average Fanout                     2.7
Terms to net ratio                 3.6741
Terms to instance ratio            3.8032
Runtime                            247.14667800000026 seconds
Elapsed Runtime                    245 seconds
Genus peak memory usage            1728.38 
Innovus peak memory usage          no_value 
Hostname                           vlsi
