============================================================
  Generated by:           Genus(TM) Synthesis Solution 21.18-s082_1
  Generated on:           May 25 2026  02:09:12 am
  Module:                 gpu
  Operating conditions:   PVT_0P9V_125C (balanced_tree)
  Wireload mode:          enclosed
  Area mode:              timing library
============================================================


Path 1: MET (94 ps) Setup Check with Pin data_memory_controller_mem_write_data_reg[31]/CK->D
          Group: clk
     Startpoint: (R) cores[0].core_instance_threads[0].lsu_instance_mem_read_valid_reg/CK
          Clock: (R) clk
       Endpoint: (R) data_memory_controller_mem_write_data_reg[31]/D
          Clock: (R) clk

                     Capture       Launch     
        Clock Edge:+    4500            0     
       Src Latency:+       0            0     
       Net Latency:+       0 (I)        0 (I) 
           Arrival:=    4500            0     
                                              
             Setup:-     118                  
       Uncertainty:-      30                  
     Required Time:=    4352                  
      Launch Clock:-       0                  
         Data Path:-    4258                  
             Slack:=      94                  

#---------------------------------------------------------------------------------------------------------------------------------------------
#                            Timing Point                              Flags   Arc   Edge   Cell     Fanout Load Trans Delay Arrival Instance 
#                                                                                                           (fF)  (ps)  (ps)   (ps)  Location 
#---------------------------------------------------------------------------------------------------------------------------------------------
  cores[0].core_instance_threads[0].lsu_instance_mem_read_valid_reg/CK -       -     R     (arrival)   1827    -   100     0       0    (-,-) 
  cores[0].core_instance_threads[0].lsu_instance_mem_read_valid_reg/Q  -       CK->Q R     DFFHQX1        4  1.6    44   237     237    (-,-) 
  data_memory_controller_g70278/Y                                      -       A->Y  F     NOR2X1         1  0.3    34    50     287    (-,-) 
  data_memory_controller_g70202/Y                                      -       B->Y  R     NOR2X1         8  3.2   166   119     406    (-,-) 
  data_memory_controller_g70163/Y                                      -       B->Y  F     NOR2X1        11  4.1   143   167     573    (-,-) 
  data_memory_controller_g70089/Y                                      -       B->Y  R     NOR2X1         3  1.2    92   128     701    (-,-) 
  g97480/Y                                                             -       D->Y  F     NAND4BX1       3  1.1   246   203     904    (-,-) 
  data_memory_controller_g69997/Y                                      -       A->Y  R     NAND2X1        3  1.0    77   167    1071    (-,-) 
  data_memory_controller_g69986/Y                                      -       A->Y  F     INVX1         20  7.8   215   161    1232    (-,-) 
  g97458/Y                                                             -       A->Y  R     NOR4X1         2  0.4   120   242    1474    (-,-) 
  data_memory_controller_g69939/Y                                      -       AN->Y R     NOR2BX1       20  4.4   226   237    1711    (-,-) 
  data_memory_controller_g69929/Y                                      -       D->Y  F     NOR4X1         4  0.9    85   165    1876    (-,-) 
  data_memory_controller_g69838/Y                                      -       C->Y  R     NAND3BXL       2  1.0    67    86    1961    (-,-) 
  data_memory_controller_g69746/Y                                      -       A->Y  F     NOR2X2        19  7.2   118   105    2066    (-,-) 
  data_memory_controller_g69702/Y                                      -       A->Y  R     INVX1          2  0.8    44    84    2151    (-,-) 
  data_memory_controller_g69641/Y                                      -       B->Y  F     NAND2X1        5  1.6   121   101    2252    (-,-) 
  data_memory_controller_g70393/Y                                      -       AN->Y F     NAND2BX1       4  1.2   115   156    2407    (-,-) 
  data_memory_controller_g69607/Y                                      -       C->Y  R     NOR3X1         3  1.2   136   139    2546    (-,-) 
  data_memory_controller_g69545/Y                                      -       B->Y  F     NAND2X1        3  0.9    94   131    2677    (-,-) 
  data_memory_controller_g69523/Y                                      -       B->Y  R     NAND2X1        6  2.2    73    90    2767    (-,-) 
  data_memory_controller_g70421/Y                                      -       D->Y  F     NOR4BX1        4  1.0    66    74    2840    (-,-) 
  data_memory_controller_g69435/Y                                      -       C->Y  R     NOR4X1         3  0.8   157   161    3001    (-,-) 
  data_memory_controller_g69393/Y                                      -       C->Y  F     NAND3BXL       2  1.1   245   237    3238    (-,-) 
  data_memory_controller_g69382/Y                                      -       B->Y  R     NOR2X2        19  7.0   207   231    3469    (-,-) 
  data_memory_controller_g69372/Y                                      -       D->Y  R     OR4X1          8  3.0    78   199    3668    (-,-) 
  data_memory_controller_g69358/Y                                      -       C->Y  R     AND3XL        16  4.8   188   280    3948    (-,-) 
  data_memory_controller_g69176/Y                                      -       A1->Y F     AOI22XL        1  0.4   141   208    4156    (-,-) 
  data_memory_controller_g69063/Y                                      -       B0->Y R     OAI211X1       1  0.3    85   102    4258    (-,-) 
  data_memory_controller_mem_write_data_reg[31]/D                      <<<     -     R     DFFHQX1        1    -     -     0    4258    (-,-) 
#---------------------------------------------------------------------------------------------------------------------------------------------

