###############################################################
#  Generated by:      Cadence Innovus 21.18-s099_1
#  OS:                Linux x86_64(Host ID vlsi)
#  Generated on:      Sun May 24 23:17:16 2026
#  Design:            gpu
#  Command:           report_constraint -all_violators -drv_violation_type max_transition > report_constraint.rpt
###############################################################
# format : frame 1 : split 1

Check type : max_transition
---------------------------
     +------------------------------------------------------------------------------+ 
     | Pin Name                           | Required | Actual | Slack  | View       | 
     |------------------------------------+----------+--------+--------+------------| 
     | g94419__4319/Y                     | 0.280    | 0.419  | -0.139 | setup_view | 
     | ctsFE_OFC1055_n_2552/A             | 0.280    | 0.419  | -0.139 | setup_view | 
     | g94704__1705/Y                     | 0.280    | 0.353  | -0.073 | setup_view | 
     | route_design_holdFE_PDC16_n_2318/A | 0.280    | 0.353  | -0.073 | setup_view | 
     | ctsFE_OFC882_n_2730/A              | 0.280    | 0.298  | -0.018 | setup_view | 
     | g94138__2883/Y                     | 0.280    | 0.298  | -0.018 | setup_view | 
     +------------------------------------------------------------------------------+ 
