============================================================
  Generated by:           Genus(TM) Synthesis Solution 21.18-s082_1
  Generated on:           May 20 2026  05:22:54 am
  Module:                 gpu
  Operating conditions:   PVT_0P9V_125C (balanced_tree)
  Wireload mode:          enclosed
  Area mode:              timing library
============================================================

Timing
--------

Clock Period 
-------------
clk   2200.0 


  Cost    Critical         Violating 
 Group   Path Slack  TNS     Paths   
-------------------------------------
clk             0.0   0.0          0 
default    No paths   0.0            
-------------------------------------
Total                 0.0          0 

Instance Count
--------------
Leaf Instance Count             12316 
Physical Instance count             0 
Sequential Instance Count        1827 
Combinational Instance Count    10489 
Hierarchical Instance Count         0 

Area
----
Cell Area                          28929.438
Physical Cell Area                 0.000
Total Cell Area (Cell+Physical)    28929.438
Net Area                           0.000
Total Area (Cell+Physical+Net)     28929.438

Max Fanout                         1827 (clk)
Min Fanout                         1 (cores[1].core_instance_rs[15])
Average Fanout                     2.7
Terms to net ratio                 3.6651
Terms to instance ratio            3.7770
Runtime                            348.1265290000003 seconds
Elapsed Runtime                    345 seconds
Genus peak memory usage            1774.18 
Innovus peak memory usage          no_value 
Hostname                           vlsi
