###############################################################
#  Generated by:      Cadence Innovus 21.18-s099_1
#  OS:                Linux x86_64(Host ID vlsi)
#  Generated on:      Thu May 28 00:52:04 2026
#  Design:            gpu
#  Command:           checkPinAssignment
###############################################################

Start Checking pins of top cell: [gpu] 
Summary report for top level: [gpu] 
	Total Pins                         : 183
	Legally Assigned Pins              : 183
End of Summary report
End Checking pins of top cell: [gpu] 


===========================================================================================================================
                                                checkPinAssignment Summary
===========================================================================================================================
Partition   | pads  | pins   | legal  | illegal | internal | internal illegal | FT     | FT illegal | constant | unplaced |
===========================================================================================================================
gpu         |     0 |    183 |    183 |       0 |        0 |                0 |      0 |          0 |        0 |        0 |
===========================================================================================================================
TOTAL       |     0 |    183 |    183 |       0 |        0 |                0 |      0 |          0 |        0 |        0 |
===========================================================================================================================
