###############################################################
#  Generated by:      Cadence Innovus 21.18-s099_1
#  OS:                Linux x86_64(Host ID vlsi)
#  Generated on:      Thu May 21 12:59:25 2026
#  Design:            gpu
#  Command:           report_ccopt_clock_trees -file ./reports/clock_opt/ccopt_clock_trees.rpt
###############################################################

Clock DAG stats:
================

---------------------------------------------------------
Cell type                 Count    Area       Capacitance
---------------------------------------------------------
Buffers                    103     182.628       0.025
Inverters                    0       0.000       0.000
Integrated Clock Gates       0       0.000       0.000
Discrete Clock Gates         0       0.000       0.000
Clock Logic                  0       0.000       0.000
All                        103     182.628       0.025
---------------------------------------------------------


Clock DAG sink counts:
======================

-------------------------
Sink type           Count
-------------------------
Regular             1827
Enable Latch           0
Load Capacitance       0
Antenna Diode          0
Node Sink              0
Total               1827
-------------------------


Clock DAG wire lengths:
=======================

--------------------
Type     Wire Length
--------------------
Top          0.000
Trunk     2085.820
Leaf      7323.395
Total     9409.215
--------------------


Clock DAG hp wire lengths:
==========================

-----------------------
Type     hp Wire Length
-----------------------
Top            0.000
Trunk       1478.510
Leaf        2952.375
Total       4430.885
-----------------------


Clock DAG capacitances:
=======================

--------------------------------
Type     Gate     Wire     Total
--------------------------------
Top      0.000    0.000    0.000
Trunk    0.025    0.282    0.306
Leaf     0.384    1.044    1.428
Total    0.409    1.325    1.734
--------------------------------


Clock DAG sink capacitances:
============================

-----------------------------------------------
Total    Average    Std. Dev.    Min      Max
-----------------------------------------------
0.384     0.000       0.000      0.000    0.000
-----------------------------------------------


Clock DAG net violations:
=========================

None


Clock DAG primary half-corner transition distribution:
======================================================

----------------------------------------------------------------------------------------------------------------------------------------------------------------
Net Type    Target    Count    Average    Std. Dev.    Min      Max      Distribution                                                                Over Target
----------------------------------------------------------------------------------------------------------------------------------------------------------------
Trunk       0.280      12       0.197       0.070      0.005    0.268    {2 <= 0.168ns, 7 <= 0.224ns, 0 <= 0.252ns, 2 <= 0.266ns, 1 <= 0.280ns}           -
Leaf        0.280      92       0.205       0.020      0.168    0.251    {1 <= 0.168ns, 71 <= 0.224ns, 20 <= 0.252ns, 0 <= 0.266ns, 0 <= 0.280ns}         -
----------------------------------------------------------------------------------------------------------------------------------------------------------------


Clock DAG library cell distribution:
====================================

-----------------------------------------
Name        Type      Inst     Inst Area 
                      Count    (um^2)
-----------------------------------------
CLKBUFX6    buffer      4        12.312
CLKBUFX3    buffer      3         6.156
CLKBUFX2    buffer     96       164.160
-----------------------------------------



Please note that the following tables reflect only the defined clock trees, so the flop counts might not include all flops in your design.

Clock Tree Summary:
===================

---------------------------------------------------------------------------------------------------------------------
Clock Tree  Clock  Bufs  Invs  Other  Max       Max     Max     Max          Standard   Wire   Gate   Clock Tree Root
Name        Gates              Clock  Non-leaf  Leaf    Length  Source-sink  cell area  cap    cap    
                               Cells  Fanout    Fanout  (um)    Resistance   (um^2)     (pF)   (pF)   
                                                                (Ohms)                                
---------------------------------------------------------------------------------------------------------------------
clk           0    103    0      0       20       20    144.16    5281.72     182.628   1.325  0.409  clk
---------------------------------------------------------------------------------------------------------------------

Clock Sink Summary:
===================

-------------------------------------------------------------------------------------------------------------------------------------------
Clock Tree  Explicit      Implicit      Explicit     Implicit     Explicit   Implicit   Posedge  Negedge  Memory  Enable  Non enable  Other
Name        exclude pins  exclude pins  ignore pins  ignore pins  stop pins  stop pins  Flops    Flops    Clock   Latch   Latch       Sinks
                                                                                                          Pins    Sinks   Sinks       
-------------------------------------------------------------------------------------------------------------------------------------------
clk              0             0             0            0           0          0       1827       0       0       0         0         0
-------------------------------------------------------------------------------------------------------------------------------------------

Summary across all clock trees:
===============================

------------------------------------------------------------------------------------------------------------
Clock  Bufs  Invs  Other  Max       Average   Max     Average  Max      Max          Standard   Wire   Gate
Gates              Clock  Non-leaf  Non-leaf  Leaf    Leaf     Length   Source-sink  cell area  cap    cap
                   Cells  Fanout    Fanout    Fanout  Fanout   (um)     Resistance   (um^2)     (pF)   (pF)
                                                                        (Ohms)                         
------------------------------------------------------------------------------------------------------------
  0    103    0      0       20     8.58333     20    19.8587  144.160    528.172     182.628   1.325  0.409
------------------------------------------------------------------------------------------------------------

Clock Sink Summary across all clock trees:
==========================================

-------------------------------------------------------------------------------------------------------------------------------
Explicit      Implicit      Explicit     Implicit     Explicit   Implicit   Posedge  Negedge  Memory  Enable  Non enable  Other
exclude pins  exclude pins  ignore pins  ignore pins  stop pins  stop pins  Flops    Flops    Clock   Latch   Latch       Sinks
                                                                                              Pins    Sinks   Sinks       
-------------------------------------------------------------------------------------------------------------------------------
     0             0             0            0           0          0       1827       0       0       0         0         0
-------------------------------------------------------------------------------------------------------------------------------

Physical metrics across all clock trees:
========================================

-----------------------------------------------------------------------
Metric                               Minimum  Average  Maximum  Std.dev
-----------------------------------------------------------------------
Source-sink routed net length (um)   14.755    40.604  144.160   30.313
Source-sink manhattan distance (um)  12.810    36.678  144.115   29.264
Source-sink resistance (Ohm)         95.746   198.095  528.172  101.437
-----------------------------------------------------------------------

Transition distribution for half-corner slow_delay:setup.late:
==============================================================

----------------------------------------------------------------------------------------------------------------------------------------------------------------
Net Type    Target    Count    Average    Std. Dev.    Min      Max      Distribution                                                                Over Target
----------------------------------------------------------------------------------------------------------------------------------------------------------------
Trunk       0.280      12       0.197       0.070      0.005    0.268    {2 <= 0.168ns, 7 <= 0.224ns, 0 <= 0.252ns, 2 <= 0.266ns, 1 <= 0.280ns}           -
Leaf        0.280      92       0.205       0.020      0.168    0.251    {1 <= 0.168ns, 71 <= 0.224ns, 20 <= 0.252ns, 0 <= 0.266ns, 0 <= 0.280ns}         -
----------------------------------------------------------------------------------------------------------------------------------------------------------------

Count of violations across all clock trees:
===========================================

---------------------------------------------------------------------------------------
Clock Tree  # Max capacitance  # Max resistance  # Max length  # Max fanout  # Slew
Name        violations         violations        violations    violations    violations
---------------------------------------------------------------------------------------
clk                 0                 0               0             0            0
---------------------------------------------------------------------------------------
Total               0                 0               0             0            0
---------------------------------------------------------------------------------------

Note the above table per clock tree is based on CCOpt clock tree view. The violations are counted across half corners.

Found a total of 0 clock tree pins with max capacitance violations.
Found a total of 0 clock tree nets with max resistance violations.
Found a total of 0 clock tree nets with max length violations.
Found a total of 0 clock tree nets with max fanout violations.
Found a total of 0 clock tree pins with a slew violation.

Report for clock tree: clk:
===========================

Clock Tree Gating Structure (Logical):

# Full cycle clock gates   : 0
Minimum clock gating depth : 0
Maximum clock gating depth : 0
Clock gate area (um^2)     : 0.000

Clock Tree Buffering Structure (Logical):

# Buffers             : 103
# Inverters           :   0
  Total               : 103
Minimum depth         :   8
Maximum depth         :   8
Buffering area (um^2) : 182.628

Clock Tree Level Structure (Logical):

-----------------------------------------------------------------
Level  Full   Posedge  Negedge  Memory  Enable  Non enable  Other
       Cycle  Flops    Flops    Clock   Latch   Latch       Sinks
                                Pins    Sinks   Sinks       
-----------------------------------------------------------------
root     0     1827       0       0       0         0         0
-----------------------------------------------------------------
Total    0     1827       0       0       0         0         0
-----------------------------------------------------------------

Target and measured clock slews (in ns):

---------------------------------------------------------------------------------------------------------------------------------
Timing Corner           Worst Rising  Worst Falling  Worst Rising  Worst Falling  Leaf Slew    Leaf Slew  Trunk Slew   Trunk Slew
                        Leaf Slew     Leaf Slew      Trunk Slew    Trunk Slew     Target Type  Target     Target Type  Target
---------------------------------------------------------------------------------------------------------------------------------
fast_delay:hold.early      0.212          0.250         0.220          0.268      ignored          -      ignored          -
fast_delay:hold.late       0.074          0.073         0.078          0.082      ignored          -      ignored          -
slow_delay:setup.early     0.073          0.073         0.077          0.081      ignored          -      ignored          -
slow_delay:setup.late      0.213          0.251         0.220          0.268      explicit      0.600     explicit      0.600
---------------------------------------------------------------------------------------------------------------------------------

* - indicates that target was not met.

auto extracted - target was extracted from SDC.
auto computed - target was computed when balancing trees.

