###############################################################
#  Generated by:      Cadence Innovus 21.18-s099_1
#  OS:                Linux x86_64(Host ID vlsi)
#  Generated on:      Thu May 21 12:59:25 2026
#  Design:            gpu
#  Command:           report_ccopt_skew_groups -file ./reports/clock_opt/ccopt_skew_groups.rpt
###############################################################

Skew Group Structure:
=====================

--------------------------------------------------------------------
Skew Group       Sources    Constrained Sinks    Unconstrained Sinks
--------------------------------------------------------------------
clk/func_mode       1             1827                    0
--------------------------------------------------------------------

Skew Group Summary:
===================

----------------------------------------------------------------------------------------------------------------------------------------------------------------------
Timing Corner             Skew Group       ID Target    Min ID    Max ID    Avg ID    Std.Dev. ID    Skew Target Type    Skew Target    Skew     Skew window occupancy
----------------------------------------------------------------------------------------------------------------------------------------------------------------------
slow_delay:setup.early    clk/func_mode        -        0.466     0.492     0.476        0.006       explicit             0.500         0.026    100% {0.466, 0.492}
slow_delay:setup.late     clk/func_mode    *2.000       1.854     1.955     1.884        0.027       explicit             0.250         0.100    100% {1.854, 1.955}
fast_delay:hold.early     clk/func_mode        -        1.853     1.952     1.882        0.026       explicit             0.500         0.099    100% {1.853, 1.952}
fast_delay:hold.late      clk/func_mode        -        0.468     0.494     0.478        0.006       explicit             0.500         0.026    100% {0.468, 0.494}
----------------------------------------------------------------------------------------------------------------------------------------------------------------------

* - indicates that target was not met.

Skew Group Min/Max path pins:
=============================

----------------------------------------------------------------------------------
Timing Corner             Skew Group       Min ID    PathID    Max ID    PathID
----------------------------------------------------------------------------------
slow_delay:setup.early    clk/func_mode    0.466       1       0.492       2
-    min cores[1].core_instance_threads[3].lsu_instance_mem_write_data_reg[1]/CK
-    max cores[0].core_instance_threads[3].register_instance_rt_reg[3]/CK
slow_delay:setup.late     clk/func_mode    1.854       3       1.955       4
-    min cores[1].core_instance_threads[0].register_instance_regfile_reg[0][7]/CK
-    max cores[0].core_instance_threads[2].register_instance_regfile_reg[11][4]/CK
fast_delay:hold.early     clk/func_mode    1.853       5       1.952       6
-    min cores[1].core_instance_threads[0].register_instance_regfile_reg[12][4]/CK
-    max cores[0].core_instance_threads[2].register_instance_regfile_reg[11][4]/CK
fast_delay:hold.late      clk/func_mode    0.468       7       0.494       8
-    min cores[1].core_instance_threads[3].lsu_instance_mem_write_data_reg[1]/CK
-    max cores[0].core_instance_threads[1].register_instance_regfile_reg[10][2]/CK
----------------------------------------------------------------------------------

Timing for timing corner slow_delay:setup.early, min clock_path:
================================================================

PathID    : 1
Path type : skew group clk/func_mode (path 1 of 1)
Start     : clk
End       : cores[1].core_instance_threads[3].lsu_instance_mem_write_data_reg[1]/CK
Delay     : 0.466

------------------------------------------------------------------------------------------------
Name  Lib cell  Event  Incr   Arrival  Slew   Cap    Location           Distance  Fanout  Status
                       (ns)   (ns)     (ns)   (pF)                      (um)              
-- Clockpath trace -----------------------------------------------------------------------------
clk
-     -         rise   -       0.000   0.004  0.013  (120.900,237.310)  -            1    
CTS_cdb_buf_00106/A
-     CLKBUFX2  rise   0.002   0.002   0.005  -      (149.765,170.185)   95.990   -       
CTS_cdb_buf_00106/Y
-     CLKBUFX2  rise   0.048   0.050   0.059  0.016  (149.410,169.715)    0.825      1    
CTS_cdb_buf_00107/A
-     CLKBUFX2  rise   0.003   0.054   0.059  -      (216.565,221.485)  118.925   -       
CTS_cdb_buf_00107/Y
-     CLKBUFX2  rise   0.063   0.117   0.073  0.020  (216.210,221.015)    0.825      1    
CTS_cdb_buf_00108/A
-     CLKBUFX2  rise   0.005   0.122   0.074  -      (129.765,163.345)  144.115   -       
CTS_cdb_buf_00108/Y
-     CLKBUFX2  rise   0.059   0.181   0.058  0.015  (129.410,162.875)    0.825      1    
CTS_cdb_buf_00109/A
-     CLKBUFX2  rise   0.003   0.184   0.058  -      (183.165,221.485)  112.365   -       
CTS_cdb_buf_00109/Y
-     CLKBUFX2  rise   0.057   0.241   0.057  0.015  (182.810,221.015)    0.825      1    
CTS_cdb_buf_00110/A
-     CLKBUFX2  rise   0.003   0.244   0.058  -      (189.765,116.715)  111.255   -       
CTS_cdb_buf_00110/Y
-     CLKBUFX2  rise   0.046   0.291   0.039  0.010  (189.410,117.185)    0.825      1    
CTS_cdb_buf_00105/A
-     CLKBUFX3  rise   0.002   0.292   0.039  -      (122.500,113.525)   70.570   -       
CTS_cdb_buf_00105/Y
-     CLKBUFX3  rise   0.060   0.352   0.072  0.029  (122.285,112.940)    0.800      5    
CTS_ccl_a_buf_00097/A
-     CLKBUFX6  rise   0.001   0.353   0.072  -      (109.700,103.455)   22.070   -       
CTS_ccl_a_buf_00097/Y
-     CLKBUFX6  rise   0.054   0.407   0.057  0.040  (109.150,103.465)    0.560     19    
CTS_ccl_a_buf_00040/A
-     CLKBUFX2  rise   0.003   0.410   0.058  -      (94.365,103.035)    15.215   -       
CTS_ccl_a_buf_00040/Y
-     CLKBUFX2  rise   0.056   0.465   0.055  0.014  (94.010,103.505)     0.825     20    
cores[1].core_instance_threads[3].lsu_instance_mem_write_data_reg[1]/CK
-     DFFHQX1   rise   0.000   0.466   0.055  -      (90.875,101.810)     4.830   -       
------------------------------------------------------------------------------------------------

Timing for timing corner slow_delay:setup.early, max clock_path:
================================================================

PathID    : 2
Path type : skew group clk/func_mode (path 1 of 1)
Start     : clk
End       : cores[0].core_instance_threads[3].register_instance_rs_reg[1]/CK
Delay     : 0.492

------------------------------------------------------------------------------------------------
Name  Lib cell  Event  Incr   Arrival  Slew   Cap    Location           Distance  Fanout  Status
                       (ns)   (ns)     (ns)   (pF)                      (um)              
-- Clockpath trace -----------------------------------------------------------------------------
clk
-     -         rise   -       0.000   0.004  0.013  (120.900,237.310)  -            1    
CTS_cdb_buf_00106/A
-     CLKBUFX2  rise   0.002   0.002   0.005  -      (149.765,170.185)   95.990   -       
CTS_cdb_buf_00106/Y
-     CLKBUFX2  rise   0.048   0.050   0.059  0.016  (149.410,169.715)    0.825      1    
CTS_cdb_buf_00107/A
-     CLKBUFX2  rise   0.003   0.054   0.059  -      (216.565,221.485)  118.925   -       
CTS_cdb_buf_00107/Y
-     CLKBUFX2  rise   0.063   0.117   0.073  0.020  (216.210,221.015)    0.825      1    
CTS_cdb_buf_00108/A
-     CLKBUFX2  rise   0.005   0.122   0.074  -      (129.765,163.345)  144.115   -       
CTS_cdb_buf_00108/Y
-     CLKBUFX2  rise   0.059   0.181   0.058  0.015  (129.410,162.875)    0.825      1    
CTS_cdb_buf_00109/A
-     CLKBUFX2  rise   0.003   0.184   0.058  -      (183.165,221.485)  112.365   -       
CTS_cdb_buf_00109/Y
-     CLKBUFX2  rise   0.057   0.241   0.057  0.015  (182.810,221.015)    0.825      1    
CTS_cdb_buf_00110/A
-     CLKBUFX2  rise   0.003   0.244   0.058  -      (189.765,116.715)  111.255   -       
CTS_cdb_buf_00110/Y
-     CLKBUFX2  rise   0.046   0.291   0.039  0.010  (189.410,117.185)    0.825      1    
CTS_cdb_buf_00105/A
-     CLKBUFX3  rise   0.002   0.292   0.039  -      (122.500,113.525)   70.570   -       
CTS_cdb_buf_00105/Y
-     CLKBUFX3  rise   0.060   0.352   0.072  0.029  (122.285,112.940)    0.800      5    
CTS_ccl_a_buf_00093/A
-     CLKBUFX3  rise   0.003   0.355   0.072  -      (122.300,202.445)   89.520   -       
CTS_ccl_a_buf_00093/Y
-     CLKBUFX3  rise   0.066   0.421   0.077  0.030  (122.085,201.860)    0.800     15    
CTS_ccl_a_buf_00013/A
-     CLKBUFX2  rise   0.007   0.428   0.077  -      (183.365,188.535)   74.605   -       
CTS_ccl_a_buf_00013/Y
-     CLKBUFX2  rise   0.064   0.491   0.063  0.016  (183.010,189.005)    0.825     19    
cores[0].core_instance_threads[3].register_instance_rs_reg[1]/CK
-     DFFX1     rise   0.001   0.492   0.063  -      (180.685,180.260)   11.070   -       
------------------------------------------------------------------------------------------------

Timing for timing corner slow_delay:setup.late, min clock_path:
===============================================================

PathID    : 3
Path type : skew group clk/func_mode (path 1 of 1)
Start     : clk
End       : cores[1].core_instance_threads[0].register_instance_regfile_reg[0][7]/CK
Delay     : 1.854

------------------------------------------------------------------------------------------------
Name  Lib cell  Event  Incr   Arrival  Slew   Cap    Location           Distance  Fanout  Status
                       (ns)   (ns)     (ns)   (pF)                      (um)              
-- Clockpath trace -----------------------------------------------------------------------------
clk
-     -         rise   -       0.000   0.004  0.013  (120.900,237.310)  -            1    
CTS_cdb_buf_00106/A
-     CLKBUFX2  rise   0.002   0.002   0.005  -      (149.765,170.185)   95.990   -       
CTS_cdb_buf_00106/Y
-     CLKBUFX2  rise   0.159   0.162   0.178  0.016  (149.410,169.715)    0.825      1    
CTS_cdb_buf_00107/A
-     CLKBUFX2  rise   0.003   0.165   0.178  -      (216.565,221.485)  118.925   -       
CTS_cdb_buf_00107/Y
-     CLKBUFX2  rise   0.269   0.434   0.220  0.020  (216.210,221.015)    0.825      1    
CTS_cdb_buf_00108/A
-     CLKBUFX2  rise   0.005   0.439   0.220  -      (129.765,163.345)  144.115   -       
CTS_cdb_buf_00108/Y
-     CLKBUFX2  rise   0.270   0.709   0.176  0.015  (129.410,162.875)    0.825      1    
CTS_cdb_buf_00109/A
-     CLKBUFX2  rise   0.003   0.712   0.176  -      (183.165,221.485)  112.365   -       
CTS_cdb_buf_00109/Y
-     CLKBUFX2  rise   0.247   0.959   0.175  0.015  (182.810,221.015)    0.825      1    
CTS_cdb_buf_00110/A
-     CLKBUFX2  rise   0.003   0.962   0.175  -      (189.765,116.715)  111.255   -       
CTS_cdb_buf_00110/Y
-     CLKBUFX2  rise   0.213   1.176   0.119  0.010  (189.410,117.185)    0.825      1    
CTS_cdb_buf_00105/A
-     CLKBUFX3  rise   0.002   1.177   0.119  -      (122.500,113.525)   70.570   -       
CTS_cdb_buf_00105/Y
-     CLKBUFX3  rise   0.222   1.399   0.210  0.029  (122.285,112.940)    0.800      5    
CTS_ccl_a_buf_00095/A
-     CLKBUFX6  rise   0.002   1.401   0.210  -      (126.300,63.745)    53.210   -       
CTS_ccl_a_buf_00095/Y
-     CLKBUFX6  rise   0.229   1.630   0.150  0.039  (125.750,63.735)     0.560     18    
CTS_ccl_a_buf_00069/A
-     CLKBUFX2  rise   0.005   1.634   0.150  -      (182.565,26.545)    94.005   -       
CTS_ccl_a_buf_00069/Y
-     CLKBUFX2  rise   0.220   1.854   0.153  0.013  (182.210,26.075)     0.825     20    
cores[1].core_instance_threads[0].register_instance_regfile_reg[0][7]/CK
-     DFFHQX1   rise   0.000   1.854   0.153  -      (177.275,23.150)     7.860   -       
------------------------------------------------------------------------------------------------

Timing for timing corner slow_delay:setup.late, max clock_path:
===============================================================

PathID    : 4
Path type : skew group clk/func_mode (path 1 of 1)
Start     : clk
End       : cores[0].core_instance_threads[2].register_instance_regfile_reg[10][4]/CK
Delay     : 1.955

------------------------------------------------------------------------------------------------
Name  Lib cell  Event  Incr   Arrival  Slew   Cap    Location           Distance  Fanout  Status
                       (ns)   (ns)     (ns)   (pF)                      (um)              
-- Clockpath trace -----------------------------------------------------------------------------
clk
-     -         rise   -       0.000   0.004  0.013  (120.900,237.310)  -            1    
CTS_cdb_buf_00106/A
-     CLKBUFX2  rise   0.002   0.002   0.005  -      (149.765,170.185)   95.990   -       
CTS_cdb_buf_00106/Y
-     CLKBUFX2  rise   0.159   0.162   0.178  0.016  (149.410,169.715)    0.825      1    
CTS_cdb_buf_00107/A
-     CLKBUFX2  rise   0.003   0.165   0.178  -      (216.565,221.485)  118.925   -       
CTS_cdb_buf_00107/Y
-     CLKBUFX2  rise   0.269   0.434   0.220  0.020  (216.210,221.015)    0.825      1    
CTS_cdb_buf_00108/A
-     CLKBUFX2  rise   0.005   0.439   0.220  -      (129.765,163.345)  144.115   -       
CTS_cdb_buf_00108/Y
-     CLKBUFX2  rise   0.270   0.709   0.176  0.015  (129.410,162.875)    0.825      1    
CTS_cdb_buf_00109/A
-     CLKBUFX2  rise   0.003   0.712   0.176  -      (183.165,221.485)  112.365   -       
CTS_cdb_buf_00109/Y
-     CLKBUFX2  rise   0.247   0.959   0.175  0.015  (182.810,221.015)    0.825      1    
CTS_cdb_buf_00110/A
-     CLKBUFX2  rise   0.003   0.962   0.175  -      (189.765,116.715)  111.255   -       
CTS_cdb_buf_00110/Y
-     CLKBUFX2  rise   0.213   1.176   0.119  0.010  (189.410,117.185)    0.825      1    
CTS_cdb_buf_00105/A
-     CLKBUFX3  rise   0.002   1.177   0.119  -      (122.500,113.525)   70.570   -       
CTS_cdb_buf_00105/Y
-     CLKBUFX3  rise   0.222   1.399   0.210  0.029  (122.285,112.940)    0.800      5    
CTS_ccl_a_buf_00093/A
-     CLKBUFX3  rise   0.003   1.403   0.210  -      (122.300,202.445)   89.520   -       
CTS_ccl_a_buf_00093/Y
-     CLKBUFX3  rise   0.269   1.671   0.218  0.030  (122.085,201.860)    0.800     15    
CTS_ccl_a_buf_00018/A
-     CLKBUFX2  rise   0.001   1.672   0.218  -      (121.565,188.535)   13.845   -       
CTS_ccl_a_buf_00018/Y
-     CLKBUFX2  rise   0.281   1.953   0.201  0.018  (121.210,189.005)    0.825     20    
cores[0].core_instance_threads[2].register_instance_regfile_reg[10][4]/CK
-     DFFHQX1   rise   0.001   1.955   0.201  -      (101.675,181.670)   26.870   -       
------------------------------------------------------------------------------------------------

Timing for timing corner fast_delay:hold.early, min clock_path:
===============================================================

PathID    : 5
Path type : skew group clk/func_mode (path 1 of 1)
Start     : clk
End       : cores[1].core_instance_threads[0].register_instance_regfile_reg[12][4]/CK
Delay     : 1.853

------------------------------------------------------------------------------------------------
Name  Lib cell  Event  Incr   Arrival  Slew   Cap    Location           Distance  Fanout  Status
                       (ns)   (ns)     (ns)   (pF)                      (um)              
-- Clockpath trace -----------------------------------------------------------------------------
clk
-     -         rise   -       0.000   0.004  0.013  (120.900,237.310)  -            1    
CTS_cdb_buf_00106/A
-     CLKBUFX2  rise   0.002   0.002   0.005  -      (149.765,170.185)   95.990   -       
CTS_cdb_buf_00106/Y
-     CLKBUFX2  rise   0.159   0.162   0.178  0.016  (149.410,169.715)    0.825      1    
CTS_cdb_buf_00107/A
-     CLKBUFX2  rise   0.003   0.165   0.178  -      (216.565,221.485)  118.925   -       
CTS_cdb_buf_00107/Y
-     CLKBUFX2  rise   0.269   0.434   0.220  0.020  (216.210,221.015)    0.825      1    
CTS_cdb_buf_00108/A
-     CLKBUFX2  rise   0.005   0.439   0.220  -      (129.765,163.345)  144.115   -       
CTS_cdb_buf_00108/Y
-     CLKBUFX2  rise   0.270   0.709   0.175  0.015  (129.410,162.875)    0.825      1    
CTS_cdb_buf_00109/A
-     CLKBUFX2  rise   0.003   0.712   0.176  -      (183.165,221.485)  112.365   -       
CTS_cdb_buf_00109/Y
-     CLKBUFX2  rise   0.247   0.959   0.175  0.015  (182.810,221.015)    0.825      1    
CTS_cdb_buf_00110/A
-     CLKBUFX2  rise   0.003   0.962   0.175  -      (189.765,116.715)  111.255   -       
CTS_cdb_buf_00110/Y
-     CLKBUFX2  rise   0.213   1.176   0.118  0.010  (189.410,117.185)    0.825      1    
CTS_cdb_buf_00105/A
-     CLKBUFX3  rise   0.002   1.177   0.118  -      (122.500,113.525)   70.570   -       
CTS_cdb_buf_00105/Y
-     CLKBUFX3  rise   0.222   1.399   0.209  0.030  (122.285,112.940)    0.800      5    
CTS_ccl_a_buf_00095/A
-     CLKBUFX6  rise   0.002   1.401   0.209  -      (126.300,63.745)    53.210   -       
CTS_ccl_a_buf_00095/Y
-     CLKBUFX6  rise   0.228   1.629   0.150  0.040  (125.750,63.735)     0.560     18    
CTS_ccl_a_buf_00069/A
-     CLKBUFX2  rise   0.005   1.634   0.150  -      (182.565,26.545)    94.005   -       
CTS_ccl_a_buf_00069/Y
-     CLKBUFX2  rise   0.219   1.853   0.152  0.015  (182.210,26.075)     0.825     20    
cores[1].core_instance_threads[0].register_instance_regfile_reg[12][4]/CK
-     DFFHQX1   rise   0.000   1.853   0.152  -      (174.275,17.510)    16.500   -       
------------------------------------------------------------------------------------------------

Timing for timing corner fast_delay:hold.early, max clock_path:
===============================================================

PathID    : 6
Path type : skew group clk/func_mode (path 1 of 1)
Start     : clk
End       : cores[0].core_instance_threads[2].register_instance_regfile_reg[10][2]/CK
Delay     : 1.952

------------------------------------------------------------------------------------------------
Name  Lib cell  Event  Incr   Arrival  Slew   Cap    Location           Distance  Fanout  Status
                       (ns)   (ns)     (ns)   (pF)                      (um)              
-- Clockpath trace -----------------------------------------------------------------------------
clk
-     -         rise   -       0.000   0.004  0.013  (120.900,237.310)  -            1    
CTS_cdb_buf_00106/A
-     CLKBUFX2  rise   0.002   0.002   0.005  -      (149.765,170.185)   95.990   -       
CTS_cdb_buf_00106/Y
-     CLKBUFX2  rise   0.159   0.162   0.178  0.016  (149.410,169.715)    0.825      1    
CTS_cdb_buf_00107/A
-     CLKBUFX2  rise   0.003   0.165   0.178  -      (216.565,221.485)  118.925   -       
CTS_cdb_buf_00107/Y
-     CLKBUFX2  rise   0.269   0.434   0.220  0.020  (216.210,221.015)    0.825      1    
CTS_cdb_buf_00108/A
-     CLKBUFX2  rise   0.005   0.439   0.220  -      (129.765,163.345)  144.115   -       
CTS_cdb_buf_00108/Y
-     CLKBUFX2  rise   0.270   0.709   0.175  0.015  (129.410,162.875)    0.825      1    
CTS_cdb_buf_00109/A
-     CLKBUFX2  rise   0.003   0.712   0.176  -      (183.165,221.485)  112.365   -       
CTS_cdb_buf_00109/Y
-     CLKBUFX2  rise   0.247   0.959   0.175  0.015  (182.810,221.015)    0.825      1    
CTS_cdb_buf_00110/A
-     CLKBUFX2  rise   0.003   0.962   0.175  -      (189.765,116.715)  111.255   -       
CTS_cdb_buf_00110/Y
-     CLKBUFX2  rise   0.213   1.176   0.118  0.010  (189.410,117.185)    0.825      1    
CTS_cdb_buf_00105/A
-     CLKBUFX3  rise   0.002   1.177   0.118  -      (122.500,113.525)   70.570   -       
CTS_cdb_buf_00105/Y
-     CLKBUFX3  rise   0.222   1.399   0.209  0.030  (122.285,112.940)    0.800      5    
CTS_ccl_a_buf_00093/A
-     CLKBUFX3  rise   0.003   1.403   0.209  -      (122.300,202.445)   89.520   -       
CTS_ccl_a_buf_00093/Y
-     CLKBUFX3  rise   0.268   1.670   0.217  0.031  (122.085,201.860)    0.800     15    
CTS_ccl_a_buf_00018/A
-     CLKBUFX2  rise   0.001   1.671   0.217  -      (121.565,188.535)   13.845   -       
CTS_ccl_a_buf_00018/Y
-     CLKBUFX2  rise   0.280   1.952   0.200  0.019  (121.210,189.005)    0.825     20    
cores[0].core_instance_threads[2].register_instance_regfile_reg[10][2]/CK
-     DFFHQX1   rise   0.001   1.952   0.200  -      (104.875,181.670)   23.670   -       
------------------------------------------------------------------------------------------------

Timing for timing corner fast_delay:hold.late, min clock_path:
==============================================================

PathID    : 7
Path type : skew group clk/func_mode (path 1 of 1)
Start     : clk
End       : cores[1].core_instance_threads[3].lsu_instance_mem_write_data_reg[1]/CK
Delay     : 0.468

------------------------------------------------------------------------------------------------
Name  Lib cell  Event  Incr   Arrival  Slew   Cap    Location           Distance  Fanout  Status
                       (ns)   (ns)     (ns)   (pF)                      (um)              
-- Clockpath trace -----------------------------------------------------------------------------
clk
-     -         rise   -       0.000   0.004  0.013  (120.900,237.310)  -            1    
CTS_cdb_buf_00106/A
-     CLKBUFX2  rise   0.002   0.002   0.005  -      (149.765,170.185)   95.990   -       
CTS_cdb_buf_00106/Y
-     CLKBUFX2  rise   0.048   0.050   0.059  0.016  (149.410,169.715)    0.825      1    
CTS_cdb_buf_00107/A
-     CLKBUFX2  rise   0.003   0.054   0.059  -      (216.565,221.485)  118.925   -       
CTS_cdb_buf_00107/Y
-     CLKBUFX2  rise   0.063   0.117   0.073  0.020  (216.210,221.015)    0.825      1    
CTS_cdb_buf_00108/A
-     CLKBUFX2  rise   0.005   0.122   0.074  -      (129.765,163.345)  144.115   -       
CTS_cdb_buf_00108/Y
-     CLKBUFX2  rise   0.059   0.181   0.058  0.015  (129.410,162.875)    0.825      1    
CTS_cdb_buf_00109/A
-     CLKBUFX2  rise   0.003   0.185   0.058  -      (183.165,221.485)  112.365   -       
CTS_cdb_buf_00109/Y
-     CLKBUFX2  rise   0.057   0.241   0.058  0.015  (182.810,221.015)    0.825      1    
CTS_cdb_buf_00110/A
-     CLKBUFX2  rise   0.003   0.245   0.058  -      (189.765,116.715)  111.255   -       
CTS_cdb_buf_00110/Y
-     CLKBUFX2  rise   0.046   0.291   0.039  0.010  (189.410,117.185)    0.825      1    
CTS_cdb_buf_00105/A
-     CLKBUFX3  rise   0.002   0.292   0.039  -      (122.500,113.525)   70.570   -       
CTS_cdb_buf_00105/Y
-     CLKBUFX3  rise   0.060   0.353   0.073  0.030  (122.285,112.940)    0.800      5    
CTS_ccl_a_buf_00097/A
-     CLKBUFX6  rise   0.001   0.354   0.073  -      (109.700,103.455)   22.070   -       
CTS_ccl_a_buf_00097/Y
-     CLKBUFX6  rise   0.054   0.408   0.058  0.041  (109.150,103.465)    0.560     19    
CTS_ccl_a_buf_00040/A
-     CLKBUFX2  rise   0.003   0.411   0.059  -      (94.365,103.035)    15.215   -       
CTS_ccl_a_buf_00040/Y
-     CLKBUFX2  rise   0.057   0.467   0.056  0.015  (94.010,103.505)     0.825     20    
cores[1].core_instance_threads[3].lsu_instance_mem_write_data_reg[1]/CK
-     DFFHQX1   rise   0.000   0.468   0.056  -      (90.875,101.810)     4.830   -       
------------------------------------------------------------------------------------------------

Timing for timing corner fast_delay:hold.late, max clock_path:
==============================================================

PathID    : 8
Path type : skew group clk/func_mode (path 1 of 1)
Start     : clk
End       : cores[0].core_instance_threads[1].register_instance_regfile_reg[8][0]/CK
Delay     : 0.494

------------------------------------------------------------------------------------------------
Name  Lib cell  Event  Incr   Arrival  Slew   Cap    Location           Distance  Fanout  Status
                       (ns)   (ns)     (ns)   (pF)                      (um)              
-- Clockpath trace -----------------------------------------------------------------------------
clk
-     -         rise   -       0.000   0.004  0.013  (120.900,237.310)  -            1    
CTS_cdb_buf_00106/A
-     CLKBUFX2  rise   0.002   0.002   0.005  -      (149.765,170.185)   95.990   -       
CTS_cdb_buf_00106/Y
-     CLKBUFX2  rise   0.048   0.050   0.059  0.016  (149.410,169.715)    0.825      1    
CTS_cdb_buf_00107/A
-     CLKBUFX2  rise   0.003   0.054   0.059  -      (216.565,221.485)  118.925   -       
CTS_cdb_buf_00107/Y
-     CLKBUFX2  rise   0.063   0.117   0.073  0.020  (216.210,221.015)    0.825      1    
CTS_cdb_buf_00108/A
-     CLKBUFX2  rise   0.005   0.122   0.074  -      (129.765,163.345)  144.115   -       
CTS_cdb_buf_00108/Y
-     CLKBUFX2  rise   0.059   0.181   0.058  0.015  (129.410,162.875)    0.825      1    
CTS_cdb_buf_00109/A
-     CLKBUFX2  rise   0.003   0.185   0.058  -      (183.165,221.485)  112.365   -       
CTS_cdb_buf_00109/Y
-     CLKBUFX2  rise   0.057   0.241   0.058  0.015  (182.810,221.015)    0.825      1    
CTS_cdb_buf_00110/A
-     CLKBUFX2  rise   0.003   0.245   0.058  -      (189.765,116.715)  111.255   -       
CTS_cdb_buf_00110/Y
-     CLKBUFX2  rise   0.046   0.291   0.039  0.010  (189.410,117.185)    0.825      1    
CTS_cdb_buf_00105/A
-     CLKBUFX3  rise   0.002   0.292   0.039  -      (122.500,113.525)   70.570   -       
CTS_cdb_buf_00105/Y
-     CLKBUFX3  rise   0.060   0.353   0.073  0.030  (122.285,112.940)    0.800      5    
CTS_ccl_a_buf_00093/A
-     CLKBUFX3  rise   0.003   0.356   0.073  -      (122.300,202.445)   89.520   -       
CTS_ccl_a_buf_00093/Y
-     CLKBUFX3  rise   0.066   0.422   0.077  0.031  (122.085,201.860)    0.800     15    
CTS_ccl_a_buf_00025/A
-     CLKBUFX2  rise   0.006   0.428   0.078  -      (172.365,219.315)   67.735   -       
CTS_ccl_a_buf_00025/Y
-     CLKBUFX2  rise   0.065   0.493   0.065  0.018  (172.010,219.785)    0.825     20    
cores[0].core_instance_threads[1].register_instance_regfile_reg[8][0]/CK
-     DFFHQX1   rise   0.001   0.494   0.065  -      (162.475,207.830)   21.490   -       
------------------------------------------------------------------------------------------------

