###############################################################
#  Generated by:      Cadence Innovus 21.18-s099_1
#  OS:                Linux x86_64(Host ID vlsi)
#  Generated on:      Thu May 21 12:59:25 2026
#  Design:            gpu
#  Command:           report_ccopt_skew_groups -summary -file ./reports/clock_opt/skew.rpt
###############################################################

Skew Group Structure:
=====================

--------------------------------------------------------------------
Skew Group       Sources    Constrained Sinks    Unconstrained Sinks
--------------------------------------------------------------------
clk/func_mode       1             1827                    0
--------------------------------------------------------------------

Skew Group Summary:
===================

----------------------------------------------------------------------------------------------------------------------------------------------------------------------
Timing Corner             Skew Group       ID Target    Min ID    Max ID    Avg ID    Std.Dev. ID    Skew Target Type    Skew Target    Skew     Skew window occupancy
----------------------------------------------------------------------------------------------------------------------------------------------------------------------
slow_delay:setup.early    clk/func_mode        -        0.466     0.492     0.476        0.006       explicit             0.500         0.026    100% {0.466, 0.492}
slow_delay:setup.late     clk/func_mode    *2.000       1.854     1.955     1.884        0.027       explicit             0.250         0.100    100% {1.854, 1.955}
fast_delay:hold.early     clk/func_mode        -        1.853     1.952     1.882        0.026       explicit             0.500         0.099    100% {1.853, 1.952}
fast_delay:hold.late      clk/func_mode        -        0.468     0.494     0.478        0.006       explicit             0.500         0.026    100% {0.468, 0.494}
----------------------------------------------------------------------------------------------------------------------------------------------------------------------

* - indicates that target was not met.

Skew Group Min/Max path pins:
=============================

----------------------------------------------------------------------------------
Timing Corner             Skew Group       Min ID    PathID    Max ID    PathID
----------------------------------------------------------------------------------
slow_delay:setup.early    clk/func_mode    0.466       -       0.492       -
-    min cores[1].core_instance_threads[3].lsu_instance_mem_write_data_reg[1]/CK
-    max cores[0].core_instance_threads[3].register_instance_rt_reg[3]/CK
slow_delay:setup.late     clk/func_mode    1.854       -       1.955       -
-    min cores[1].core_instance_threads[0].register_instance_regfile_reg[0][7]/CK
-    max cores[0].core_instance_threads[2].register_instance_regfile_reg[11][4]/CK
fast_delay:hold.early     clk/func_mode    1.853       -       1.952       -
-    min cores[1].core_instance_threads[0].register_instance_regfile_reg[12][4]/CK
-    max cores[0].core_instance_threads[2].register_instance_regfile_reg[11][4]/CK
fast_delay:hold.late      clk/func_mode    0.468       -       0.494       -
-    min cores[1].core_instance_threads[3].lsu_instance_mem_write_data_reg[1]/CK
-    max cores[0].core_instance_threads[1].register_instance_regfile_reg[10][2]/CK
----------------------------------------------------------------------------------

