###############################################################
#  Generated by:      Cadence Innovus 21.18-s099_1
#  OS:                Linux x86_64(Host ID vlsi)
#  Generated on:      Mon May 25 02:18:08 2026
#  Design:            gpu
#  Command:           report_ccopt_skew_groups -file ./reports/clock_opt/ccopt_skew_groups.rpt
###############################################################

Skew Group Structure:
=====================

--------------------------------------------------------------------
Skew Group       Sources    Constrained Sinks    Unconstrained Sinks
--------------------------------------------------------------------
clk/func_mode       1             1827                    0
--------------------------------------------------------------------

Skew Group Summary:
===================

----------------------------------------------------------------------------------------------------------------------------------------------------------------------
Timing Corner             Skew Group       ID Target    Min ID    Max ID    Avg ID    Std.Dev. ID    Skew Target Type    Skew Target    Skew     Skew window occupancy
----------------------------------------------------------------------------------------------------------------------------------------------------------------------
slow_delay:setup.early    clk/func_mode        -        0.454     0.477     0.465        0.005       explicit             0.500         0.023    100% {0.454, 0.477}
slow_delay:setup.late     clk/func_mode    *2.000       1.802     1.875     1.843        0.016       explicit             0.250         0.073    100% {1.802, 1.875}
fast_delay:hold.early     clk/func_mode        -        1.801     1.874     1.842        0.016       explicit             0.500         0.073    100% {1.801, 1.874}
fast_delay:hold.late      clk/func_mode        -        0.456     0.479     0.466        0.005       explicit             0.500         0.023    100% {0.456, 0.479}
----------------------------------------------------------------------------------------------------------------------------------------------------------------------

* - indicates that target was not met.

Skew Group Min/Max path pins:
=============================

-------------------------------------------------------------------------------
Timing Corner             Skew Group       Min ID    PathID    Max ID    PathID
-------------------------------------------------------------------------------
slow_delay:setup.early    clk/func_mode    0.454       1       0.477       2
-    min data_memory_controller_mem_write_valid_reg[2]/CK
-    max data_memory_controller_mem_read_address_reg[8]/CK
slow_delay:setup.late     clk/func_mode    1.802       3       1.875       4
-    min cores[1].core_instance_threads[0].alu_instance_alu_out_reg[7]/CK
-    max data_memory_controller_mem_read_address_reg[8]/CK
fast_delay:hold.early     clk/func_mode    1.801       5       1.874       6
-    min cores[1].core_instance_threads[0].alu_instance_alu_out_reg[7]/CK
-    max data_memory_controller_mem_read_address_reg[9]/CK
fast_delay:hold.late      clk/func_mode    0.456       7       0.479       8
-    min data_memory_controller_mem_write_valid_reg[2]/CK
-    max data_memory_controller_mem_read_address_reg[9]/CK
-------------------------------------------------------------------------------

Timing for timing corner slow_delay:setup.early, min clock_path:
================================================================

PathID    : 1
Path type : skew group clk/func_mode (path 1 of 1)
Start     : clk
End       : data_memory_controller_mem_write_valid_reg[2]/CK
Delay     : 0.454

------------------------------------------------------------------------------------------------
Name  Lib cell  Event  Incr   Arrival  Slew   Cap    Location           Distance  Fanout  Status
                       (ns)   (ns)     (ns)   (pF)                      (um)              
-- Clockpath trace -----------------------------------------------------------------------------
clk
-     -         rise   -       0.000   0.004  0.048  (120.900,237.310)  -            7    
CTS_cdb_buf_00130/A
-     BUFX2     rise   0.001   0.001   0.005  -      (113.700,224.675)   19.835   -       
CTS_cdb_buf_00130/Y
-     BUFX2     rise   0.037   0.038   0.037  0.010  (113.335,225.140)    0.830      1    
CTS_cdb_buf_00131/A
-     BUFX2     rise   0.001   0.039   0.037  -      (189.300,224.675)   76.430   -       
CTS_cdb_buf_00131/Y
-     BUFX2     rise   0.050   0.090   0.054  0.014  (188.935,225.140)    0.830      1    
CTS_cdb_buf_00132/A
-     BUFX2     rise   0.003   0.093   0.054  -      (120.700,190.475)  102.900   -       
CTS_cdb_buf_00132/Y
-     BUFX2     rise   0.047   0.140   0.041  0.011  (120.335,190.940)    0.830      1    
CTS_cdb_buf_00133/A
-     BUFX2     rise   0.002   0.141   0.041  -      (165.700,221.255)   75.680   -       
CTS_cdb_buf_00133/Y
-     BUFX2     rise   0.046   0.188   0.044  0.012  (165.335,221.720)    0.830      1    
CTS_cdb_buf_00134/A
-     BUFX2     rise   0.002   0.190   0.044  -      (109.700,190.475)   86.880   -       
CTS_cdb_buf_00134/Y
-     BUFX2     rise   0.048   0.238   0.046  0.012  (109.335,190.940)    0.830      1    
CTS_cdb_buf_00135/A
-     BUFX2     rise   0.002   0.240   0.046  -      (167.100,221.255)   88.080   -       
CTS_cdb_buf_00135/Y
-     BUFX2     rise   0.053   0.293   0.056  0.015  (166.735,221.720)    0.830      1    
CTS_cdb_buf_00136/A
-     BUFX2     rise   0.003   0.296   0.056  -      (114.700,163.115)  110.640   -       
CTS_cdb_buf_00136/Y
-     BUFX2     rise   0.043   0.339   0.032  0.008  (114.335,163.580)    0.830      1    
CTS_ccl_a_buf_00096/A
-     CLKBUFX4  rise   0.001   0.340   0.032  -      (109.630,216.120)   57.245   -       
CTS_ccl_a_buf_00096/Y
-     CLKBUFX4  rise   0.056   0.395   0.067  0.033  (109.360,216.500)    0.650     12    
CTS_ccl_a_buf_00055/A
-     BUFX2     rise   0.001   0.396   0.067  -      (106.300,221.255)    7.815   -       
CTS_ccl_a_buf_00055/Y
-     BUFX2     rise   0.058   0.454   0.056  0.014  (105.935,221.720)    0.830     20    
data_memory_controller_mem_write_valid_reg[2]/CK
-     DFFHQX1   rise   0.000   0.454   0.056  -      (106.675,218.090)    4.370   -       
------------------------------------------------------------------------------------------------

Timing for timing corner slow_delay:setup.early, max clock_path:
================================================================

PathID    : 2
Path type : skew group clk/func_mode (path 1 of 1)
Start     : clk
End       : data_memory_controller_mem_read_address_reg[7]/CK
Delay     : 0.477

------------------------------------------------------------------------------------------------
Name  Lib cell  Event  Incr   Arrival  Slew   Cap    Location           Distance  Fanout  Status
                       (ns)   (ns)     (ns)   (pF)                      (um)              
-- Clockpath trace -----------------------------------------------------------------------------
clk
-     -         rise   -       0.000   0.004  0.048  (120.900,237.310)  -            7    
CTS_cdb_buf_00124/A
-     BUFX2     rise   0.010   0.010   0.018  -      (123.300,67.355)   172.355   -       
CTS_cdb_buf_00124/Y
-     BUFX2     rise   0.045   0.054   0.048  0.013  (122.935,67.820)     0.830      1    
CTS_cdb_buf_00125/A
-     BUFX2     rise   0.002   0.056   0.048  -      (89.700,125.495)    90.910   -       
CTS_cdb_buf_00125/Y
-     BUFX2     rise   0.056   0.112   0.060  0.016  (89.335,125.960)     0.830      1    
CTS_cdb_buf_00126/A
-     BUFX2     rise   0.004   0.116   0.060  -      (149.300,67.355)   118.570   -       
CTS_cdb_buf_00126/Y
-     BUFX2     rise   0.058   0.173   0.059  0.016  (148.935,67.820)     0.830      1    
CTS_cdb_buf_00127/A
-     BUFX2     rise   0.004   0.177   0.060  -      (61.500,98.135)    117.750   -       
CTS_cdb_buf_00127/Y
-     BUFX2     rise   0.062   0.239   0.070  0.019  (61.135,98.600)      0.830      1    
CTS_cdb_buf_00128/A
-     BUFX2     rise   0.005   0.244   0.071  -      (147.300,43.415)   141.350   -       
CTS_cdb_buf_00128/Y
-     BUFX2     rise   0.060   0.304   0.059  0.016  (146.935,43.880)     0.830      1    
CTS_cdb_buf_00129/A
-     BUFX2     rise   0.003   0.307   0.060  -      (52.900,22.895)    115.020   -       
CTS_cdb_buf_00129/Y
-     BUFX2     rise   0.047   0.354   0.038  0.010  (52.535,23.360)      0.830      1    
CTS_ccl_a_buf_00095/A
-     CLKBUFX4  rise   0.001   0.355   0.038  -      (121.030,26.320)    71.455   -       
CTS_ccl_a_buf_00095/Y
-     CLKBUFX4  rise   0.052   0.407   0.057  0.028  (120.760,25.940)     0.650     14    
CTS_ccl_a_buf_00001/A
-     BUFX2     rise   0.004   0.412   0.058  -      (153.100,39.995)    46.395   -       
CTS_ccl_a_buf_00001/Y
-     BUFX2     rise   0.064   0.476   0.070  0.018  (152.735,40.460)     0.830     19    
data_memory_controller_mem_read_address_reg[7]/CK
-     DFFHQX1   rise   0.002   0.477   0.070  -      (183.275,12.890)    58.110   -       
------------------------------------------------------------------------------------------------

Timing for timing corner slow_delay:setup.late, min clock_path:
===============================================================

PathID    : 3
Path type : skew group clk/func_mode (path 1 of 1)
Start     : clk
End       : cores[1].core_instance_threads[0].alu_instance_alu_out_reg[7]/CK
Delay     : 1.802

------------------------------------------------------------------------------------------------
Name  Lib cell  Event  Incr   Arrival  Slew   Cap    Location           Distance  Fanout  Status
                       (ns)   (ns)     (ns)   (pF)                      (um)              
-- Clockpath trace -----------------------------------------------------------------------------
clk
-     -         rise   -       0.000   0.004  0.048  (120.900,237.310)  -            7    
CTS_cdb_buf_00118/A
-     BUFX2     rise   0.010   0.010   0.018  -      (57.500,125.495)   175.215   -       
CTS_cdb_buf_00118/Y
-     BUFX2     rise   0.119   0.128   0.093  0.008  (57.135,125.960)     0.830      1    
CTS_cdb_buf_00119/A
-     BUFX2     rise   0.001   0.129   0.093  -      (19.300,142.595)    54.470   -       
CTS_cdb_buf_00119/Y
-     BUFX2     rise   0.205   0.334   0.177  0.016  (18.935,143.060)     0.830      1    
CTS_cdb_buf_00120/A
-     BUFX2     rise   0.003   0.338   0.177  -      (96.500,104.975)   115.650   -       
CTS_cdb_buf_00120/Y
-     BUFX2     rise   0.250   0.588   0.179  0.016  (96.135,105.440)     0.830      1    
CTS_cdb_buf_00121/A
-     BUFX2     rise   0.003   0.591   0.179  -      (35.500,50.255)    115.820   -       
CTS_cdb_buf_00121/Y
-     BUFX2     rise   0.232   0.823   0.147  0.013  (35.135,50.720)      0.830      1    
CTS_cdb_buf_00122/A
-     BUFX2     rise   0.002   0.825   0.147  -      (96.700,77.615)     88.460   -       
CTS_cdb_buf_00122/Y
-     BUFX2     rise   0.225   1.050   0.165  0.014  (96.335,78.080)      0.830      1    
CTS_cdb_buf_00123/A
-     BUFX2     rise   0.003   1.053   0.165  -      (13.700,46.835)    113.880   -       
CTS_cdb_buf_00123/Y
-     BUFX2     rise   0.232   1.285   0.160  0.014  (13.335,47.300)      0.830      1    
CTS_ccl_a_buf_00094/A
-     CLKBUFX4  rise   0.003   1.288   0.160  -      (60.430,115.240)   115.035   -       
CTS_ccl_a_buf_00094/Y
-     CLKBUFX4  rise   0.254   1.542   0.215  0.039  (60.160,114.860)     0.650     15    
CTS_ccl_a_buf_00002/A
-     BUFX2     rise   0.002   1.544   0.215  -      (42.100,108.395)    24.525   -       
CTS_ccl_a_buf_00002/Y
-     BUFX2     rise   0.258   1.802   0.161  0.014  (41.735,108.860)     0.830     20    
cores[1].core_instance_threads[0].alu_instance_alu_out_reg[7]/CK
-     DFFHQX1   rise   0.000   1.802   0.161  -      (42.875,108.650)     1.350   -       
------------------------------------------------------------------------------------------------

Timing for timing corner slow_delay:setup.late, max clock_path:
===============================================================

PathID    : 4
Path type : skew group clk/func_mode (path 1 of 1)
Start     : clk
End       : data_memory_controller_mem_read_address_reg[7]/CK
Delay     : 1.875

------------------------------------------------------------------------------------------------
Name  Lib cell  Event  Incr   Arrival  Slew   Cap    Location           Distance  Fanout  Status
                       (ns)   (ns)     (ns)   (pF)                      (um)              
-- Clockpath trace -----------------------------------------------------------------------------
clk
-     -         rise   -       0.000   0.004  0.048  (120.900,237.310)  -            7    
CTS_cdb_buf_00124/A
-     BUFX2     rise   0.010   0.010   0.018  -      (123.300,67.355)   172.355   -       
CTS_cdb_buf_00124/Y
-     BUFX2     rise   0.148   0.158   0.147  0.013  (122.935,67.820)     0.830      1    
CTS_cdb_buf_00125/A
-     BUFX2     rise   0.002   0.160   0.147  -      (89.700,125.495)    90.910   -       
CTS_cdb_buf_00125/Y
-     BUFX2     rise   0.232   0.392   0.181  0.016  (89.335,125.960)     0.830      1    
CTS_cdb_buf_00126/A
-     BUFX2     rise   0.003   0.396   0.181  -      (149.300,67.355)   118.570   -       
CTS_cdb_buf_00126/Y
-     BUFX2     rise   0.252   0.648   0.180  0.016  (148.935,67.820)     0.830      1    
CTS_cdb_buf_00127/A
-     BUFX2     rise   0.004   0.652   0.180  -      (61.500,98.135)    117.750   -       
CTS_cdb_buf_00127/Y
-     BUFX2     rise   0.265   0.917   0.212  0.019  (61.135,98.600)      0.830      1    
CTS_cdb_buf_00128/A
-     BUFX2     rise   0.005   0.922   0.212  -      (147.300,43.415)   141.350   -       
CTS_cdb_buf_00128/Y
-     BUFX2     rise   0.269   1.191   0.180  0.016  (146.935,43.880)     0.830      1    
CTS_cdb_buf_00129/A
-     BUFX2     rise   0.003   1.194   0.180  -      (52.900,22.895)    115.020   -       
CTS_cdb_buf_00129/Y
-     BUFX2     rise   0.217   1.411   0.119  0.010  (52.535,23.360)      0.830      1    
CTS_ccl_a_buf_00095/A
-     CLKBUFX4  rise   0.001   1.412   0.119  -      (121.030,26.320)    71.455   -       
CTS_ccl_a_buf_00095/Y
-     CLKBUFX4  rise   0.203   1.615   0.162  0.028  (120.760,25.940)     0.650     14    
CTS_ccl_a_buf_00001/A
-     BUFX2     rise   0.004   1.620   0.162  -      (153.100,39.995)    46.395   -       
CTS_ccl_a_buf_00001/Y
-     BUFX2     rise   0.254   1.873   0.203  0.018  (152.735,40.460)     0.830     19    
data_memory_controller_mem_read_address_reg[7]/CK
-     DFFHQX1   rise   0.002   1.875   0.203  -      (183.275,12.890)    58.110   -       
------------------------------------------------------------------------------------------------

Timing for timing corner fast_delay:hold.early, min clock_path:
===============================================================

PathID    : 5
Path type : skew group clk/func_mode (path 1 of 1)
Start     : clk
End       : cores[1].core_instance_threads[0].alu_instance_alu_out_reg[7]/CK
Delay     : 1.801

------------------------------------------------------------------------------------------------
Name  Lib cell  Event  Incr   Arrival  Slew   Cap    Location           Distance  Fanout  Status
                       (ns)   (ns)     (ns)   (pF)                      (um)              
-- Clockpath trace -----------------------------------------------------------------------------
clk
-     -         rise   -       0.000   0.004  0.048  (120.900,237.310)  -            7    
CTS_cdb_buf_00118/A
-     BUFX2     rise   0.010   0.010   0.018  -      (57.500,125.495)   175.215   -       
CTS_cdb_buf_00118/Y
-     BUFX2     rise   0.119   0.128   0.093  0.008  (57.135,125.960)     0.830      1    
CTS_cdb_buf_00119/A
-     BUFX2     rise   0.001   0.129   0.093  -      (19.300,142.595)    54.470   -       
CTS_cdb_buf_00119/Y
-     BUFX2     rise   0.205   0.334   0.177  0.016  (18.935,143.060)     0.830      1    
CTS_cdb_buf_00120/A
-     BUFX2     rise   0.003   0.338   0.177  -      (96.500,104.975)   115.650   -       
CTS_cdb_buf_00120/Y
-     BUFX2     rise   0.250   0.587   0.179  0.016  (96.135,105.440)     0.830      1    
CTS_cdb_buf_00121/A
-     BUFX2     rise   0.003   0.591   0.179  -      (35.500,50.255)    115.820   -       
CTS_cdb_buf_00121/Y
-     BUFX2     rise   0.232   0.823   0.147  0.013  (35.135,50.720)      0.830      1    
CTS_cdb_buf_00122/A
-     BUFX2     rise   0.002   0.825   0.147  -      (96.700,77.615)     88.460   -       
CTS_cdb_buf_00122/Y
-     BUFX2     rise   0.225   1.050   0.165  0.015  (96.335,78.080)      0.830      1    
CTS_cdb_buf_00123/A
-     BUFX2     rise   0.003   1.053   0.165  -      (13.700,46.835)    113.880   -       
CTS_cdb_buf_00123/Y
-     BUFX2     rise   0.232   1.285   0.160  0.014  (13.335,47.300)      0.830      1    
CTS_ccl_a_buf_00094/A
-     CLKBUFX4  rise   0.003   1.288   0.160  -      (60.430,115.240)   115.035   -       
CTS_ccl_a_buf_00094/Y
-     CLKBUFX4  rise   0.254   1.542   0.215  0.040  (60.160,114.860)     0.650     15    
CTS_ccl_a_buf_00002/A
-     BUFX2     rise   0.002   1.544   0.215  -      (42.100,108.395)    24.525   -       
CTS_ccl_a_buf_00002/Y
-     BUFX2     rise   0.257   1.800   0.159  0.015  (41.735,108.860)     0.830     20    
cores[1].core_instance_threads[0].alu_instance_alu_out_reg[7]/CK
-     DFFHQX1   rise   0.000   1.801   0.159  -      (42.875,108.650)     1.350   -       
------------------------------------------------------------------------------------------------

Timing for timing corner fast_delay:hold.early, max clock_path:
===============================================================

PathID    : 6
Path type : skew group clk/func_mode (path 1 of 1)
Start     : clk
End       : data_memory_controller_mem_read_address_reg[6]/CK
Delay     : 1.874

------------------------------------------------------------------------------------------------
Name  Lib cell  Event  Incr   Arrival  Slew   Cap    Location           Distance  Fanout  Status
                       (ns)   (ns)     (ns)   (pF)                      (um)              
-- Clockpath trace -----------------------------------------------------------------------------
clk
-     -         rise   -       0.000   0.004  0.048  (120.900,237.310)  -            7    
CTS_cdb_buf_00124/A
-     BUFX2     rise   0.010   0.010   0.018  -      (123.300,67.355)   172.355   -       
CTS_cdb_buf_00124/Y
-     BUFX2     rise   0.148   0.158   0.147  0.013  (122.935,67.820)     0.830      1    
CTS_cdb_buf_00125/A
-     BUFX2     rise   0.002   0.160   0.147  -      (89.700,125.495)    90.910   -       
CTS_cdb_buf_00125/Y
-     BUFX2     rise   0.232   0.392   0.181  0.016  (89.335,125.960)     0.830      1    
CTS_cdb_buf_00126/A
-     BUFX2     rise   0.003   0.396   0.181  -      (149.300,67.355)   118.570   -       
CTS_cdb_buf_00126/Y
-     BUFX2     rise   0.252   0.648   0.180  0.016  (148.935,67.820)     0.830      1    
CTS_cdb_buf_00127/A
-     BUFX2     rise   0.003   0.652   0.180  -      (61.500,98.135)    117.750   -       
CTS_cdb_buf_00127/Y
-     BUFX2     rise   0.265   0.917   0.212  0.019  (61.135,98.600)      0.830      1    
CTS_cdb_buf_00128/A
-     BUFX2     rise   0.005   0.922   0.212  -      (147.300,43.415)   141.350   -       
CTS_cdb_buf_00128/Y
-     BUFX2     rise   0.269   1.191   0.180  0.016  (146.935,43.880)     0.830      1    
CTS_cdb_buf_00129/A
-     BUFX2     rise   0.003   1.194   0.180  -      (52.900,22.895)    115.020   -       
CTS_cdb_buf_00129/Y
-     BUFX2     rise   0.216   1.410   0.119  0.010  (52.535,23.360)      0.830      1    
CTS_ccl_a_buf_00095/A
-     CLKBUFX4  rise   0.001   1.412   0.119  -      (121.030,26.320)    71.455   -       
CTS_ccl_a_buf_00095/Y
-     CLKBUFX4  rise   0.203   1.615   0.162  0.029  (120.760,25.940)     0.650     14    
CTS_ccl_a_buf_00001/A
-     BUFX2     rise   0.004   1.619   0.162  -      (153.100,39.995)    46.395   -       
CTS_ccl_a_buf_00001/Y
-     BUFX2     rise   0.253   1.872   0.202  0.020  (152.735,40.460)     0.830     19    
data_memory_controller_mem_read_address_reg[6]/CK
-     DFFHQX1   rise   0.002   1.874   0.202  -      (170.875,14.090)    44.510   -       
------------------------------------------------------------------------------------------------

Timing for timing corner fast_delay:hold.late, min clock_path:
==============================================================

PathID    : 7
Path type : skew group clk/func_mode (path 1 of 1)
Start     : clk
End       : data_memory_controller_mem_write_valid_reg[2]/CK
Delay     : 0.456

------------------------------------------------------------------------------------------------
Name  Lib cell  Event  Incr   Arrival  Slew   Cap    Location           Distance  Fanout  Status
                       (ns)   (ns)     (ns)   (pF)                      (um)              
-- Clockpath trace -----------------------------------------------------------------------------
clk
-     -         rise   -       0.000   0.004  0.048  (120.900,237.310)  -            7    
CTS_cdb_buf_00130/A
-     BUFX2     rise   0.001   0.001   0.005  -      (113.700,224.675)   19.835   -       
CTS_cdb_buf_00130/Y
-     BUFX2     rise   0.037   0.038   0.037  0.010  (113.335,225.140)    0.830      1    
CTS_cdb_buf_00131/A
-     BUFX2     rise   0.002   0.039   0.037  -      (189.300,224.675)   76.430   -       
CTS_cdb_buf_00131/Y
-     BUFX2     rise   0.050   0.090   0.054  0.014  (188.935,225.140)    0.830      1    
CTS_cdb_buf_00132/A
-     BUFX2     rise   0.003   0.093   0.054  -      (120.700,190.475)  102.900   -       
CTS_cdb_buf_00132/Y
-     BUFX2     rise   0.047   0.140   0.041  0.011  (120.335,190.940)    0.830      1    
CTS_cdb_buf_00133/A
-     BUFX2     rise   0.002   0.141   0.041  -      (165.700,221.255)   75.680   -       
CTS_cdb_buf_00133/Y
-     BUFX2     rise   0.046   0.188   0.044  0.012  (165.335,221.720)    0.830      1    
CTS_cdb_buf_00134/A
-     BUFX2     rise   0.002   0.190   0.044  -      (109.700,190.475)   86.880   -       
CTS_cdb_buf_00134/Y
-     BUFX2     rise   0.048   0.238   0.046  0.012  (109.335,190.940)    0.830      1    
CTS_cdb_buf_00135/A
-     BUFX2     rise   0.002   0.240   0.046  -      (167.100,221.255)   88.080   -       
CTS_cdb_buf_00135/Y
-     BUFX2     rise   0.053   0.293   0.056  0.015  (166.735,221.720)    0.830      1    
CTS_cdb_buf_00136/A
-     BUFX2     rise   0.003   0.296   0.056  -      (114.700,163.115)  110.640   -       
CTS_cdb_buf_00136/Y
-     BUFX2     rise   0.043   0.339   0.032  0.008  (114.335,163.580)    0.830      1    
CTS_ccl_a_buf_00096/A
-     CLKBUFX4  rise   0.001   0.340   0.032  -      (109.630,216.120)   57.245   -       
CTS_ccl_a_buf_00096/Y
-     CLKBUFX4  rise   0.056   0.396   0.067  0.034  (109.360,216.500)    0.650     12    
CTS_ccl_a_buf_00055/A
-     BUFX2     rise   0.001   0.397   0.067  -      (106.300,221.255)    7.815   -       
CTS_ccl_a_buf_00055/Y
-     BUFX2     rise   0.059   0.455   0.057  0.016  (105.935,221.720)    0.830     20    
data_memory_controller_mem_write_valid_reg[2]/CK
-     DFFHQX1   rise   0.000   0.456   0.057  -      (106.675,218.090)    4.370   -       
------------------------------------------------------------------------------------------------

Timing for timing corner fast_delay:hold.late, max clock_path:
==============================================================

PathID    : 8
Path type : skew group clk/func_mode (path 1 of 1)
Start     : clk
End       : data_memory_controller_mem_read_address_reg[6]/CK
Delay     : 0.479

------------------------------------------------------------------------------------------------
Name  Lib cell  Event  Incr   Arrival  Slew   Cap    Location           Distance  Fanout  Status
                       (ns)   (ns)     (ns)   (pF)                      (um)              
-- Clockpath trace -----------------------------------------------------------------------------
clk
-     -         rise   -       0.000   0.004  0.048  (120.900,237.310)  -            7    
CTS_cdb_buf_00124/A
-     BUFX2     rise   0.010   0.010   0.018  -      (123.300,67.355)   172.355   -       
CTS_cdb_buf_00124/Y
-     BUFX2     rise   0.045   0.054   0.048  0.013  (122.935,67.820)     0.830      1    
CTS_cdb_buf_00125/A
-     BUFX2     rise   0.002   0.057   0.048  -      (89.700,125.495)    90.910   -       
CTS_cdb_buf_00125/Y
-     BUFX2     rise   0.056   0.112   0.060  0.016  (89.335,125.960)     0.830      1    
CTS_cdb_buf_00126/A
-     BUFX2     rise   0.003   0.116   0.060  -      (149.300,67.355)   118.570   -       
CTS_cdb_buf_00126/Y
-     BUFX2     rise   0.058   0.173   0.059  0.016  (148.935,67.820)     0.830      1    
CTS_cdb_buf_00127/A
-     BUFX2     rise   0.004   0.177   0.060  -      (61.500,98.135)    117.750   -       
CTS_cdb_buf_00127/Y
-     BUFX2     rise   0.062   0.239   0.070  0.019  (61.135,98.600)      0.830      1    
CTS_cdb_buf_00128/A
-     BUFX2     rise   0.005   0.244   0.071  -      (147.300,43.415)   141.350   -       
CTS_cdb_buf_00128/Y
-     BUFX2     rise   0.060   0.304   0.059  0.016  (146.935,43.880)     0.830      1    
CTS_cdb_buf_00129/A
-     BUFX2     rise   0.003   0.307   0.060  -      (52.900,22.895)    115.020   -       
CTS_cdb_buf_00129/Y
-     BUFX2     rise   0.047   0.354   0.038  0.010  (52.535,23.360)      0.830      1    
CTS_ccl_a_buf_00095/A
-     CLKBUFX4  rise   0.001   0.356   0.038  -      (121.030,26.320)    71.455   -       
CTS_ccl_a_buf_00095/Y
-     CLKBUFX4  rise   0.052   0.408   0.058  0.029  (120.760,25.940)     0.650     14    
CTS_ccl_a_buf_00001/A
-     BUFX2     rise   0.004   0.412   0.059  -      (153.100,39.995)    46.395   -       
CTS_ccl_a_buf_00001/Y
-     BUFX2     rise   0.065   0.477   0.071  0.020  (152.735,40.460)     0.830     19    
data_memory_controller_mem_read_address_reg[6]/CK
-     DFFHQX1   rise   0.002   0.479   0.071  -      (170.875,14.090)    44.510   -       
------------------------------------------------------------------------------------------------

