###############################################################
#  Generated by:      Cadence Innovus 21.18-s099_1
#  OS:                Linux x86_64(Host ID vlsi)
#  Generated on:      Wed May 20 00:55:50 2026
#  Design:            gpu
#  Command:           report_ccopt_skew_groups -file ./reports/clock_opt/ccopt_skew_groups.rpt
###############################################################

Skew Group Structure:
=====================

--------------------------------------------------------------------
Skew Group       Sources    Constrained Sinks    Unconstrained Sinks
--------------------------------------------------------------------
clk/func_mode       1             1827                    0
--------------------------------------------------------------------

Skew Group Summary:
===================

----------------------------------------------------------------------------------------------------------------------------------------------------------------------
Timing Corner             Skew Group       ID Target    Min ID    Max ID    Avg ID    Std.Dev. ID    Skew Target Type    Skew Target    Skew     Skew window occupancy
----------------------------------------------------------------------------------------------------------------------------------------------------------------------
slow_delay:setup.early    clk/func_mode        -        0.415     0.463     0.443        0.014       explicit             0.200         0.048    100% {0.415, 0.463}
slow_delay:setup.late     clk/func_mode    *2.000       1.731     1.918     1.859        0.061       explicit             0.200         0.187    100% {1.731, 1.918}
fast_delay:hold.early     clk/func_mode        -        1.712     1.902     1.842        0.062       explicit             0.200         0.191    100% {1.712, 1.902}
fast_delay:hold.late      clk/func_mode        -        0.425     0.472     0.452        0.013       explicit             0.200         0.047    100% {0.425, 0.472}
----------------------------------------------------------------------------------------------------------------------------------------------------------------------

* - indicates that target was not met.

Skew Group Min/Max path pins:
=============================

-------------------------------------------------------------------------------
Timing Corner             Skew Group       Min ID    PathID    Max ID    PathID
-------------------------------------------------------------------------------
slow_delay:setup.early    clk/func_mode    0.415       1       0.463       2
-    min cores[1].core_instance_threads[1].register_instance_rs_reg[7]/CK
-    max data_memory_controller_mem_read_address_reg[15]/CK
slow_delay:setup.late     clk/func_mode    1.731       3       1.918       4
-    min cores[1].core_instance_threads[1].register_instance_rs_reg[7]/CK
-    max cores[0].core_instance_threads[2].register_instance_rt_reg[2]/CK
fast_delay:hold.early     clk/func_mode    1.712       5       1.902       6
-    min cores[1].core_instance_threads[1].register_instance_rs_reg[7]/CK
-    max cores[0].core_instance_threads[2].register_instance_rs_reg[2]/CK
fast_delay:hold.late      clk/func_mode    0.425       7       0.472       8
-    min cores[1].core_instance_threads[1].register_instance_rs_reg[7]/CK
-    max data_memory_controller_mem_read_address_reg[15]/CK
-------------------------------------------------------------------------------

Timing for timing corner slow_delay:setup.early, min clock_path:
================================================================

PathID    : 1
Path type : skew group clk/func_mode (path 1 of 1)
Start     : clk
End       : cores[1].core_instance_threads[1].register_instance_rs_reg[7]/CK
Delay     : 0.415

------------------------------------------------------------------------------------------------
Name  Lib cell  Event  Incr   Arrival  Slew   Cap    Location           Distance  Fanout  Status
                       (ns)   (ns)     (ns)   (pF)                      (um)              
-- Clockpath trace -----------------------------------------------------------------------------
clk
-     -         rise   -       0.000   0.004  0.049  (120.900,237.310)  -            6    
CTS_cdb_inv_00124/A
-     CLKINVX1  rise   0.015   0.015   0.026  -      (92.100,77.615)    188.495   -       
CTS_cdb_inv_00124/Y
-     CLKINVX1  fall   0.034   0.048   0.046  0.006  (92.335,77.900)      0.520      1    
CTS_cdb_inv_00125/A
-     CLKINVX1  fall   0.001   0.049   0.046  -      (107.500,103.265)   40.530   -       
CTS_cdb_inv_00125/Y
-     CLKINVX1  rise   0.033   0.082   0.038  0.004  (107.735,102.980)    0.520      1    
CTS_cdb_inv_00126/A
-     CLKINVX2  rise   0.000   0.082   0.038  -      (129.360,101.500)   23.105   -       
CTS_cdb_inv_00126/Y
-     CLKINVX2  fall   0.028   0.110   0.033  0.007  (129.500,101.365)    0.275      1    
CTS_cdb_inv_00127/A
-     CLKINVX1  fall   0.001   0.111   0.033  -      (86.700,106.685)    48.120   -       
CTS_cdb_inv_00127/Y
-     CLKINVX1  rise   0.025   0.135   0.028  0.003  (86.935,106.400)     0.520      1    
CTS_cdb_inv_00128/A
-     CLKINVX1  rise   0.000   0.136   0.028  -      (85.700,89.585)     18.050   -       
CTS_cdb_inv_00128/Y
-     CLKINVX1  fall   0.035   0.171   0.048  0.006  (85.935,89.300)      0.520      1    
CTS_cdb_inv_00129/A
-     CLKINVX1  fall   0.001   0.171   0.048  -      (54.700,75.905)     44.630   -       
CTS_cdb_inv_00129/Y
-     CLKINVX1  rise   0.029   0.201   0.030  0.003  (54.935,75.620)      0.520      1    
CTS_cdb_inv_00130/A
-     CLKINVX1  rise   0.000   0.201   0.030  -      (55.500,58.805)     17.380   -       
CTS_cdb_inv_00130/Y
-     CLKINVX1  fall   0.037   0.238   0.050  0.007  (55.735,58.520)      0.520      1    
CTS_cdb_inv_00131/A
-     CLKINVX1  fall   0.001   0.239   0.050  -      (53.100,101.555)    45.670   -       
CTS_cdb_inv_00131/Y
-     CLKINVX1  rise   0.039   0.278   0.048  0.006  (53.335,101.840)     0.520      1    
CTS_cdb_inv_00132/A
-     CLKINVX1  rise   0.001   0.279   0.048  -      (87.500,104.975)    37.300   -       
CTS_cdb_inv_00132/Y
-     CLKINVX1  fall   0.041   0.319   0.049  0.006  (87.735,105.260)     0.520      1    
CTS_cdb_inv_00133/A
-     CLKINVX1  fall   0.001   0.320   0.049  -      (56.500,115.235)    41.210   -       
CTS_cdb_inv_00133/Y
-     CLKINVX1  rise   0.031   0.351   0.032  0.003  (56.735,115.520)     0.520      1    
CTS_ccl_a_inv_00043/A
-     CLKINVX6  rise   0.000   0.351   0.032  -      (54.500,111.625)     6.130   -       
CTS_ccl_a_inv_00043/Y
-     CLKINVX6  fall   0.031   0.382   0.047  0.030  (55.365,111.485)     1.005      6    
CTS_ccl_a_inv_00032/A
-     CLKINVX8  fall   0.002   0.383   0.048  -      (55.295,101.550)    10.005   -       
CTS_ccl_a_inv_00032/Y
-     CLKINVX8  rise   0.031   0.415   0.048  0.038  (55.845,101.330)     0.770     50    
cores[1].core_instance_threads[1].register_instance_rs_reg[7]/CK
-     DFFX2     rise   0.001   0.415   0.048  -      (53.300,97.945)      5.930   -       
------------------------------------------------------------------------------------------------

Timing for timing corner slow_delay:setup.early, max clock_path:
================================================================

PathID    : 2
Path type : skew group clk/func_mode (path 1 of 1)
Start     : clk
End       : cores[1].core_instance_threads[3].register_instance_regfile_reg[0][4]/CK
Delay     : 0.463

------------------------------------------------------------------------------------------------
Name  Lib cell  Event  Incr   Arrival  Slew   Cap    Location           Distance  Fanout  Status
                       (ns)   (ns)     (ns)   (pF)                      (um)              
-- Clockpath trace -----------------------------------------------------------------------------
clk
-     -         rise   -       0.000   0.004  0.049  (120.900,237.310)  -            6    
CTS_cdb_inv_00104/A
-     CLKINVX1  rise   0.013   0.013   0.026  -      (142.900,81.035)   178.275   -       
CTS_cdb_inv_00104/Y
-     CLKINVX1  fall   0.029   0.043   0.037  0.005  (143.135,81.320)     0.520      1    
CTS_cdb_inv_00105/A
-     CLKINVX1  fall   0.000   0.043   0.037  -      (145.100,110.105)   30.750   -       
CTS_cdb_inv_00105/Y
-     CLKINVX1  rise   0.041   0.084   0.055  0.007  (145.335,109.820)    0.520      1    
CTS_cdb_inv_00106/A
-     CLKINVX1  rise   0.001   0.084   0.055  -      (142.700,65.645)    46.810   -       
CTS_cdb_inv_00106/Y
-     CLKINVX1  fall   0.042   0.126   0.049  0.006  (142.935,65.360)     0.520      1    
CTS_cdb_inv_00107/A
-     CLKINVX1  fall   0.001   0.126   0.049  -      (173.500,55.385)    40.540   -       
CTS_cdb_inv_00107/Y
-     CLKINVX1  rise   0.027   0.153   0.025  0.002  (173.735,55.100)     0.520      1    
CTS_cdb_inv_00108/A
-     CLKINVX1  rise   0.000   0.153   0.025  -      (176.900,65.645)    13.710   -       
CTS_cdb_inv_00108/Y
-     CLKINVX1  fall   0.036   0.190   0.050  0.007  (177.135,65.360)     0.520      1    
CTS_cdb_inv_00109/A
-     CLKINVX1  fall   0.001   0.190   0.050  -      (140.700,51.965)    49.830   -       
CTS_cdb_inv_00109/Y
-     CLKINVX1  rise   0.026   0.216   0.023  0.002  (140.935,51.680)     0.520      1    
CTS_cdb_inv_00110/A
-     CLKINVX1  rise   0.000   0.216   0.023  -      (132.300,50.255)    10.060   -       
CTS_cdb_inv_00110/Y
-     CLKINVX1  fall   0.034   0.250   0.047  0.006  (132.535,50.540)     0.520      1    
CTS_cdb_inv_00111/A
-     CLKINVX1  fall   0.001   0.251   0.047  -      (146.300,81.035)    44.260   -       
CTS_cdb_inv_00111/Y
-     CLKINVX1  rise   0.034   0.285   0.039  0.004  (146.535,81.320)     0.520      1    
CTS_cdb_inv_00112/A
-     CLKINVX1  rise   0.000   0.285   0.039  -      (130.500,93.005)    27.720   -       
CTS_cdb_inv_00112/Y
-     CLKINVX1  fall   0.034   0.319   0.041  0.005  (130.735,92.720)     0.520      1    
CTS_cdb_inv_00113/A
-     CLKINVX1  fall   0.000   0.319   0.041  -      (149.300,79.325)    31.960   -       
CTS_cdb_inv_00113/Y
-     CLKINVX1  rise   0.022   0.341   0.020  0.002  (149.535,79.040)     0.520      1    
CTS_ccl_a_inv_00041/A
-     CLKINVX1  rise   0.000   0.341   0.020  -      (151.500,72.485)     8.520   -       
CTS_ccl_a_inv_00041/Y
-     CLKINVX1  fall   0.015   0.356   0.013  0.001  (151.735,72.200)     0.520      1    
CTS_cdb_inv_00165/A
-     CLKINVX1  fall   0.000   0.356   0.013  -      (150.500,67.355)     6.080   -       
CTS_cdb_inv_00165/Y
-     CLKINVX1  rise   0.034   0.390   0.051  0.007  (150.735,67.640)     0.520      2    
CTS_cdb_inv_00167/A
-     CLKINVX4  rise   0.000   0.390   0.051  -      (149.300,69.065)     2.860   -       
CTS_cdb_inv_00167/Y
-     CLKINVX4  fall   0.031   0.421   0.039  0.015  (149.815,68.810)     0.770      4    
CTS_ccl_a_inv_00030/A
-     CLKINVX6  fall   0.001   0.422   0.039  -      (148.500,48.735)    21.390   -       
CTS_ccl_a_inv_00030/Y
-     CLKINVX6  rise   0.037   0.459   0.058  0.039  (149.365,48.875)     1.005     50    
cores[1].core_instance_threads[3].register_instance_regfile_reg[0][4]/CK
-     DFFHQX1   rise   0.004   0.463   0.058  -      (142.875,16.310)    39.055   -       
------------------------------------------------------------------------------------------------

Timing for timing corner slow_delay:setup.late, min clock_path:
===============================================================

PathID    : 3
Path type : skew group clk/func_mode (path 1 of 1)
Start     : clk
End       : cores[1].core_instance_threads[1].register_instance_rs_reg[7]/CK
Delay     : 1.731

------------------------------------------------------------------------------------------------
Name  Lib cell  Event  Incr   Arrival  Slew   Cap    Location           Distance  Fanout  Status
                       (ns)   (ns)     (ns)   (pF)                      (um)              
-- Clockpath trace -----------------------------------------------------------------------------
clk
-     -         rise   -       0.000   0.004  0.049  (120.900,237.310)  -            6    
CTS_cdb_inv_00124/A
-     CLKINVX1  rise   0.014   0.014   0.026  -      (92.100,77.615)    188.495   -       
CTS_cdb_inv_00124/Y
-     CLKINVX1  fall   0.107   0.121   0.163  0.006  (92.335,77.900)      0.520      1    
CTS_cdb_inv_00125/A
-     CLKINVX1  fall   0.001   0.123   0.163  -      (107.500,103.265)   40.530   -       
CTS_cdb_inv_00125/Y
-     CLKINVX1  rise   0.147   0.269   0.118  0.004  (107.735,102.980)    0.520      1    
CTS_cdb_inv_00126/A
-     CLKINVX2  rise   0.001   0.270   0.118  -      (129.360,101.500)   23.105   -       
CTS_cdb_inv_00126/Y
-     CLKINVX2  fall   0.121   0.391   0.114  0.007  (129.500,101.365)    0.275      1    
CTS_cdb_inv_00127/A
-     CLKINVX1  fall   0.001   0.392   0.114  -      (86.700,106.685)    48.120   -       
CTS_cdb_inv_00127/Y
-     CLKINVX1  rise   0.107   0.499   0.088  0.003  (86.935,106.400)     0.520      1    
CTS_cdb_inv_00128/A
-     CLKINVX1  rise   0.000   0.500   0.088  -      (85.700,89.585)     18.050   -       
CTS_cdb_inv_00128/Y
-     CLKINVX1  fall   0.147   0.647   0.180  0.006  (85.935,89.300)      0.520      1    
CTS_cdb_inv_00129/A
-     CLKINVX1  fall   0.001   0.648   0.180  -      (54.700,75.905)     44.630   -       
CTS_cdb_inv_00129/Y
-     CLKINVX1  rise   0.144   0.793   0.099  0.003  (54.935,75.620)      0.520      1    
CTS_cdb_inv_00130/A
-     CLKINVX1  rise   0.000   0.793   0.099  -      (55.500,58.805)     17.380   -       
CTS_cdb_inv_00130/Y
-     CLKINVX1  fall   0.159   0.952   0.191  0.007  (55.735,58.520)      0.520      1    
CTS_cdb_inv_00131/A
-     CLKINVX1  fall   0.001   0.953   0.191  -      (53.100,101.555)    45.670   -       
CTS_cdb_inv_00131/Y
-     CLKINVX1  rise   0.180   1.133   0.153  0.006  (53.335,101.840)     0.520      1    
CTS_cdb_inv_00132/A
-     CLKINVX1  rise   0.001   1.134   0.153  -      (87.500,104.975)    37.300   -       
CTS_cdb_inv_00132/Y
-     CLKINVX1  fall   0.182   1.316   0.184  0.006  (87.735,105.260)     0.520      1    
CTS_cdb_inv_00133/A
-     CLKINVX1  fall   0.001   1.317   0.184  -      (56.500,115.235)    41.210   -       
CTS_cdb_inv_00133/Y
-     CLKINVX1  rise   0.150   1.467   0.105  0.003  (56.735,115.520)     0.520      1    
CTS_ccl_a_inv_00043/A
-     CLKINVX6  rise   0.000   1.467   0.105  -      (54.500,111.625)     6.130   -       
CTS_ccl_a_inv_00043/Y
-     CLKINVX6  fall   0.131   1.599   0.159  0.030  (55.365,111.485)     1.005      6    
CTS_ccl_a_inv_00032/A
-     CLKINVX8  fall   0.002   1.600   0.159  -      (55.295,101.550)    10.005   -       
CTS_ccl_a_inv_00032/Y
-     CLKINVX8  rise   0.130   1.731   0.134  0.038  (55.845,101.330)     0.770     50    
cores[1].core_instance_threads[1].register_instance_rs_reg[7]/CK
-     DFFX2     rise   0.001   1.731   0.134  -      (53.300,97.945)      5.930   -       
------------------------------------------------------------------------------------------------

Timing for timing corner slow_delay:setup.late, max clock_path:
===============================================================

PathID    : 4
Path type : skew group clk/func_mode (path 1 of 1)
Start     : clk
End       : cores[0].core_instance_threads[2].register_instance_regfile_reg[0][1]/CK
Delay     : 1.918

------------------------------------------------------------------------------------------------
Name  Lib cell  Event  Incr   Arrival  Slew   Cap    Location           Distance  Fanout  Status
                       (ns)   (ns)     (ns)   (pF)                      (um)              
-- Clockpath trace -----------------------------------------------------------------------------
clk
-     -         rise   -       0.000   0.004  0.049  (120.900,237.310)  -            6    
CTS_cdb_inv_00074/A
-     CLKINVX1  rise   0.002   0.002   0.006  -      (109.100,212.705)   36.405   -       
CTS_cdb_inv_00074/Y
-     CLKINVX1  fall   0.107   0.109   0.180  0.007  (109.335,212.420)    0.520      1    
CTS_cdb_inv_00075/A
-     CLKINVX1  fall   0.002   0.110   0.180  -      (79.300,193.895)    48.560   -       
CTS_cdb_inv_00075/Y
-     CLKINVX1  rise   0.155   0.265   0.117  0.004  (79.535,194.180)     0.520      1    
CTS_cdb_inv_00076/A
-     CLKINVX1  rise   0.001   0.265   0.117  -      (61.500,202.445)    26.300   -       
CTS_cdb_inv_00076/Y
-     CLKINVX1  fall   0.164   0.429   0.184  0.006  (61.735,202.160)     0.520      1    
CTS_cdb_inv_00077/A
-     CLKINVX1  fall   0.001   0.431   0.184  -      (94.700,190.475)    44.650   -       
CTS_cdb_inv_00077/Y
-     CLKINVX1  rise   0.170   0.600   0.140  0.005  (94.935,190.760)     0.520      1    
CTS_cdb_inv_00078/A
-     CLKINVX1  rise   0.001   0.601   0.140  -      (92.500,221.255)    32.930   -       
CTS_cdb_inv_00078/Y
-     CLKINVX1  fall   0.162   0.763   0.158  0.005  (92.735,221.540)     0.520      1    
CTS_cdb_inv_00079/A
-     CLKINVX1  fall   0.001   0.764   0.158  -      (99.100,193.895)    34.010   -       
CTS_cdb_inv_00079/Y
-     CLKINVX1  rise   0.158   0.921   0.140  0.005  (99.335,194.180)     0.520      1    
CTS_cdb_inv_00080/A
-     CLKINVX1  rise   0.001   0.922   0.140  -      (94.500,224.675)    35.330   -       
CTS_cdb_inv_00080/Y
-     CLKINVX1  fall   0.178   1.100   0.188  0.006  (94.735,224.960)     0.520      1    
CTS_cdb_inv_00081/A
-     CLKINVX1  fall   0.001   1.101   0.188  -      (98.300,185.345)    43.180   -       
CTS_cdb_inv_00081/Y
-     CLKINVX1  rise   0.148   1.249   0.099  0.003  (98.535,185.060)     0.520      1    
CTS_cdb_inv_00082/A
-     CLKINVX1  rise   0.000   1.250   0.099  -      (81.300,183.635)    18.660   -       
CTS_cdb_inv_00082/Y
-     CLKINVX1  fall   0.154   1.404   0.182  0.006  (81.535,183.920)     0.520      1    
CTS_cdb_inv_00083/A
-     CLKINVX1  fall   0.001   1.405   0.182  -      (89.300,219.545)    43.390   -       
CTS_cdb_inv_00083/Y
-     CLKINVX1  rise   0.176   1.581   0.152  0.006  (89.535,219.260)     0.520      1    
CTS_ccl_a_inv_00038/A
-     CLKINVX4  rise   0.001   1.582   0.152  -      (90.700,192.185)    28.240   -       
CTS_ccl_a_inv_00038/Y
-     CLKINVX4  fall   0.170   1.753   0.186  0.024  (91.215,191.930)     0.770      5    
CTS_ccl_a_inv_00008/A
-     CLKINVX6  fall   0.001   1.754   0.186  -      (91.100,200.545)     8.730   -       
CTS_ccl_a_inv_00008/Y
-     CLKINVX6  rise   0.157   1.910   0.162  0.036  (91.965,200.405)     1.005     41    
cores[0].core_instance_threads[2].register_instance_regfile_reg[0][1]/CK
-     DFFHQX1   rise   0.007   1.918   0.162  -      (136.875,197.570)   47.745   -       
------------------------------------------------------------------------------------------------

Timing for timing corner fast_delay:hold.early, min clock_path:
===============================================================

PathID    : 5
Path type : skew group clk/func_mode (path 1 of 1)
Start     : clk
End       : cores[1].core_instance_threads[1].register_instance_rs_reg[7]/CK
Delay     : 1.712

------------------------------------------------------------------------------------------------
Name  Lib cell  Event  Incr   Arrival  Slew   Cap    Location           Distance  Fanout  Status
                       (ns)   (ns)     (ns)   (pF)                      (um)              
-- Clockpath trace -----------------------------------------------------------------------------
clk
-     -         rise   -       0.000   0.004  0.050  (120.900,237.310)  -            6    
CTS_cdb_inv_00124/A
-     CLKINVX1  rise   0.014   0.014   0.026  -      (92.100,77.615)    188.495   -       
CTS_cdb_inv_00124/Y
-     CLKINVX1  fall   0.107   0.121   0.163  0.006  (92.335,77.900)      0.520      1    
CTS_cdb_inv_00125/A
-     CLKINVX1  fall   0.001   0.122   0.163  -      (107.500,103.265)   40.530   -       
CTS_cdb_inv_00125/Y
-     CLKINVX1  rise   0.147   0.269   0.117  0.004  (107.735,102.980)    0.520      1    
CTS_cdb_inv_00126/A
-     CLKINVX2  rise   0.000   0.269   0.117  -      (129.360,101.500)   23.105   -       
CTS_cdb_inv_00126/Y
-     CLKINVX2  fall   0.120   0.389   0.114  0.007  (129.500,101.365)    0.275      1    
CTS_cdb_inv_00127/A
-     CLKINVX1  fall   0.001   0.390   0.114  -      (86.700,106.685)    48.120   -       
CTS_cdb_inv_00127/Y
-     CLKINVX1  rise   0.107   0.497   0.088  0.003  (86.935,106.400)     0.520      1    
CTS_cdb_inv_00128/A
-     CLKINVX1  rise   0.000   0.497   0.088  -      (85.700,89.585)     18.050   -       
CTS_cdb_inv_00128/Y
-     CLKINVX1  fall   0.147   0.645   0.180  0.006  (85.935,89.300)      0.520      1    
CTS_cdb_inv_00129/A
-     CLKINVX1  fall   0.001   0.645   0.180  -      (54.700,75.905)     44.630   -       
CTS_cdb_inv_00129/Y
-     CLKINVX1  rise   0.144   0.789   0.098  0.003  (54.935,75.620)      0.520      1    
CTS_cdb_inv_00130/A
-     CLKINVX1  rise   0.000   0.790   0.098  -      (55.500,58.805)     17.380   -       
CTS_cdb_inv_00130/Y
-     CLKINVX1  fall   0.158   0.948   0.191  0.007  (55.735,58.520)      0.520      1    
CTS_cdb_inv_00131/A
-     CLKINVX1  fall   0.001   0.949   0.191  -      (53.100,101.555)    45.670   -       
CTS_cdb_inv_00131/Y
-     CLKINVX1  rise   0.180   1.129   0.152  0.006  (53.335,101.840)     0.520      1    
CTS_cdb_inv_00132/A
-     CLKINVX1  rise   0.001   1.129   0.152  -      (87.500,104.975)    37.300   -       
CTS_cdb_inv_00132/Y
-     CLKINVX1  fall   0.182   1.311   0.184  0.006  (87.735,105.260)     0.520      1    
CTS_cdb_inv_00133/A
-     CLKINVX1  fall   0.001   1.312   0.184  -      (56.500,115.235)    41.210   -       
CTS_cdb_inv_00133/Y
-     CLKINVX1  rise   0.147   1.459   0.100  0.004  (56.735,115.520)     0.520      1    
CTS_ccl_a_inv_00043/A
-     CLKINVX6  rise   0.000   1.459   0.100  -      (54.500,111.625)     6.130   -       
CTS_ccl_a_inv_00043/Y
-     CLKINVX6  fall   0.124   1.583   0.150  0.033  (55.365,111.485)     1.005      6    
CTS_ccl_a_inv_00032/A
-     CLKINVX8  fall   0.002   1.585   0.150  -      (55.295,101.550)    10.005   -       
CTS_ccl_a_inv_00032/Y
-     CLKINVX8  rise   0.126   1.711   0.132  0.042  (55.845,101.330)     0.770     50    
cores[1].core_instance_threads[1].register_instance_rs_reg[7]/CK
-     DFFX2     rise   0.001   1.712   0.132  -      (53.300,97.945)      5.930   -       
------------------------------------------------------------------------------------------------

Timing for timing corner fast_delay:hold.early, max clock_path:
===============================================================

PathID    : 6
Path type : skew group clk/func_mode (path 1 of 1)
Start     : clk
End       : cores[0].core_instance_threads[2].register_instance_regfile_reg[0][1]/CK
Delay     : 1.902

------------------------------------------------------------------------------------------------
Name  Lib cell  Event  Incr   Arrival  Slew   Cap    Location           Distance  Fanout  Status
                       (ns)   (ns)     (ns)   (pF)                      (um)              
-- Clockpath trace -----------------------------------------------------------------------------
clk
-     -         rise   -       0.000   0.004  0.050  (120.900,237.310)  -            6    
CTS_cdb_inv_00074/A
-     CLKINVX1  rise   0.002   0.002   0.006  -      (109.100,212.705)   36.405   -       
CTS_cdb_inv_00074/Y
-     CLKINVX1  fall   0.107   0.109   0.180  0.007  (109.335,212.420)    0.520      1    
CTS_cdb_inv_00075/A
-     CLKINVX1  fall   0.001   0.109   0.180  -      (79.300,193.895)    48.560   -       
CTS_cdb_inv_00075/Y
-     CLKINVX1  rise   0.155   0.264   0.117  0.004  (79.535,194.180)     0.520      1    
CTS_cdb_inv_00076/A
-     CLKINVX1  rise   0.000   0.264   0.117  -      (61.500,202.445)    26.300   -       
CTS_cdb_inv_00076/Y
-     CLKINVX1  fall   0.164   0.428   0.184  0.006  (61.735,202.160)     0.520      1    
CTS_cdb_inv_00077/A
-     CLKINVX1  fall   0.001   0.429   0.184  -      (94.700,190.475)    44.650   -       
CTS_cdb_inv_00077/Y
-     CLKINVX1  rise   0.170   0.599   0.140  0.005  (94.935,190.760)     0.520      1    
CTS_cdb_inv_00078/A
-     CLKINVX1  rise   0.000   0.599   0.140  -      (92.500,221.255)    32.930   -       
CTS_cdb_inv_00078/Y
-     CLKINVX1  fall   0.162   0.761   0.158  0.005  (92.735,221.540)     0.520      1    
CTS_cdb_inv_00079/A
-     CLKINVX1  fall   0.000   0.761   0.158  -      (99.100,193.895)    34.010   -       
CTS_cdb_inv_00079/Y
-     CLKINVX1  rise   0.158   0.918   0.140  0.005  (99.335,194.180)     0.520      1    
CTS_cdb_inv_00080/A
-     CLKINVX1  rise   0.000   0.919   0.140  -      (94.500,224.675)    35.330   -       
CTS_cdb_inv_00080/Y
-     CLKINVX1  fall   0.178   1.097   0.188  0.006  (94.735,224.960)     0.520      1    
CTS_cdb_inv_00081/A
-     CLKINVX1  fall   0.001   1.097   0.188  -      (98.300,185.345)    43.180   -       
CTS_cdb_inv_00081/Y
-     CLKINVX1  rise   0.148   1.246   0.099  0.003  (98.535,185.060)     0.520      1    
CTS_cdb_inv_00082/A
-     CLKINVX1  rise   0.000   1.246   0.099  -      (81.300,183.635)    18.660   -       
CTS_cdb_inv_00082/Y
-     CLKINVX1  fall   0.154   1.400   0.182  0.006  (81.535,183.920)     0.520      1    
CTS_cdb_inv_00083/A
-     CLKINVX1  fall   0.001   1.401   0.182  -      (89.300,219.545)    43.390   -       
CTS_cdb_inv_00083/Y
-     CLKINVX1  rise   0.175   1.576   0.151  0.006  (89.535,219.260)     0.520      1    
CTS_ccl_a_inv_00038/A
-     CLKINVX4  rise   0.000   1.576   0.151  -      (90.700,192.185)    28.240   -       
CTS_ccl_a_inv_00038/Y
-     CLKINVX4  fall   0.165   1.741   0.178  0.026  (91.215,191.930)     0.770      5    
CTS_ccl_a_inv_00008/A
-     CLKINVX6  fall   0.001   1.742   0.178  -      (91.100,200.545)     8.730   -       
CTS_ccl_a_inv_00008/Y
-     CLKINVX6  rise   0.152   1.895   0.159  0.039  (91.965,200.405)     1.005     41    
cores[0].core_instance_threads[2].register_instance_regfile_reg[0][1]/CK
-     DFFHQX1   rise   0.007   1.902   0.160  -      (136.875,197.570)   47.745   -       
------------------------------------------------------------------------------------------------

Timing for timing corner fast_delay:hold.late, min clock_path:
==============================================================

PathID    : 7
Path type : skew group clk/func_mode (path 1 of 1)
Start     : clk
End       : cores[1].core_instance_threads[1].register_instance_rs_reg[7]/CK
Delay     : 0.425

------------------------------------------------------------------------------------------------
Name  Lib cell  Event  Incr   Arrival  Slew   Cap    Location           Distance  Fanout  Status
                       (ns)   (ns)     (ns)   (pF)                      (um)              
-- Clockpath trace -----------------------------------------------------------------------------
clk
-     -         rise   -       0.000   0.004  0.050  (120.900,237.310)  -            6    
CTS_cdb_inv_00124/A
-     CLKINVX1  rise   0.015   0.015   0.026  -      (92.100,77.615)    188.495   -       
CTS_cdb_inv_00124/Y
-     CLKINVX1  fall   0.034   0.048   0.046  0.006  (92.335,77.900)      0.520      1    
CTS_cdb_inv_00125/A
-     CLKINVX1  fall   0.001   0.050   0.046  -      (107.500,103.265)   40.530   -       
CTS_cdb_inv_00125/Y
-     CLKINVX1  rise   0.033   0.083   0.038  0.004  (107.735,102.980)    0.520      1    
CTS_cdb_inv_00126/A
-     CLKINVX2  rise   0.001   0.083   0.038  -      (129.360,101.500)   23.105   -       
CTS_cdb_inv_00126/Y
-     CLKINVX2  fall   0.028   0.111   0.033  0.007  (129.500,101.365)    0.275      1    
CTS_cdb_inv_00127/A
-     CLKINVX1  fall   0.001   0.112   0.033  -      (86.700,106.685)    48.120   -       
CTS_cdb_inv_00127/Y
-     CLKINVX1  rise   0.025   0.137   0.028  0.003  (86.935,106.400)     0.520      1    
CTS_cdb_inv_00128/A
-     CLKINVX1  rise   0.000   0.138   0.028  -      (85.700,89.585)     18.050   -       
CTS_cdb_inv_00128/Y
-     CLKINVX1  fall   0.035   0.173   0.048  0.006  (85.935,89.300)      0.520      1    
CTS_cdb_inv_00129/A
-     CLKINVX1  fall   0.001   0.174   0.048  -      (54.700,75.905)     44.630   -       
CTS_cdb_inv_00129/Y
-     CLKINVX1  rise   0.029   0.203   0.030  0.003  (54.935,75.620)      0.520      1    
CTS_cdb_inv_00130/A
-     CLKINVX1  rise   0.000   0.204   0.030  -      (55.500,58.805)     17.380   -       
CTS_cdb_inv_00130/Y
-     CLKINVX1  fall   0.037   0.241   0.050  0.007  (55.735,58.520)      0.520      1    
CTS_cdb_inv_00131/A
-     CLKINVX1  fall   0.001   0.242   0.050  -      (53.100,101.555)    45.670   -       
CTS_cdb_inv_00131/Y
-     CLKINVX1  rise   0.039   0.282   0.048  0.006  (53.335,101.840)     0.520      1    
CTS_cdb_inv_00132/A
-     CLKINVX1  rise   0.001   0.283   0.048  -      (87.500,104.975)    37.300   -       
CTS_cdb_inv_00132/Y
-     CLKINVX1  fall   0.041   0.323   0.050  0.006  (87.735,105.260)     0.520      1    
CTS_cdb_inv_00133/A
-     CLKINVX1  fall   0.001   0.324   0.050  -      (56.500,115.235)    41.210   -       
CTS_cdb_inv_00133/Y
-     CLKINVX1  rise   0.032   0.357   0.035  0.004  (56.735,115.520)     0.520      1    
CTS_ccl_a_inv_00043/A
-     CLKINVX6  rise   0.000   0.357   0.035  -      (54.500,111.625)     6.130   -       
CTS_ccl_a_inv_00043/Y
-     CLKINVX6  fall   0.034   0.390   0.052  0.033  (55.365,111.485)     1.005      6    
CTS_ccl_a_inv_00032/A
-     CLKINVX8  fall   0.002   0.392   0.052  -      (55.295,101.550)    10.005   -       
CTS_ccl_a_inv_00032/Y
-     CLKINVX8  rise   0.032   0.425   0.049  0.042  (55.845,101.330)     0.770     50    
cores[1].core_instance_threads[1].register_instance_rs_reg[7]/CK
-     DFFX2     rise   0.001   0.425   0.050  -      (53.300,97.945)      5.930   -       
------------------------------------------------------------------------------------------------

Timing for timing corner fast_delay:hold.late, max clock_path:
==============================================================

PathID    : 8
Path type : skew group clk/func_mode (path 1 of 1)
Start     : clk
End       : cores[1].core_instance_threads[3].register_instance_regfile_reg[0][5]/CK
Delay     : 0.472

------------------------------------------------------------------------------------------------
Name  Lib cell  Event  Incr   Arrival  Slew   Cap    Location           Distance  Fanout  Status
                       (ns)   (ns)     (ns)   (pF)                      (um)              
-- Clockpath trace -----------------------------------------------------------------------------
clk
-     -         rise   -       0.000   0.004  0.050  (120.900,237.310)  -            6    
CTS_cdb_inv_00104/A
-     CLKINVX1  rise   0.013   0.013   0.026  -      (142.900,81.035)   178.275   -       
CTS_cdb_inv_00104/Y
-     CLKINVX1  fall   0.029   0.043   0.037  0.005  (143.135,81.320)     0.520      1    
CTS_cdb_inv_00105/A
-     CLKINVX1  fall   0.001   0.043   0.037  -      (145.100,110.105)   30.750   -       
CTS_cdb_inv_00105/Y
-     CLKINVX1  rise   0.041   0.084   0.055  0.007  (145.335,109.820)    0.520      1    
CTS_cdb_inv_00106/A
-     CLKINVX1  rise   0.001   0.085   0.055  -      (142.700,65.645)    46.810   -       
CTS_cdb_inv_00106/Y
-     CLKINVX1  fall   0.042   0.127   0.049  0.006  (142.935,65.360)     0.520      1    
CTS_cdb_inv_00107/A
-     CLKINVX1  fall   0.001   0.128   0.049  -      (173.500,55.385)    40.540   -       
CTS_cdb_inv_00107/Y
-     CLKINVX1  rise   0.027   0.155   0.025  0.002  (173.735,55.100)     0.520      1    
CTS_cdb_inv_00108/A
-     CLKINVX1  rise   0.000   0.155   0.025  -      (176.900,65.645)    13.710   -       
CTS_cdb_inv_00108/Y
-     CLKINVX1  fall   0.037   0.192   0.051  0.007  (177.135,65.360)     0.520      1    
CTS_cdb_inv_00109/A
-     CLKINVX1  fall   0.001   0.193   0.051  -      (140.700,51.965)    49.830   -       
CTS_cdb_inv_00109/Y
-     CLKINVX1  rise   0.026   0.219   0.023  0.002  (140.935,51.680)     0.520      1    
CTS_cdb_inv_00110/A
-     CLKINVX1  rise   0.000   0.219   0.023  -      (132.300,50.255)    10.060   -       
CTS_cdb_inv_00110/Y
-     CLKINVX1  fall   0.034   0.253   0.047  0.006  (132.535,50.540)     0.520      1    
CTS_cdb_inv_00111/A
-     CLKINVX1  fall   0.001   0.255   0.047  -      (146.300,81.035)    44.260   -       
CTS_cdb_inv_00111/Y
-     CLKINVX1  rise   0.034   0.288   0.039  0.004  (146.535,81.320)     0.520      1    
CTS_cdb_inv_00112/A
-     CLKINVX1  rise   0.001   0.289   0.039  -      (130.500,93.005)    27.720   -       
CTS_cdb_inv_00112/Y
-     CLKINVX1  fall   0.034   0.323   0.041  0.005  (130.735,92.720)     0.520      1    
CTS_cdb_inv_00113/A
-     CLKINVX1  fall   0.001   0.324   0.041  -      (149.300,79.325)    31.960   -       
CTS_cdb_inv_00113/Y
-     CLKINVX1  rise   0.022   0.346   0.020  0.002  (149.535,79.040)     0.520      1    
CTS_ccl_a_inv_00041/A
-     CLKINVX1  rise   0.000   0.346   0.020  -      (151.500,72.485)     8.520   -       
CTS_ccl_a_inv_00041/Y
-     CLKINVX1  fall   0.015   0.361   0.013  0.001  (151.735,72.200)     0.520      1    
CTS_cdb_inv_00165/A
-     CLKINVX1  fall   0.000   0.361   0.013  -      (150.500,67.355)     6.080   -       
CTS_cdb_inv_00165/Y
-     CLKINVX1  rise   0.035   0.396   0.053  0.007  (150.735,67.640)     0.520      2    
CTS_cdb_inv_00167/A
-     CLKINVX4  rise   0.001   0.396   0.053  -      (149.300,69.065)     2.860   -       
CTS_cdb_inv_00167/Y
-     CLKINVX4  fall   0.033   0.429   0.041  0.016  (149.815,68.810)     0.770      4    
CTS_ccl_a_inv_00030/A
-     CLKINVX6  fall   0.001   0.430   0.041  -      (148.500,48.735)    21.390   -       
CTS_ccl_a_inv_00030/Y
-     CLKINVX6  rise   0.038   0.468   0.060  0.043  (149.365,48.875)     1.005     50    
cores[1].core_instance_threads[3].register_instance_regfile_reg[0][5]/CK
-     DFFHQX1   rise   0.004   0.472   0.060  -      (138.075,16.310)    43.855   -       
------------------------------------------------------------------------------------------------

