###############################################################
#  Generated by:      Cadence Innovus 21.18-s099_1
#  OS:                Linux x86_64(Host ID vlsi)
#  Generated on:      Wed May 20 00:55:49 2026
#  Design:            gpu
#  Command:           report_ccopt_skew_groups -summary -file ./reports/clock_opt/skew_summary.rpt
###############################################################

Skew Group Structure:
=====================

--------------------------------------------------------------------
Skew Group       Sources    Constrained Sinks    Unconstrained Sinks
--------------------------------------------------------------------
clk/func_mode       1             1827                    0
--------------------------------------------------------------------

Skew Group Summary:
===================

----------------------------------------------------------------------------------------------------------------------------------------------------------------------
Timing Corner             Skew Group       ID Target    Min ID    Max ID    Avg ID    Std.Dev. ID    Skew Target Type    Skew Target    Skew     Skew window occupancy
----------------------------------------------------------------------------------------------------------------------------------------------------------------------
slow_delay:setup.early    clk/func_mode        -        0.415     0.463     0.443        0.014       explicit             0.200         0.048    100% {0.415, 0.463}
slow_delay:setup.late     clk/func_mode    *2.000       1.731     1.918     1.859        0.061       explicit             0.200         0.187    100% {1.731, 1.918}
fast_delay:hold.early     clk/func_mode        -        1.712     1.902     1.842        0.062       explicit             0.200         0.191    100% {1.712, 1.902}
fast_delay:hold.late      clk/func_mode        -        0.425     0.472     0.452        0.013       explicit             0.200         0.047    100% {0.425, 0.472}
----------------------------------------------------------------------------------------------------------------------------------------------------------------------

* - indicates that target was not met.

Skew Group Min/Max path pins:
=============================

-------------------------------------------------------------------------------
Timing Corner             Skew Group       Min ID    PathID    Max ID    PathID
-------------------------------------------------------------------------------
slow_delay:setup.early    clk/func_mode    0.415       -       0.463       -
-    min cores[1].core_instance_threads[1].register_instance_rs_reg[7]/CK
-    max data_memory_controller_mem_read_address_reg[15]/CK
slow_delay:setup.late     clk/func_mode    1.731       -       1.918       -
-    min cores[1].core_instance_threads[1].register_instance_rs_reg[7]/CK
-    max cores[0].core_instance_threads[2].register_instance_rt_reg[2]/CK
fast_delay:hold.early     clk/func_mode    1.712       -       1.902       -
-    min cores[1].core_instance_threads[1].register_instance_rs_reg[7]/CK
-    max cores[0].core_instance_threads[2].register_instance_rs_reg[2]/CK
fast_delay:hold.late      clk/func_mode    0.425       -       0.472       -
-    min cores[1].core_instance_threads[1].register_instance_rs_reg[7]/CK
-    max data_memory_controller_mem_read_address_reg[15]/CK
-------------------------------------------------------------------------------

