###############################################################
#  Generated by:      Cadence Innovus 21.18-s099_1
#  OS:                Linux x86_64(Host ID vlsi)
#  Generated on:      Wed May 20 00:55:49 2026
#  Design:            gpu
#  Command:           report_ccopt_clock_trees -summary -file ./reports/clock_opt/tree_summary.rpt
###############################################################

Clock DAG stats:
================

---------------------------------------------------------
Cell type                 Count    Area       Capacitance
---------------------------------------------------------
Buffers                      0       0.000       0.000
Inverters                  106     177.156       0.141
Integrated Clock Gates       0       0.000       0.000
Discrete Clock Gates         0       0.000       0.000
Clock Logic                  0       0.000       0.000
All                        106     177.156       0.141
---------------------------------------------------------


Clock DAG sink counts:
======================

-------------------------
Sink type           Count
-------------------------
Regular             1827
Enable Latch           0
Load Capacitance       0
Antenna Diode          0
Node Sink              0
Total               1827
-------------------------


Clock DAG wire lengths:
=======================

--------------------
Type     Wire Length
--------------------
Top           0.000
Trunk      2918.515
Leaf       7334.105
Total     10252.620
--------------------


Clock DAG hp wire lengths:
==========================

-----------------------
Type     hp Wire Length
-----------------------
Top            0.000
Trunk       2530.290
Leaf        2297.815
Total       4828.105
-----------------------


Clock DAG capacitances:
=======================

--------------------------------
Type     Gate     Wire     Total
--------------------------------
Top      0.000    0.000    0.000
Trunk    0.141    0.402    0.543
Leaf     0.384    1.055    1.439
Total    0.525    1.457    1.982
--------------------------------


Clock DAG sink capacitances:
============================

-----------------------------------------------
Total    Average    Std. Dev.    Min      Max
-----------------------------------------------
0.384     0.000       0.000      0.000    0.000
-----------------------------------------------


Clock DAG net violations:
=========================

None


Clock DAG primary half-corner transition distribution:
======================================================

------------------------------------------------------------------------------------------------------------------------------------------------------------------
Net Type    Target    Count    Average    Std. Dev.    Min      Max      Distribution                                                                  Over Target
------------------------------------------------------------------------------------------------------------------------------------------------------------------
Trunk       0.200      70       0.151       0.040      0.026    0.199    {16 <= 0.120ns, 17 <= 0.160ns, 15 <= 0.180ns, 13 <= 0.190ns, 9 <= 0.200ns}         -
Leaf        0.200      37       0.181       0.012      0.158    0.199    {0 <= 0.120ns, 2 <= 0.160ns, 13 <= 0.180ns, 11 <= 0.190ns, 11 <= 0.200ns}          -
------------------------------------------------------------------------------------------------------------------------------------------------------------------


Clock DAG library cell distribution:
====================================

-------------------------------------------
Name        Type        Inst     Inst Area 
                        Count    (um^2)
-------------------------------------------
CLKINVX8    inverter     15        46.170
CLKINVX6    inverter     25        59.850
CLKINVX4    inverter      4         6.840
CLKINVX2    inverter      2         2.736
CLKINVX1    inverter     60        61.560
-------------------------------------------



Please note that the following tables reflect only the defined clock trees, so the flop counts might not include all flops in your design.

Clock Tree Summary:
===================

---------------------------------------------------------------------------------------------------------------------
Clock Tree  Clock  Bufs  Invs  Other  Max       Max     Max     Max          Standard   Wire   Gate   Clock Tree Root
Name        Gates              Clock  Non-leaf  Leaf    Length  Source-sink  cell area  cap    cap    
                               Cells  Fanout    Fanout  (um)    Resistance   (um^2)     (pF)   (pF)   
                                                                (Ohms)                                
---------------------------------------------------------------------------------------------------------------------
clk           0     0    106     0       6        50    235.08    8438.36     177.156   1.457  0.525  clk
---------------------------------------------------------------------------------------------------------------------

Clock Sink Summary:
===================

-------------------------------------------------------------------------------------------------------------------------------------------
Clock Tree  Explicit      Implicit      Explicit     Implicit     Explicit   Implicit   Posedge  Negedge  Memory  Enable  Non enable  Other
Name        exclude pins  exclude pins  ignore pins  ignore pins  stop pins  stop pins  Flops    Flops    Clock   Latch   Latch       Sinks
                                                                                                          Pins    Sinks   Sinks       
-------------------------------------------------------------------------------------------------------------------------------------------
clk              0             0             0            0           0          0       1827       0       0       0         0         0
-------------------------------------------------------------------------------------------------------------------------------------------

Summary across all clock trees:
===============================

------------------------------------------------------------------------------------------------------------
Clock  Bufs  Invs  Other  Max       Average   Max     Average  Max      Max          Standard   Wire   Gate
Gates              Clock  Non-leaf  Non-leaf  Leaf    Leaf     Length   Source-sink  cell area  cap    cap
                   Cells  Fanout    Fanout    Fanout  Fanout   (um)     Resistance   (um^2)     (pF)   (pF)
                                                                        (Ohms)                         
------------------------------------------------------------------------------------------------------------
  0     0    106     0       6      1.51429     50    49.3784  235.080    843.836     177.156   1.457  0.525
------------------------------------------------------------------------------------------------------------

Clock Sink Summary across all clock trees:
==========================================

-------------------------------------------------------------------------------------------------------------------------------
Explicit      Implicit      Explicit     Implicit     Explicit   Implicit   Posedge  Negedge  Memory  Enable  Non enable  Other
exclude pins  exclude pins  ignore pins  ignore pins  stop pins  stop pins  Flops    Flops    Clock   Latch   Latch       Sinks
                                                                                              Pins    Sinks   Sinks       
-------------------------------------------------------------------------------------------------------------------------------
     0             0             0            0           0          0       1827       0       0       0         0         0
-------------------------------------------------------------------------------------------------------------------------------

Physical metrics across all clock trees:
========================================

-----------------------------------------------------------------------
Metric                               Minimum  Average  Maximum  Std.dev
-----------------------------------------------------------------------
Source-sink routed net length (um)    1.000    43.191  235.080  25.867
Source-sink manhattan distance (um)   1.250    41.254  225.655  24.134
Source-sink resistance (Ohm)          3.602   198.955  843.836  95.196
-----------------------------------------------------------------------

Transition distribution for half-corner slow_delay:setup.late:
==============================================================

------------------------------------------------------------------------------------------------------------------------------------------------------------------
Net Type    Target    Count    Average    Std. Dev.    Min      Max      Distribution                                                                  Over Target
------------------------------------------------------------------------------------------------------------------------------------------------------------------
Trunk       0.200      70       0.151       0.040      0.026    0.199    {16 <= 0.120ns, 17 <= 0.160ns, 15 <= 0.180ns, 13 <= 0.190ns, 9 <= 0.200ns}         -
Leaf        0.200      37       0.181       0.012      0.158    0.199    {0 <= 0.120ns, 2 <= 0.160ns, 13 <= 0.180ns, 11 <= 0.190ns, 11 <= 0.200ns}          -
------------------------------------------------------------------------------------------------------------------------------------------------------------------

Count of violations across all clock trees:
===========================================

---------------------------------------------------------------------------------------
Clock Tree  # Max capacitance  # Max resistance  # Max length  # Max fanout  # Slew
Name        violations         violations        violations    violations    violations
---------------------------------------------------------------------------------------
clk                 0                 0               0             0            0
---------------------------------------------------------------------------------------
Total               0                 0               0             0            0
---------------------------------------------------------------------------------------

Note the above table per clock tree is based on CCOpt clock tree view. The violations are counted across half corners.

Found a total of 0 clock tree pins with max capacitance violations.
Found a total of 0 clock tree nets with max resistance violations.
Found a total of 0 clock tree nets with max length violations.
Found a total of 0 clock tree nets with max fanout violations.
Found a total of 0 clock tree pins with a slew violation.

Clock Timing Summary:
=====================

Target and measured clock slews (in ns):

---------------------------------------------------------------------------------------------------------------------------------------------
Clock tree  Timing Corner           Worst Rising  Worst Falling  Worst Rising  Worst Falling  Leaf Slew    Leaf Slew  Trunk Slew   Trunk Slew
                                    Leaf Slew     Leaf Slew      Trunk Slew    Trunk Slew     Target Type  Target     Target Type  Target
---------------------------------------------------------------------------------------------------------------------------------------------
clk         slow_delay:setup.early     0.060          0.064         0.055          0.056      ignored          -      ignored          -
clk         slow_delay:setup.late      0.167          0.199         0.172          0.199      explicit      0.200     explicit      0.200
clk         fast_delay:hold.early      0.164          0.197         0.172          0.198      ignored          -      ignored          -
clk         fast_delay:hold.late       0.062          0.066         0.059          0.060      ignored          -      ignored          -
---------------------------------------------------------------------------------------------------------------------------------------------

* - indicates that target was not met.

auto extracted - target was extracted from SDC.
auto computed - target was computed when balancing trees.

Total Transition Slacks Summary:
================================

-------------------------------------------------------------------------------------------------
Total       Total Leaf    Total        Total Leaf    Mean        Median      Std.Dev     Worst
Overslew    Overslew      Underslew    Underslew     Overslew    Overslew    Overslew    Overslew
-------------------------------------------------------------------------------------------------
 0.000        0.000        -4.095        -0.691       0.000       0.000       0.000       0.000
-------------------------------------------------------------------------------------------------

Transition times measured in the half-corner slow_delay:setup.late

Top Underslews:

-------------------------------------
Driving node           Underslew (ns)
-------------------------------------
clk                        -0.174
CTS_ccl_a_inv_00041        -0.147
CTS_cdb_inv_00103          -0.131
CTS_cdb_inv_00113          -0.127
CTS_cdb_inv_00085          -0.119
CTS_cdb_inv_00109          -0.117
CTS_cdb_inv_00107          -0.108
CTS_cdb_inv_00093          -0.100
CTS_cdb_inv_00127          -0.100
CTS_cdb_inv_00129          -0.090
-------------------------------------

