###############################################################
#  Generated by:      Cadence Innovus 21.18-s099_1
#  OS:                Linux x86_64(Host ID vlsi)
#  Generated on:      Thu May 21 03:39:05 2026
#  Design:            gpu
#  Command:           report_ccopt_skew_groups -file ./reports/clock_opt/ccopt_skew_groups.rpt
###############################################################

Skew Group Structure:
=====================

--------------------------------------------------------------------
Skew Group       Sources    Constrained Sinks    Unconstrained Sinks
--------------------------------------------------------------------
clk/func_mode       1             1827                    0
--------------------------------------------------------------------

Skew Group Summary:
===================

----------------------------------------------------------------------------------------------------------------------------------------------------------------------
Timing Corner             Skew Group       ID Target    Min ID    Max ID    Avg ID    Std.Dev. ID    Skew Target Type    Skew Target    Skew     Skew window occupancy
----------------------------------------------------------------------------------------------------------------------------------------------------------------------
slow_delay:setup.early    clk/func_mode        -        0.105     0.293     0.194        0.031       ignored                  -         0.188              -
slow_delay:setup.late     clk/func_mode    none         0.366     1.142     0.689        0.124       explicit            *0.250         0.776    69.8% {0.592, 0.842}
fast_delay:hold.early     clk/func_mode        -        0.366     1.136     0.692        0.124       ignored                  -         0.771              -
fast_delay:hold.late      clk/func_mode        -        0.106     0.294     0.195        0.031       ignored                  -         0.188              -
----------------------------------------------------------------------------------------------------------------------------------------------------------------------

* - indicates that target was not met.

Skew Group Min/Max path pins:
=============================

---------------------------------------------------------------------------------
Timing Corner             Skew Group       Min ID    PathID    Max ID    PathID
---------------------------------------------------------------------------------
slow_delay:setup.early    clk/func_mode    0.105       1       0.293       2
-    min cores[0].core_instance_threads[3].register_instance_regfile_reg[8][4]/CK
-    max cores[0].core_instance_threads[0].alu_instance_alu_out_reg[0]/CK
slow_delay:setup.late     clk/func_mode    0.366       3       1.142       4
-    min cores[1].core_instance_threads[3].register_instance_regfile_reg[3][4]/CK
-    max cores[0].core_instance_threads[0].register_instance_rs_reg[4]/CK
fast_delay:hold.early     clk/func_mode    0.366       5       1.136       6
-    min cores[1].core_instance_threads[3].register_instance_regfile_reg[3][4]/CK
-    max cores[0].core_instance_threads[0].alu_instance_alu_out_reg[0]/CK
fast_delay:hold.late      clk/func_mode    0.106       7       0.294       8
-    min cores[0].core_instance_threads[3].register_instance_regfile_reg[8][4]/CK
-    max cores[0].core_instance_threads[0].alu_instance_alu_out_reg[0]/CK
---------------------------------------------------------------------------------

Timing for timing corner slow_delay:setup.early, min clock_path:
================================================================

PathID    : 1
Path type : skew group clk/func_mode (path 1 of 1)
Start     : clk
End       : cores[0].core_instance_threads[3].register_instance_regfile_reg[8][4]/CK
Delay     : 0.105

------------------------------------------------------------------------------------------------
Name  Lib cell  Event  Incr   Arrival  Slew   Cap    Location           Distance  Fanout  Status
                       (ns)   (ns)     (ns)   (pF)                      (um)              
-- Clockpath trace -----------------------------------------------------------------------------
clk
-     -         rise   -       0.000   0.004  0.054  (120.900,237.310)  -            7    
CTS_ccl_a_buf_00093/A
-     CLKBUFX2  rise   0.003   0.003   0.009  -      (131.165,215.895)   31.680   -       
CTS_ccl_a_buf_00093/Y
-     CLKBUFX2  rise   0.030   0.033   0.024  0.006  (130.810,216.365)    0.825      2    
CTS_cdb_buf_00114/A
-     CLKBUFX2  rise   0.000   0.033   0.024  -      (166.565,215.895)   36.225   -       
CTS_cdb_buf_00114/Y
-     CLKBUFX2  rise   0.023   0.056   0.006  0.001  (166.210,216.365)    0.825      1    
CTS_ccl_a_buf_00011/A
-     CLKBUFX2  rise   0.000   0.056   0.006  -      (167.965,215.895)    2.225   -       
CTS_ccl_a_buf_00011/Y
-     CLKBUFX2  rise   0.049   0.105   0.059  0.015  (167.610,216.365)    0.825     20    
cores[0].core_instance_threads[3].register_instance_regfile_reg[8][4]/CK
-     DFFHQX1   rise   0.000   0.105   0.059  -      (170.875,215.870)    3.760   -       
------------------------------------------------------------------------------------------------

Timing for timing corner slow_delay:setup.early, max clock_path:
================================================================

PathID    : 2
Path type : skew group clk/func_mode (path 1 of 1)
Start     : clk
End       : cores[0].core_instance_threads[0].alu_instance_alu_out_reg[0]/CK
Delay     : 0.293

------------------------------------------------------------------------------------------------
Name  Lib cell  Event  Incr   Arrival  Slew   Cap    Location           Distance  Fanout  Status
                       (ns)   (ns)     (ns)   (pF)                      (um)              
-- Clockpath trace -----------------------------------------------------------------------------
clk
-     -         rise   -       0.000   0.004  0.054  (120.900,237.310)  -            7    
CTS_ccl_a_buf_00094/A
-     CLKBUFX3  rise   0.003   0.003   0.009  -      (111.300,217.835)   29.075   -       
CTS_ccl_a_buf_00094/Y
-     CLKBUFX3  rise   0.019   0.022   0.005  0.001  (111.085,218.420)    0.800      1    
FE_USKC5777_CTS_84/A
-     CLKBUFX2  rise   0.000   0.022   0.005  -      (109.765,218.065)    1.675   -       
FE_USKC5777_CTS_84/Y
-     CLKBUFX2  rise   0.020   0.041   0.006  0.001  (109.410,217.595)    0.825      1    
FE_USKC5717_CTS_84/A
-     CLKBUFX3  rise   0.000   0.042   0.006  -      (108.500,217.835)    1.150   -       
FE_USKC5717_CTS_84/Y
-     CLKBUFX3  rise   0.019   0.060   0.005  0.001  (108.285,218.420)    0.800      1    
FE_USKC5778_CTS_84/A
-     CLKBUFX3  rise   0.000   0.060   0.005  -      (107.100,217.835)    1.770   -       
FE_USKC5778_CTS_84/Y
-     CLKBUFX3  rise   0.029   0.090   0.024  0.009  (106.885,218.420)    0.800      3    
CTS_cdb_buf_00115/A
-     CLKBUFX2  rise   0.001   0.091   0.024  -      (59.165,214.645)    51.495   -       
CTS_cdb_buf_00115/Y
-     CLKBUFX2  rise   0.024   0.115   0.008  0.001  (58.810,214.175)     0.825      1    
FE_USKC5874_CTS_16/A
-     CLKBUFX2  rise   0.000   0.115   0.008  -      (60.165,214.645)     1.825   -       
FE_USKC5874_CTS_16/Y
-     CLKBUFX2  rise   0.020   0.134   0.006  0.001  (59.810,214.175)     0.825      1    
FE_USKC5710_CTS_16/A
-     CLKBUFX2  rise   0.000   0.135   0.006  -      (56.765,209.055)     8.165   -       
FE_USKC5710_CTS_16/Y
-     CLKBUFX2  rise   0.023   0.158   0.012  0.002  (56.410,209.525)     0.825      1    
CTS_ccl_a_buf_00013/A
-     CLKBUFX4  rise   0.000   0.158   0.012  -      (53.830,204.160)     7.945   -       
CTS_ccl_a_buf_00013/Y
-     CLKBUFX4  rise   0.022   0.180   0.006  0.001  (53.560,203.780)     0.650      1    
FE_USKC5875_CTS_72/A
-     CLKBUFX3  rise   0.000   0.180   0.006  -      (54.700,202.445)     2.475   -       
FE_USKC5875_CTS_72/Y
-     CLKBUFX3  rise   0.019   0.199   0.005  0.001  (54.485,201.860)     0.800      1    
FE_USKC5709_CTS_72/A
-     CLKBUFX4  rise   0.000   0.199   0.005  -      (56.030,202.440)     2.125   -       
FE_USKC5709_CTS_72/Y
-     CLKBUFX4  rise   0.044   0.243   0.049  0.024  (55.760,202.820)     0.650     20    
FE_USKC5771_CTS_72/A
-     CLKBUFX2  rise   0.002   0.245   0.049  -      (42.965,191.955)    23.660   -       
FE_USKC5771_CTS_72/Y
-     CLKBUFX2  rise   0.027   0.272   0.006  0.001  (42.610,192.425)     0.825      1    
FE_USKC5844_CTS_72/A
-     CLKBUFX2  rise   0.000   0.272   0.006  -      (41.965,191.955)     1.115   -       
FE_USKC5844_CTS_72/Y
-     CLKBUFX2  rise   0.020   0.293   0.007  0.001  (41.610,192.425)     0.825      1    
cores[0].core_instance_threads[0].alu_instance_alu_out_reg[0]/CK
-     DFFHQX1   rise   0.000   0.293   0.007  -      (43.075,190.730)     3.160   -       
------------------------------------------------------------------------------------------------

Timing for timing corner slow_delay:setup.late, min clock_path:
===============================================================

PathID    : 3
Path type : skew group clk/func_mode (path 1 of 1)
Start     : clk
End       : cores[1].core_instance_threads[3].register_instance_regfile_reg[3][4]/CK
Delay     : 0.366

------------------------------------------------------------------------------------------------
Name  Lib cell  Event  Incr   Arrival  Slew   Cap    Location           Distance  Fanout  Status
                       (ns)   (ns)     (ns)   (pF)                      (um)              
-- Clockpath trace -----------------------------------------------------------------------------
clk
-     -         rise   -       0.000   0.004  0.054  (120.900,237.310)  -            7    
CTS_ccl_a_buf_00099/A
-     CLKBUFX2  rise   0.014   0.014   0.024  -      (126.365,43.645)   199.130   -       
CTS_ccl_a_buf_00099/Y
-     CLKBUFX2  rise   0.123   0.136   0.095  0.008  (126.010,43.175)     0.825      2    
CTS_ccl_a_buf_00007/A
-     CLKBUFX2  rise   0.001   0.137   0.095  -      (164.165,29.965)    51.365   -       
CTS_ccl_a_buf_00007/Y
-     CLKBUFX2  rise   0.127   0.264   0.036  0.002  (163.810,29.495)     0.825      1    
CTS_cdb_buf_00121/A
-     CLKBUFX6  rise   0.000   0.264   0.036  -      (160.700,24.795)     7.810   -       
CTS_cdb_buf_00121/Y
-     CLKBUFX6  rise   0.102   0.366   0.066  0.015  (160.150,24.805)     0.560     20    
cores[1].core_instance_threads[3].register_instance_regfile_reg[3][4]/CK
-     DFFHQX1   rise   0.000   0.366   0.066  -      (158.675,23.150)     3.130   -       
------------------------------------------------------------------------------------------------

Timing for timing corner slow_delay:setup.late, max clock_path:
===============================================================

PathID    : 4
Path type : skew group clk/func_mode (path 1 of 1)
Start     : clk
End       : cores[0].core_instance_threads[0].register_instance_rs_reg[4]/CK
Delay     : 1.142

------------------------------------------------------------------------------------------------
Name  Lib cell  Event  Incr   Arrival  Slew   Cap    Location           Distance  Fanout  Status
                       (ns)   (ns)     (ns)   (pF)                      (um)              
-- Clockpath trace -----------------------------------------------------------------------------
clk
-     -         rise   -       0.000   0.004  0.054  (120.900,237.310)  -            7    
CTS_ccl_a_buf_00094/A
-     CLKBUFX3  rise   0.003   0.003   0.009  -      (111.300,217.835)   29.075   -       
CTS_ccl_a_buf_00094/Y
-     CLKBUFX3  rise   0.064   0.066   0.018  0.001  (111.085,218.420)    0.800      1    
FE_USKC5777_CTS_84/A
-     CLKBUFX2  rise   0.000   0.066   0.018  -      (109.765,218.065)    1.675   -       
FE_USKC5777_CTS_84/Y
-     CLKBUFX2  rise   0.079   0.146   0.022  0.001  (109.410,217.595)    0.825      1    
FE_USKC5717_CTS_84/A
-     CLKBUFX3  rise   0.000   0.146   0.022  -      (108.500,217.835)    1.150   -       
FE_USKC5717_CTS_84/Y
-     CLKBUFX3  rise   0.070   0.216   0.019  0.001  (108.285,218.420)    0.800      1    
FE_USKC5778_CTS_84/A
-     CLKBUFX3  rise   0.000   0.216   0.019  -      (107.100,217.835)    1.770   -       
FE_USKC5778_CTS_84/Y
-     CLKBUFX3  rise   0.100   0.316   0.075  0.009  (106.885,218.420)    0.800      3    
CTS_cdb_buf_00115/A
-     CLKBUFX2  rise   0.001   0.317   0.075  -      (59.165,214.645)    51.495   -       
CTS_cdb_buf_00115/Y
-     CLKBUFX2  rise   0.112   0.428   0.028  0.001  (58.810,214.175)     0.825      1    
FE_USKC5874_CTS_16/A
-     CLKBUFX2  rise   0.000   0.428   0.028  -      (60.165,214.645)     1.825   -       
FE_USKC5874_CTS_16/Y
-     CLKBUFX2  rise   0.085   0.514   0.024  0.001  (59.810,214.175)     0.825      1    
FE_USKC5710_CTS_16/A
-     CLKBUFX2  rise   0.000   0.514   0.024  -      (56.765,209.055)     8.165   -       
FE_USKC5710_CTS_16/Y
-     CLKBUFX2  rise   0.092   0.606   0.040  0.002  (56.410,209.525)     0.825      1    
CTS_ccl_a_buf_00013/A
-     CLKBUFX4  rise   0.000   0.606   0.040  -      (53.830,204.160)     7.945   -       
CTS_ccl_a_buf_00013/Y
-     CLKBUFX4  rise   0.090   0.696   0.023  0.001  (53.560,203.780)     0.650      1    
FE_USKC5875_CTS_72/A
-     CLKBUFX3  rise   0.000   0.696   0.023  -      (54.700,202.445)     2.475   -       
FE_USKC5875_CTS_72/Y
-     CLKBUFX3  rise   0.071   0.767   0.019  0.001  (54.485,201.860)     0.800      1    
FE_USKC5709_CTS_72/A
-     CLKBUFX4  rise   0.000   0.767   0.019  -      (56.030,202.440)     2.125   -       
FE_USKC5709_CTS_72/Y
-     CLKBUFX4  rise   0.144   0.911   0.139  0.024  (55.760,202.820)     0.650     20    
cores[0].core_instance_threads[0].register_instance_rs_reg[4]/CK
-     DFFHQX4   rise   0.000   0.911   0.139  -      (56.700,202.825)     0.945   -       
Pin Insertion delay
-     -         rise   0.231   1.142   -      -      -                  -         -       -
------------------------------------------------------------------------------------------------

Timing for timing corner fast_delay:hold.early, min clock_path:
===============================================================

PathID    : 5
Path type : skew group clk/func_mode (path 1 of 1)
Start     : clk
End       : cores[1].core_instance_threads[3].register_instance_regfile_reg[3][4]/CK
Delay     : 0.366

------------------------------------------------------------------------------------------------
Name  Lib cell  Event  Incr   Arrival  Slew   Cap    Location           Distance  Fanout  Status
                       (ns)   (ns)     (ns)   (pF)                      (um)              
-- Clockpath trace -----------------------------------------------------------------------------
clk
-     -         rise   -       0.000   0.004  0.055  (120.900,237.310)  -            7    
CTS_ccl_a_buf_00099/A
-     CLKBUFX2  rise   0.014   0.014   0.024  -      (126.365,43.645)   199.130   -       
CTS_ccl_a_buf_00099/Y
-     CLKBUFX2  rise   0.123   0.136   0.095  0.008  (126.010,43.175)     0.825      2    
CTS_ccl_a_buf_00007/A
-     CLKBUFX2  rise   0.001   0.137   0.095  -      (164.165,29.965)    51.365   -       
CTS_ccl_a_buf_00007/Y
-     CLKBUFX2  rise   0.126   0.264   0.036  0.002  (163.810,29.495)     0.825      1    
CTS_cdb_buf_00121/A
-     CLKBUFX6  rise   0.000   0.264   0.036  -      (160.700,24.795)     7.810   -       
CTS_cdb_buf_00121/Y
-     CLKBUFX6  rise   0.102   0.365   0.066  0.016  (160.150,24.805)     0.560     20    
cores[1].core_instance_threads[3].register_instance_regfile_reg[3][4]/CK
-     DFFHQX1   rise   0.000   0.366   0.066  -      (158.675,23.150)     3.130   -       
------------------------------------------------------------------------------------------------

Timing for timing corner fast_delay:hold.early, max clock_path:
===============================================================

PathID    : 6
Path type : skew group clk/func_mode (path 1 of 1)
Start     : clk
End       : cores[0].core_instance_threads[0].alu_instance_alu_out_reg[0]/CK
Delay     : 1.136

------------------------------------------------------------------------------------------------
Name  Lib cell  Event  Incr   Arrival  Slew   Cap    Location           Distance  Fanout  Status
                       (ns)   (ns)     (ns)   (pF)                      (um)              
-- Clockpath trace -----------------------------------------------------------------------------
clk
-     -         rise   -       0.000   0.004  0.055  (120.900,237.310)  -            7    
CTS_ccl_a_buf_00094/A
-     CLKBUFX3  rise   0.003   0.003   0.009  -      (111.300,217.835)   29.075   -       
CTS_ccl_a_buf_00094/Y
-     CLKBUFX3  rise   0.064   0.066   0.018  0.001  (111.085,218.420)    0.800      1    
FE_USKC5777_CTS_84/A
-     CLKBUFX2  rise   0.000   0.066   0.018  -      (109.765,218.065)    1.675   -       
FE_USKC5777_CTS_84/Y
-     CLKBUFX2  rise   0.079   0.146   0.022  0.001  (109.410,217.595)    0.825      1    
FE_USKC5717_CTS_84/A
-     CLKBUFX3  rise   0.000   0.146   0.022  -      (108.500,217.835)    1.150   -       
FE_USKC5717_CTS_84/Y
-     CLKBUFX3  rise   0.070   0.216   0.019  0.001  (108.285,218.420)    0.800      1    
FE_USKC5778_CTS_84/A
-     CLKBUFX3  rise   0.000   0.216   0.019  -      (107.100,217.835)    1.770   -       
FE_USKC5778_CTS_84/Y
-     CLKBUFX3  rise   0.100   0.316   0.074  0.009  (106.885,218.420)    0.800      3    
CTS_cdb_buf_00115/A
-     CLKBUFX2  rise   0.001   0.317   0.074  -      (59.165,214.645)    51.495   -       
CTS_cdb_buf_00115/Y
-     CLKBUFX2  rise   0.111   0.428   0.028  0.001  (58.810,214.175)     0.825      1    
FE_USKC5874_CTS_16/A
-     CLKBUFX2  rise   0.000   0.428   0.028  -      (60.165,214.645)     1.825   -       
FE_USKC5874_CTS_16/Y
-     CLKBUFX2  rise   0.085   0.513   0.024  0.001  (59.810,214.175)     0.825      1    
FE_USKC5710_CTS_16/A
-     CLKBUFX2  rise   0.000   0.513   0.024  -      (56.765,209.055)     8.165   -       
FE_USKC5710_CTS_16/Y
-     CLKBUFX2  rise   0.092   0.605   0.040  0.002  (56.410,209.525)     0.825      1    
CTS_ccl_a_buf_00013/A
-     CLKBUFX4  rise   0.000   0.606   0.040  -      (53.830,204.160)     7.945   -       
CTS_ccl_a_buf_00013/Y
-     CLKBUFX4  rise   0.090   0.696   0.023  0.001  (53.560,203.780)     0.650      1    
FE_USKC5875_CTS_72/A
-     CLKBUFX3  rise   0.000   0.696   0.023  -      (54.700,202.445)     2.475   -       
FE_USKC5875_CTS_72/Y
-     CLKBUFX3  rise   0.071   0.766   0.019  0.001  (54.485,201.860)     0.800      1    
FE_USKC5709_CTS_72/A
-     CLKBUFX4  rise   0.000   0.767   0.019  -      (56.030,202.440)     2.125   -       
FE_USKC5709_CTS_72/Y
-     CLKBUFX4  rise   0.143   0.910   0.138  0.026  (55.760,202.820)     0.650     20    
FE_USKC5771_CTS_72/A
-     CLKBUFX2  rise   0.001   0.911   0.138  -      (42.965,191.955)    23.660   -       
FE_USKC5771_CTS_72/Y
-     CLKBUFX2  rise   0.141   1.053   0.022  0.001  (42.610,192.425)     0.825      1    
FE_USKC5844_CTS_72/A
-     CLKBUFX2  rise   0.000   1.053   0.022  -      (41.965,191.955)     1.115   -       
FE_USKC5844_CTS_72/Y
-     CLKBUFX2  rise   0.084   1.136   0.026  0.001  (41.610,192.425)     0.825      1    
cores[0].core_instance_threads[0].alu_instance_alu_out_reg[0]/CK
-     DFFHQX1   rise   0.000   1.136   0.026  -      (43.075,190.730)     3.160   -       
------------------------------------------------------------------------------------------------

Timing for timing corner fast_delay:hold.late, min clock_path:
==============================================================

PathID    : 7
Path type : skew group clk/func_mode (path 1 of 1)
Start     : clk
End       : cores[0].core_instance_threads[3].register_instance_regfile_reg[8][4]/CK
Delay     : 0.106

------------------------------------------------------------------------------------------------
Name  Lib cell  Event  Incr   Arrival  Slew   Cap    Location           Distance  Fanout  Status
                       (ns)   (ns)     (ns)   (pF)                      (um)              
-- Clockpath trace -----------------------------------------------------------------------------
clk
-     -         rise   -       0.000   0.004  0.055  (120.900,237.310)  -            7    
CTS_ccl_a_buf_00093/A
-     CLKBUFX2  rise   0.003   0.003   0.009  -      (131.165,215.895)   31.680   -       
CTS_ccl_a_buf_00093/Y
-     CLKBUFX2  rise   0.030   0.033   0.025  0.006  (130.810,216.365)    0.825      2    
CTS_cdb_buf_00114/A
-     CLKBUFX2  rise   0.001   0.034   0.025  -      (166.565,215.895)   36.225   -       
CTS_cdb_buf_00114/Y
-     CLKBUFX2  rise   0.023   0.057   0.006  0.001  (166.210,216.365)    0.825      1    
CTS_ccl_a_buf_00011/A
-     CLKBUFX2  rise   0.000   0.057   0.006  -      (167.965,215.895)    2.225   -       
CTS_ccl_a_buf_00011/Y
-     CLKBUFX2  rise   0.050   0.106   0.060  0.017  (167.610,216.365)    0.825     20    
cores[0].core_instance_threads[3].register_instance_regfile_reg[8][4]/CK
-     DFFHQX1   rise   0.000   0.106   0.060  -      (170.875,215.870)    3.760   -       
------------------------------------------------------------------------------------------------

Timing for timing corner fast_delay:hold.late, max clock_path:
==============================================================

PathID    : 8
Path type : skew group clk/func_mode (path 1 of 1)
Start     : clk
End       : cores[0].core_instance_threads[0].alu_instance_alu_out_reg[0]/CK
Delay     : 0.294

------------------------------------------------------------------------------------------------
Name  Lib cell  Event  Incr   Arrival  Slew   Cap    Location           Distance  Fanout  Status
                       (ns)   (ns)     (ns)   (pF)                      (um)              
-- Clockpath trace -----------------------------------------------------------------------------
clk
-     -         rise   -       0.000   0.004  0.055  (120.900,237.310)  -            7    
CTS_ccl_a_buf_00094/A
-     CLKBUFX3  rise   0.003   0.003   0.009  -      (111.300,217.835)   29.075   -       
CTS_ccl_a_buf_00094/Y
-     CLKBUFX3  rise   0.019   0.022   0.005  0.001  (111.085,218.420)    0.800      1    
FE_USKC5777_CTS_84/A
-     CLKBUFX2  rise   0.000   0.022   0.005  -      (109.765,218.065)    1.675   -       
FE_USKC5777_CTS_84/Y
-     CLKBUFX2  rise   0.020   0.042   0.006  0.001  (109.410,217.595)    0.825      1    
FE_USKC5717_CTS_84/A
-     CLKBUFX3  rise   0.000   0.042   0.006  -      (108.500,217.835)    1.150   -       
FE_USKC5717_CTS_84/Y
-     CLKBUFX3  rise   0.019   0.060   0.005  0.001  (108.285,218.420)    0.800      1    
FE_USKC5778_CTS_84/A
-     CLKBUFX3  rise   0.000   0.061   0.005  -      (107.100,217.835)    1.770   -       
FE_USKC5778_CTS_84/Y
-     CLKBUFX3  rise   0.029   0.090   0.025  0.009  (106.885,218.420)    0.800      3    
CTS_cdb_buf_00115/A
-     CLKBUFX2  rise   0.001   0.091   0.025  -      (59.165,214.645)    51.495   -       
CTS_cdb_buf_00115/Y
-     CLKBUFX2  rise   0.024   0.115   0.008  0.001  (58.810,214.175)     0.825      1    
FE_USKC5874_CTS_16/A
-     CLKBUFX2  rise   0.000   0.115   0.008  -      (60.165,214.645)     1.825   -       
FE_USKC5874_CTS_16/Y
-     CLKBUFX2  rise   0.020   0.135   0.006  0.001  (59.810,214.175)     0.825      1    
FE_USKC5710_CTS_16/A
-     CLKBUFX2  rise   0.000   0.135   0.006  -      (56.765,209.055)     8.165   -       
FE_USKC5710_CTS_16/Y
-     CLKBUFX2  rise   0.023   0.158   0.012  0.002  (56.410,209.525)     0.825      1    
CTS_ccl_a_buf_00013/A
-     CLKBUFX4  rise   0.000   0.158   0.012  -      (53.830,204.160)     7.945   -       
CTS_ccl_a_buf_00013/Y
-     CLKBUFX4  rise   0.022   0.181   0.006  0.001  (53.560,203.780)     0.650      1    
FE_USKC5875_CTS_72/A
-     CLKBUFX3  rise   0.000   0.181   0.006  -      (54.700,202.445)     2.475   -       
FE_USKC5875_CTS_72/Y
-     CLKBUFX3  rise   0.019   0.200   0.005  0.001  (54.485,201.860)     0.800      1    
FE_USKC5709_CTS_72/A
-     CLKBUFX4  rise   0.000   0.200   0.005  -      (56.030,202.440)     2.125   -       
FE_USKC5709_CTS_72/Y
-     CLKBUFX4  rise   0.045   0.245   0.050  0.026  (55.760,202.820)     0.650     20    
FE_USKC5771_CTS_72/A
-     CLKBUFX2  rise   0.002   0.246   0.050  -      (42.965,191.955)    23.660   -       
FE_USKC5771_CTS_72/Y
-     CLKBUFX2  rise   0.028   0.274   0.006  0.001  (42.610,192.425)     0.825      1    
FE_USKC5844_CTS_72/A
-     CLKBUFX2  rise   0.000   0.274   0.006  -      (41.965,191.955)     1.115   -       
FE_USKC5844_CTS_72/Y
-     CLKBUFX2  rise   0.020   0.294   0.007  0.001  (41.610,192.425)     0.825      1    
cores[0].core_instance_threads[0].alu_instance_alu_out_reg[0]/CK
-     DFFHQX1   rise   0.000   0.294   0.007  -      (43.075,190.730)     3.160   -       
------------------------------------------------------------------------------------------------

