###############################################################
#  Generated by:      Cadence Innovus 21.18-s099_1
#  OS:                Linux x86_64(Host ID vlsi)
#  Generated on:      Thu May 21 03:39:04 2026
#  Design:            gpu
#  Command:           report_ccopt_clock_trees -file ./reports/clock_opt/ccopt_clock_trees.rpt
###############################################################

Clock DAG stats:
================

---------------------------------------------------------
Cell type                 Count    Area       Capacitance
---------------------------------------------------------
Buffers                    194     406.296       0.074
Inverters                    0       0.000       0.000
Integrated Clock Gates       0       0.000       0.000
Discrete Clock Gates         0       0.000       0.000
Clock Logic                  0       0.000       0.000
All                        194     406.296       0.074
---------------------------------------------------------


Clock DAG sink counts:
======================

-------------------------
Sink type           Count
-------------------------
Regular             1827
Enable Latch           0
Load Capacitance       0
Antenna Diode          0
Node Sink              0
Total               1827
-------------------------


Clock DAG wire lengths:
=======================

--------------------
Type     Wire Length
--------------------
Top           0.000
Trunk      2112.375
Leaf       8210.245
Total     10322.620
--------------------


Clock DAG hp wire lengths:
==========================

-----------------------
Type     hp Wire Length
-----------------------
Top            0.000
Trunk       1346.770
Leaf        3425.030
Total       4771.800
-----------------------


Clock DAG capacitances:
=======================

--------------------------------
Type     Gate     Wire     Total
--------------------------------
Top      0.000    0.000    0.000
Trunk    0.071    0.295    0.366
Leaf     0.387    1.162    1.548
Total    0.458    1.456    1.914
--------------------------------


Clock DAG sink capacitances:
============================

-----------------------------------------------
Total    Average    Std. Dev.    Min      Max
-----------------------------------------------
0.384     0.000       0.000      0.000    0.000
-----------------------------------------------


Clock DAG net violations:
=========================

None


Clock DAG primary half-corner transition distribution:
======================================================

------------------------------------------------------------------------------------------------------------------------------------------------------------------
Net Type    Target    Count    Average    Std. Dev.    Min      Max      Distribution                                                                  Over Target
------------------------------------------------------------------------------------------------------------------------------------------------------------------
Trunk       0.200      96       0.041       0.040      0.020    0.188    {88 <= 0.120ns, 3 <= 0.160ns, 4 <= 0.180ns, 1 <= 0.190ns, 0 <= 0.200ns}            -
Leaf        0.200      99       0.140       0.044      0.021    0.199    {20 <= 0.120ns, 47 <= 0.160ns, 13 <= 0.180ns, 11 <= 0.190ns, 8 <= 0.200ns}         -
------------------------------------------------------------------------------------------------------------------------------------------------------------------


Clock DAG library cell distribution:
====================================

-----------------------------------------
Name        Type      Inst     Inst Area 
                      Count    (um^2)
-----------------------------------------
CLKBUFX8    buffer      2         7.524
CLKBUFX6    buffer     22        67.716
CLKBUFX4    buffer     12        28.728
CLKBUFX3    buffer     94       192.888
CLKBUFX2    buffer     64       109.440
-----------------------------------------



Please note that the following tables reflect only the defined clock trees, so the flop counts might not include all flops in your design.

Clock Tree Summary:
===================

---------------------------------------------------------------------------------------------------------------------
Clock Tree  Clock  Bufs  Invs  Other  Max       Max     Max     Max          Standard   Wire   Gate   Clock Tree Root
Name        Gates              Clock  Non-leaf  Leaf    Length  Source-sink  cell area  cap    cap    
                               Cells  Fanout    Fanout  (um)    Resistance   (um^2)     (pF)   (pF)   
                                                                (Ohms)                                
---------------------------------------------------------------------------------------------------------------------
clk           0    194    0      0       15       20    235.81    8304.21     406.296   1.456  0.458  clk
---------------------------------------------------------------------------------------------------------------------

Clock Sink Summary:
===================

-------------------------------------------------------------------------------------------------------------------------------------------
Clock Tree  Explicit      Implicit      Explicit     Implicit     Explicit   Implicit   Posedge  Negedge  Memory  Enable  Non enable  Other
Name        exclude pins  exclude pins  ignore pins  ignore pins  stop pins  stop pins  Flops    Flops    Clock   Latch   Latch       Sinks
                                                                                                          Pins    Sinks   Sinks       
-------------------------------------------------------------------------------------------------------------------------------------------
clk              0             0             0            0           0          0       1827       0       0       0         0         0
-------------------------------------------------------------------------------------------------------------------------------------------

Summary across all clock trees:
===============================

------------------------------------------------------------------------------------------------------------
Clock  Bufs  Invs  Other  Max       Average   Max     Average  Max      Max          Standard   Wire   Gate
Gates              Clock  Non-leaf  Non-leaf  Leaf    Leaf     Length   Source-sink  cell area  cap    cap
                   Cells  Fanout    Fanout    Fanout  Fanout   (um)     Resistance   (um^2)     (pF)   (pF)
                                                                        (Ohms)                         
------------------------------------------------------------------------------------------------------------
  0    194    0      0       15     1.94792     20    18.5253  235.810    830.421     406.296   1.456  0.458
------------------------------------------------------------------------------------------------------------

Clock Sink Summary across all clock trees:
==========================================

-------------------------------------------------------------------------------------------------------------------------------
Explicit      Implicit      Explicit     Implicit     Explicit   Implicit   Posedge  Negedge  Memory  Enable  Non enable  Other
exclude pins  exclude pins  ignore pins  ignore pins  stop pins  stop pins  Flops    Flops    Clock   Latch   Latch       Sinks
                                                                                              Pins    Sinks   Sinks       
-------------------------------------------------------------------------------------------------------------------------------
     0             0             0            0           0          0       1827       0       0       0         0         0
-------------------------------------------------------------------------------------------------------------------------------

Physical metrics across all clock trees:
========================================

-----------------------------------------------------------------------
Metric                               Minimum  Average  Maximum  Std.dev
-----------------------------------------------------------------------
Source-sink routed net length (um)    0.940    24.373  235.810   29.216
Source-sink manhattan distance (um)   0.950    20.112  199.130   25.236
Source-sink resistance (Ohm)         22.090   132.719  830.421  105.354
-----------------------------------------------------------------------

Transition distribution for half-corner slow_delay:setup.late:
==============================================================

------------------------------------------------------------------------------------------------------------------------------------------------------------------
Net Type    Target    Count    Average    Std. Dev.    Min      Max      Distribution                                                                  Over Target
------------------------------------------------------------------------------------------------------------------------------------------------------------------
Trunk       0.200      96       0.041       0.040      0.020    0.188    {88 <= 0.120ns, 3 <= 0.160ns, 4 <= 0.180ns, 1 <= 0.190ns, 0 <= 0.200ns}            -
Leaf        0.200      99       0.140       0.044      0.021    0.199    {20 <= 0.120ns, 47 <= 0.160ns, 13 <= 0.180ns, 11 <= 0.190ns, 8 <= 0.200ns}         -
------------------------------------------------------------------------------------------------------------------------------------------------------------------

Count of violations across all clock trees:
===========================================

---------------------------------------------------------------------------------------
Clock Tree  # Max capacitance  # Max resistance  # Max length  # Max fanout  # Slew
Name        violations         violations        violations    violations    violations
---------------------------------------------------------------------------------------
clk                 0                 0               0             0            0
---------------------------------------------------------------------------------------
Total               0                 0               0             0            0
---------------------------------------------------------------------------------------

Note the above table per clock tree is based on CCOpt clock tree view. The violations are counted across half corners.

Found a total of 0 clock tree pins with max capacitance violations.
Found a total of 0 clock tree nets with max resistance violations.
Found a total of 0 clock tree nets with max length violations.
Found a total of 0 clock tree nets with max fanout violations.
Found a total of 0 clock tree pins with a slew violation.

Report for clock tree: clk:
===========================

Clock Tree Gating Structure (Logical):

# Full cycle clock gates   : 0
Minimum clock gating depth : 0
Maximum clock gating depth : 0
Clock gate area (um^2)     : 0.000

Clock Tree Buffering Structure (Logical):

# Buffers             : 194
# Inverters           :   0
  Total               : 194
Minimum depth         :   2
Maximum depth         :  12
Buffering area (um^2) : 406.296

Clock Tree Level Structure (Logical):

-----------------------------------------------------------------
Level  Full   Posedge  Negedge  Memory  Enable  Non enable  Other
       Cycle  Flops    Flops    Clock   Latch   Latch       Sinks
                                Pins    Sinks   Sinks       
-----------------------------------------------------------------
root     0     1827       0       0       0         0         0
-----------------------------------------------------------------
Total    0     1827       0       0       0         0         0
-----------------------------------------------------------------

Target and measured clock slews (in ns):

---------------------------------------------------------------------------------------------------------------------------------
Timing Corner           Worst Rising  Worst Falling  Worst Rising  Worst Falling  Leaf Slew    Leaf Slew  Trunk Slew   Trunk Slew
                        Leaf Slew     Leaf Slew      Trunk Slew    Trunk Slew     Target Type  Target     Target Type  Target
---------------------------------------------------------------------------------------------------------------------------------
fast_delay:hold.early      0.169          0.198         0.152          0.188      ignored          -      ignored          -
fast_delay:hold.late       0.060          0.060         0.054          0.056      ignored          -      ignored          -
slow_delay:setup.early     0.059          0.059         0.053          0.056      ignored          -      ignored          -
slow_delay:setup.late      0.170          0.199         0.153          0.188      explicit      0.200     explicit      0.200
---------------------------------------------------------------------------------------------------------------------------------

* - indicates that target was not met.

auto extracted - target was extracted from SDC.
auto computed - target was computed when balancing trees.

