###############################################################
#  Generated by:      Cadence Innovus 21.18-s099_1
#  OS:                Linux x86_64(Host ID vlsi)
#  Generated on:      Mon May 25 02:25:42 2026
#  Design:            gpu
#  Command:           report_ccopt_clock_trees -file ./reports/route_design/ccopt_clock_trees.rpt
###############################################################

Clock DAG stats:
================

---------------------------------------------------------
Cell type                 Count    Area       Capacitance
---------------------------------------------------------
Buffers                    142     247.266       0.031
Inverters                    0       0.000       0.000
Integrated Clock Gates       0       0.000       0.000
Discrete Clock Gates         0       0.000       0.000
Clock Logic                  0       0.000       0.000
All                        142     247.266       0.031
---------------------------------------------------------


Clock DAG sink counts:
======================

-------------------------
Sink type           Count
-------------------------
Regular             1827
Enable Latch           0
Load Capacitance       0
Antenna Diode          0
Node Sink              0
Total               1827
-------------------------


Clock DAG wire lengths:
=======================

--------------------
Type     Wire Length
--------------------
Top           0.000
Trunk      6167.545
Leaf       7915.780
Total     14083.325
--------------------


Clock DAG hp wire lengths:
==========================

-----------------------
Type     hp Wire Length
-----------------------
Top            0.000
Trunk       5281.320
Leaf        3661.440
Total       8942.760
-----------------------


Clock DAG capacitances:
=======================

--------------------------------
Type     Gate     Wire     Total
--------------------------------
Top      0.000    0.000    0.000
Trunk    0.031    0.713    0.744
Leaf     0.384    0.979    1.364
Total    0.416    1.692    2.108
--------------------------------


Clock DAG sink capacitances:
============================

-----------------------------------------------
Total    Average    Std. Dev.    Min      Max
-----------------------------------------------
0.384     0.000       0.000      0.000    0.000
-----------------------------------------------


Clock DAG net violations:
=========================

None


Clock DAG primary half-corner transition distribution:
======================================================

----------------------------------------------------------------------------------------------------------------------------------------------------------------
Net Type    Target    Count    Average    Std. Dev.    Min      Max      Distribution                                                                Over Target
----------------------------------------------------------------------------------------------------------------------------------------------------------------
Trunk       0.280      51       0.170       0.043      0.014    0.263    {23 <= 0.168ns, 22 <= 0.224ns, 5 <= 0.252ns, 1 <= 0.266ns, 0 <= 0.280ns}         -
Leaf        0.280      92       0.195       0.022      0.156    0.269    {9 <= 0.168ns, 73 <= 0.224ns, 8 <= 0.252ns, 1 <= 0.266ns, 1 <= 0.280ns}          -
----------------------------------------------------------------------------------------------------------------------------------------------------------------


Clock DAG library cell distribution:
====================================

-----------------------------------------
Name        Type      Inst     Inst Area 
                      Count    (um^2)
-----------------------------------------
CLKBUFX4    buffer       4        9.576
CLKBUFX3    buffer       5       10.260
BUFX2       buffer     133      227.430
-----------------------------------------



Please note that the following tables reflect only the defined clock trees, so the flop counts might not include all flops in your design.

Clock Tree Summary:
===================

----------------------------------------------------------------------------------------------------------------------
Clock Tree  Clock  Bufs  Invs  Other  Max       Max     Max      Max          Standard   Wire   Gate   Clock Tree Root
Name        Gates              Clock  Non-leaf  Leaf    Length   Source-sink  cell area  cap    cap    
                               Cells  Fanout    Fanout  (um)     Resistance   (um^2)     (pF)   (pF)   
                                                                 (Ohms)                                
----------------------------------------------------------------------------------------------------------------------
clk           0    142    0      0       15       20    175.745    5756.53     247.266   1.692  0.416  clk
----------------------------------------------------------------------------------------------------------------------

Clock Sink Summary:
===================

-------------------------------------------------------------------------------------------------------------------------------------------
Clock Tree  Explicit      Implicit      Explicit     Implicit     Explicit   Implicit   Posedge  Negedge  Memory  Enable  Non enable  Other
Name        exclude pins  exclude pins  ignore pins  ignore pins  stop pins  stop pins  Flops    Flops    Clock   Latch   Latch       Sinks
                                                                                                          Pins    Sinks   Sinks       
-------------------------------------------------------------------------------------------------------------------------------------------
clk              0             0             0            0           0          0       1827       0       0       0         0         0
-------------------------------------------------------------------------------------------------------------------------------------------

Summary across all clock trees:
===============================

------------------------------------------------------------------------------------------------------------
Clock  Bufs  Invs  Other  Max       Average   Max     Average  Max      Max          Standard   Wire   Gate
Gates              Clock  Non-leaf  Non-leaf  Leaf    Leaf     Length   Source-sink  cell area  cap    cap
                   Cells  Fanout    Fanout    Fanout  Fanout   (um)     Resistance   (um^2)     (pF)   (pF)
                                                                        (Ohms)                         
------------------------------------------------------------------------------------------------------------
  0    142    0      0       15     2.78431     20    19.8587  175.745    575.653     247.266   1.692  0.416
------------------------------------------------------------------------------------------------------------

Clock Sink Summary across all clock trees:
==========================================

-------------------------------------------------------------------------------------------------------------------------------
Explicit      Implicit      Explicit     Implicit     Explicit   Implicit   Posedge  Negedge  Memory  Enable  Non enable  Other
exclude pins  exclude pins  ignore pins  ignore pins  stop pins  stop pins  Flops    Flops    Clock   Latch   Latch       Sinks
                                                                                              Pins    Sinks   Sinks       
-------------------------------------------------------------------------------------------------------------------------------
     0             0             0            0           0          0       1827       0       0       0         0         0
-------------------------------------------------------------------------------------------------------------------------------

Physical metrics across all clock trees:
========================================

-----------------------------------------------------------------------
Metric                               Minimum  Average  Maximum  Std.dev
-----------------------------------------------------------------------
Source-sink routed net length (um)   15.650    57.714  175.745   38.986
Source-sink manhattan distance (um)  14.610    56.327  175.215   38.993
Source-sink resistance (Ohm)         74.535   218.392  575.653  123.992
-----------------------------------------------------------------------

Transition distribution for half-corner slow_delay:setup.late:
==============================================================

----------------------------------------------------------------------------------------------------------------------------------------------------------------
Net Type    Target    Count    Average    Std. Dev.    Min      Max      Distribution                                                                Over Target
----------------------------------------------------------------------------------------------------------------------------------------------------------------
Trunk       0.280      51       0.170       0.043      0.014    0.263    {23 <= 0.168ns, 22 <= 0.224ns, 5 <= 0.252ns, 1 <= 0.266ns, 0 <= 0.280ns}         -
Leaf        0.280      92       0.195       0.022      0.156    0.269    {9 <= 0.168ns, 73 <= 0.224ns, 8 <= 0.252ns, 1 <= 0.266ns, 1 <= 0.280ns}          -
----------------------------------------------------------------------------------------------------------------------------------------------------------------

Count of violations across all clock trees:
===========================================

---------------------------------------------------------------------------------------
Clock Tree  # Max capacitance  # Max resistance  # Max length  # Max fanout  # Slew
Name        violations         violations        violations    violations    violations
---------------------------------------------------------------------------------------
clk                 0                 0               0             0            0
---------------------------------------------------------------------------------------
Total               0                 0               0             0            0
---------------------------------------------------------------------------------------

Note the above table per clock tree is based on CCOpt clock tree view. The violations are counted across half corners.

Found a total of 0 clock tree pins with max capacitance violations.
Found a total of 0 clock tree nets with max resistance violations.
Found a total of 0 clock tree nets with max length violations.
Found a total of 0 clock tree nets with max fanout violations.
Found a total of 0 clock tree pins with a slew violation.

Report for clock tree: clk:
===========================

Clock Tree Gating Structure (Logical):

# Full cycle clock gates   : 0
Minimum clock gating depth : 0
Maximum clock gating depth : 0
Clock gate area (um^2)     : 0.000

Clock Tree Buffering Structure (Logical):

# Buffers             : 142
# Inverters           :   0
  Total               : 142
Minimum depth         :   8
Maximum depth         :   9
Buffering area (um^2) : 247.266

Clock Tree Level Structure (Logical):

-----------------------------------------------------------------
Level  Full   Posedge  Negedge  Memory  Enable  Non enable  Other
       Cycle  Flops    Flops    Clock   Latch   Latch       Sinks
                                Pins    Sinks   Sinks       
-----------------------------------------------------------------
root     0     1827       0       0       0         0         0
-----------------------------------------------------------------
Total    0     1827       0       0       0         0         0
-----------------------------------------------------------------

Target and measured clock slews (in ns):

---------------------------------------------------------------------------------------------------------------------------------
Timing Corner           Worst Rising  Worst Falling  Worst Rising  Worst Falling  Leaf Slew    Leaf Slew  Trunk Slew   Trunk Slew
                        Leaf Slew     Leaf Slew      Trunk Slew    Trunk Slew     Target Type  Target     Target Type  Target
---------------------------------------------------------------------------------------------------------------------------------
fast_delay:hold.early      0.228          0.269         0.218          0.263      ignored          -      ignored          -
fast_delay:hold.late       0.080          0.082         0.073          0.075      ignored          -      ignored          -
slow_delay:setup.early     0.079          0.081         0.073          0.075      ignored          -      ignored          -
slow_delay:setup.late      0.229          0.269         0.218          0.263      explicit      0.600     explicit      0.600
---------------------------------------------------------------------------------------------------------------------------------

* - indicates that target was not met.

auto extracted - target was extracted from SDC.
auto computed - target was computed when balancing trees.

