###############################################################
#  Generated by:      Cadence Innovus 21.18-s099_1
#  OS:                Linux x86_64(Host ID vlsi)
#  Generated on:      Mon May 25 02:25:42 2026
#  Design:            gpu
#  Command:           report_ccopt_skew_groups -file ./reports/route_design/ccopt_skew_groups.rpt
###############################################################

Skew Group Structure:
=====================

--------------------------------------------------------------------
Skew Group       Sources    Constrained Sinks    Unconstrained Sinks
--------------------------------------------------------------------
clk/func_mode       1             1827                    0
--------------------------------------------------------------------

Skew Group Summary:
===================

----------------------------------------------------------------------------------------------------------------------------------------------------------------------
Timing Corner             Skew Group       ID Target    Min ID    Max ID    Avg ID    Std.Dev. ID    Skew Target Type    Skew Target    Skew     Skew window occupancy
----------------------------------------------------------------------------------------------------------------------------------------------------------------------
slow_delay:setup.early    clk/func_mode        -        0.412     0.447     0.423        0.007       explicit             0.500         0.035    100% {0.412, 0.447}
slow_delay:setup.late     clk/func_mode    *2.000       1.631     1.783     1.679        0.035       explicit             0.250         0.153    100% {1.631, 1.783}
fast_delay:hold.early     clk/func_mode        -        1.629     1.783     1.678        0.035       explicit             0.500         0.153    100% {1.629, 1.783}
fast_delay:hold.late      clk/func_mode        -        0.413     0.448     0.425        0.007       explicit             0.500         0.035    100% {0.413, 0.448}
----------------------------------------------------------------------------------------------------------------------------------------------------------------------

* - indicates that target was not met.

Skew Group Min/Max path pins:
=============================

-----------------------------------------------------------------------------------
Timing Corner             Skew Group       Min ID    PathID    Max ID    PathID
-----------------------------------------------------------------------------------
slow_delay:setup.early    clk/func_mode    0.412       1       0.447       2
-    min cores[1].core_instance_threads[3].register_instance_regfile_reg[7][7]/CK
-    max cores[0].core_instance_threads[3].lsu_instance_mem_write_address_reg[1]/CK
slow_delay:setup.late     clk/func_mode    1.631       3       1.783       4
-    min cores[1].core_instance_threads[0].register_instance_regfile_reg[2][7]/CK
-    max cores[0].core_instance_threads[3].lsu_instance_mem_write_address_reg[6]/CK
fast_delay:hold.early     clk/func_mode    1.629       5       1.783       6
-    min cores[1].core_instance_threads[0].register_instance_regfile_reg[2][7]/CK
-    max cores[0].core_instance_threads[3].lsu_instance_mem_write_address_reg[1]/CK
fast_delay:hold.late      clk/func_mode    0.413       7       0.448       8
-    min cores[1].core_instance_threads[3].register_instance_regfile_reg[7][7]/CK
-    max cores[0].core_instance_threads[3].lsu_instance_mem_write_address_reg[6]/CK
-----------------------------------------------------------------------------------

Timing for timing corner slow_delay:setup.early, min clock_path:
================================================================

PathID    : 1
Path type : skew group clk/func_mode (path 1 of 1)
Start     : clk
End       : cores[1].core_instance_threads[3].register_instance_regfile_reg[7][7]/CK
Delay     : 0.412

------------------------------------------------------------------------------------------------
Name  Lib cell  Event  Incr   Arrival  Slew   Cap    Location           Distance  Fanout  Status
                       (ns)   (ns)     (ns)   (pF)                      (um)              
-- Clockpath trace -----------------------------------------------------------------------------
clk
-     -         rise   -       0.000   0.004  0.041  (120.900,237.310)  -            7    
CTS_cdb_buf_00112/A
-     BUFX2     rise   0.006   0.006   0.014  -      (111.300,139.175)  107.735   -       
CTS_cdb_buf_00112/Y
-     BUFX2     rise   0.034   0.041   0.030  0.008  (110.935,139.640)    0.830      1    
CTS_cdb_buf_00113/A
-     BUFX2     rise   0.001   0.041   0.030  -      (171.900,132.335)   68.270   -       
CTS_cdb_buf_00113/Y
-     BUFX2     rise   0.046   0.088   0.048  0.013  (171.535,132.800)    0.830      1    
CTS_cdb_buf_00114/A
-     BUFX2     rise   0.003   0.090   0.048  -      (80.900,156.275)   114.110   -       
CTS_cdb_buf_00114/Y
-     BUFX2     rise   0.051   0.141   0.050  0.013  (80.535,156.740)     0.830      1    
CTS_cdb_buf_00115/A
-     BUFX2     rise   0.003   0.144   0.051  -      (169.700,128.915)  116.990   -       
CTS_cdb_buf_00115/Y
-     BUFX2     rise   0.051   0.195   0.050  0.013  (169.335,129.380)    0.830      1    
CTS_cdb_buf_00116/A
-     BUFX2     rise   0.003   0.198   0.050  -      (82.300,104.975)   111.440   -       
CTS_cdb_buf_00116/Y
-     BUFX2     rise   0.054   0.251   0.055  0.015  (81.935,105.440)     0.830      1    
CTS_cdb_buf_00117/A
-     BUFX2     rise   0.003   0.255   0.055  -      (193.900,122.075)  128.600   -       
CTS_cdb_buf_00117/Y
-     BUFX2     rise   0.046   0.301   0.038  0.010  (193.535,122.540)    0.830      1    
CTS_ccl_a_buf_00093/A
-     CLKBUFX3  rise   0.002   0.302   0.038  -      (109.700,118.655)   87.720   -       
CTS_ccl_a_buf_00093/Y
-     CLKBUFX3  rise   0.053   0.355   0.061  0.024  (109.485,119.240)    0.800     12    
CTS_ccl_a_buf_00017/A
-     BUFX2     rise   0.005   0.360   0.061  -      (102.900,19.475)   106.350   -       
CTS_ccl_a_buf_00017/Y
-     BUFX2     rise   0.052   0.412   0.047  0.012  (102.535,19.940)     0.830     20    
cores[1].core_instance_threads[3].register_instance_regfile_reg[7][7]/CK
-     DFFHQX1   rise   0.000   0.412   0.047  -      (103.675,23.150)     4.350   -       
------------------------------------------------------------------------------------------------

Timing for timing corner slow_delay:setup.early, max clock_path:
================================================================

PathID    : 2
Path type : skew group clk/func_mode (path 1 of 1)
Start     : clk
End       : cores[0].core_instance_threads[3].lsu_instance_mem_write_address_reg[0]/CK
Delay     : 0.447

------------------------------------------------------------------------------------------------
Name  Lib cell  Event  Incr   Arrival  Slew   Cap    Location           Distance  Fanout  Status
                       (ns)   (ns)     (ns)   (pF)                      (um)              
-- Clockpath trace -----------------------------------------------------------------------------
clk
-     -         rise   -       0.000   0.004  0.041  (120.900,237.310)  -            7    
CTS_cdb_buf_00130/A
-     BUFX2     rise   0.001   0.001   0.005  -      (113.700,224.675)   19.835   -       
CTS_cdb_buf_00130/Y
-     BUFX2     rise   0.035   0.036   0.034  0.009  (113.335,225.140)    0.830      1    
CTS_cdb_buf_00131/A
-     BUFX2     rise   0.001   0.038   0.034  -      (189.300,224.675)   76.430   -       
CTS_cdb_buf_00131/Y
-     BUFX2     rise   0.047   0.084   0.047  0.012  (188.935,225.140)    0.830      1    
CTS_cdb_buf_00132/A
-     BUFX2     rise   0.002   0.087   0.047  -      (120.700,190.475)  102.900   -       
CTS_cdb_buf_00132/Y
-     BUFX2     rise   0.045   0.132   0.039  0.010  (120.335,190.940)    0.830      1    
CTS_cdb_buf_00133/A
-     BUFX2     rise   0.001   0.133   0.039  -      (165.700,221.255)   75.680   -       
CTS_cdb_buf_00133/Y
-     BUFX2     rise   0.046   0.179   0.045  0.012  (165.335,221.720)    0.830      1    
CTS_cdb_buf_00134/A
-     BUFX2     rise   0.002   0.181   0.045  -      (109.700,190.475)   86.880   -       
CTS_cdb_buf_00134/Y
-     BUFX2     rise   0.045   0.227   0.041  0.011  (109.335,190.940)    0.830      1    
CTS_cdb_buf_00135/A
-     BUFX2     rise   0.002   0.229   0.041  -      (167.100,221.255)   88.080   -       
CTS_cdb_buf_00135/Y
-     BUFX2     rise   0.049   0.278   0.050  0.013  (166.735,221.720)    0.830      1    
CTS_cdb_buf_00136/A
-     BUFX2     rise   0.003   0.280   0.050  -      (114.700,163.115)  110.640   -       
CTS_cdb_buf_00136/Y
-     BUFX2     rise   0.040   0.321   0.029  0.007  (114.335,163.580)    0.830      1    
CTS_ccl_a_buf_00096/A
-     CLKBUFX4  rise   0.001   0.321   0.029  -      (109.630,216.120)   57.245   -       
CTS_ccl_a_buf_00096/Y
-     CLKBUFX4  rise   0.052   0.373   0.059  0.029  (109.360,216.500)    0.650     12    
CTS_ccl_a_buf_00058/A
-     BUFX2     rise   0.003   0.376   0.059  -      (93.500,190.475)    41.885   -       
CTS_ccl_a_buf_00058/Y
-     BUFX2     rise   0.067   0.444   0.079  0.021  (93.135,190.940)     0.830     20    
cores[0].core_instance_threads[3].lsu_instance_mem_write_address_reg[0]/CK
-     DFFHQX1   rise   0.003   0.447   0.079  -      (101.275,149.690)   49.390   -       
------------------------------------------------------------------------------------------------

Timing for timing corner slow_delay:setup.late, min clock_path:
===============================================================

PathID    : 3
Path type : skew group clk/func_mode (path 1 of 1)
Start     : clk
End       : cores[1].core_instance_threads[0].register_instance_regfile_reg[2][7]/CK
Delay     : 1.631

------------------------------------------------------------------------------------------------
Name  Lib cell  Event  Incr   Arrival  Slew   Cap    Location           Distance  Fanout  Status
                       (ns)   (ns)     (ns)   (pF)                      (um)              
-- Clockpath trace -----------------------------------------------------------------------------
clk
-     -         rise   -       0.000   0.004  0.041  (120.900,237.310)  -            7    
CTS_cdb_buf_00118/A
-     BUFX2     rise   0.008   0.008   0.014  -      (57.500,125.495)   175.215   -       
CTS_cdb_buf_00118/Y
-     BUFX2     rise   0.114   0.121   0.087  0.007  (57.135,125.960)     0.830      1    
CTS_cdb_buf_00119/A
-     BUFX2     rise   0.001   0.123   0.087  -      (19.300,142.595)    54.470   -       
CTS_cdb_buf_00119/Y
-     BUFX2     rise   0.186   0.309   0.150  0.013  (18.935,143.060)     0.830      1    
CTS_cdb_buf_00120/A
-     BUFX2     rise   0.003   0.311   0.150  -      (96.500,104.975)   115.650   -       
CTS_cdb_buf_00120/Y
-     BUFX2     rise   0.217   0.528   0.148  0.013  (96.135,105.440)     0.830      1    
CTS_cdb_buf_00121/A
-     BUFX2     rise   0.003   0.531   0.148  -      (35.500,50.255)    115.820   -       
CTS_cdb_buf_00121/Y
-     BUFX2     rise   0.197   0.728   0.114  0.010  (35.135,50.720)      0.830      1    
CTS_cdb_buf_00122/A
-     BUFX2     rise   0.002   0.729   0.114  -      (96.700,77.615)     88.460   -       
CTS_cdb_buf_00122/Y
-     BUFX2     rise   0.202   0.931   0.154  0.013  (96.335,78.080)      0.830      1    
CTS_cdb_buf_00123/A
-     BUFX2     rise   0.003   0.934   0.154  -      (13.700,46.835)    113.880   -       
CTS_cdb_buf_00123/Y
-     BUFX2     rise   0.222   1.156   0.153  0.013  (13.335,47.300)      0.830      1    
CTS_ccl_a_buf_00094/A
-     CLKBUFX4  rise   0.003   1.158   0.153  -      (60.430,115.240)   115.035   -       
CTS_ccl_a_buf_00094/Y
-     CLKBUFX4  rise   0.235   1.394   0.186  0.033  (60.160,114.860)     0.650     15    
CTS_ccl_a_buf_00045/A
-     BUFX2     rise   0.004   1.398   0.186  -      (27.900,39.995)    107.125   -       
CTS_ccl_a_buf_00045/Y
-     BUFX2     rise   0.233   1.630   0.143  0.012  (27.535,40.460)      0.830     20    
cores[1].core_instance_threads[0].register_instance_regfile_reg[2][7]/CK
-     DFFHQX1   rise   0.000   1.631   0.143  -      (27.075,36.830)      4.090   -       
------------------------------------------------------------------------------------------------

Timing for timing corner slow_delay:setup.late, max clock_path:
===============================================================

PathID    : 4
Path type : skew group clk/func_mode (path 1 of 1)
Start     : clk
End       : cores[0].core_instance_threads[0].lsu_instance_mem_read_address_reg[1]/CK
Delay     : 1.783

------------------------------------------------------------------------------------------------
Name  Lib cell  Event  Incr   Arrival  Slew   Cap    Location           Distance  Fanout  Status
                       (ns)   (ns)     (ns)   (pF)                      (um)              
-- Clockpath trace -----------------------------------------------------------------------------
clk
-     -         rise   -       0.000   0.004  0.041  (120.900,237.310)  -            7    
CTS_cdb_buf_00130/A
-     BUFX2     rise   0.001   0.001   0.005  -      (113.700,224.675)   19.835   -       
CTS_cdb_buf_00130/Y
-     BUFX2     rise   0.121   0.122   0.107  0.009  (113.335,225.140)    0.830      1    
CTS_cdb_buf_00131/A
-     BUFX2     rise   0.001   0.123   0.107  -      (189.300,224.675)   76.430   -       
CTS_cdb_buf_00131/Y
-     BUFX2     rise   0.193   0.316   0.144  0.012  (188.935,225.140)    0.830      1    
CTS_cdb_buf_00132/A
-     BUFX2     rise   0.002   0.318   0.144  -      (120.700,190.475)  102.900   -       
CTS_cdb_buf_00132/Y
-     BUFX2     rise   0.199   0.518   0.122  0.010  (120.335,190.940)    0.830      1    
CTS_cdb_buf_00133/A
-     BUFX2     rise   0.001   0.519   0.122  -      (165.700,221.255)   75.680   -       
CTS_cdb_buf_00133/Y
-     BUFX2     rise   0.196   0.715   0.137  0.012  (165.335,221.720)    0.830      1    
CTS_cdb_buf_00134/A
-     BUFX2     rise   0.002   0.717   0.137  -      (109.700,190.475)   86.880   -       
CTS_cdb_buf_00134/Y
-     BUFX2     rise   0.198   0.916   0.126  0.011  (109.335,190.940)    0.830      1    
CTS_cdb_buf_00135/A
-     BUFX2     rise   0.002   0.917   0.126  -      (167.100,221.255)   88.080   -       
CTS_cdb_buf_00135/Y
-     BUFX2     rise   0.206   1.123   0.151  0.013  (166.735,221.720)    0.830      1    
CTS_cdb_buf_00136/A
-     BUFX2     rise   0.003   1.126   0.151  -      (114.700,163.115)  110.640   -       
CTS_cdb_buf_00136/Y
-     BUFX2     rise   0.186   1.312   0.092  0.007  (114.335,163.580)    0.830      1    
CTS_ccl_a_buf_00096/A
-     CLKBUFX4  rise   0.001   1.313   0.092  -      (109.630,216.120)   57.245   -       
CTS_ccl_a_buf_00096/Y
-     CLKBUFX4  rise   0.193   1.506   0.167  0.029  (109.360,216.500)    0.650     12    
CTS_ccl_a_buf_00058/A
-     BUFX2     rise   0.003   1.510   0.167  -      (93.500,190.475)    41.885   -       
CTS_ccl_a_buf_00058/Y
-     BUFX2     rise   0.271   1.780   0.229  0.021  (93.135,190.940)     0.830     20    
cores[0].core_instance_threads[0].lsu_instance_mem_read_address_reg[1]/CK
-     DFFHQX1   rise   0.003   1.783   0.229  -      (100.875,142.850)   55.830   -       
------------------------------------------------------------------------------------------------

Timing for timing corner fast_delay:hold.early, min clock_path:
===============================================================

PathID    : 5
Path type : skew group clk/func_mode (path 1 of 1)
Start     : clk
End       : cores[1].core_instance_threads[0].register_instance_regfile_reg[2][7]/CK
Delay     : 1.629

------------------------------------------------------------------------------------------------
Name  Lib cell  Event  Incr   Arrival  Slew   Cap    Location           Distance  Fanout  Status
                       (ns)   (ns)     (ns)   (pF)                      (um)              
-- Clockpath trace -----------------------------------------------------------------------------
clk
-     -         rise   -       0.000   0.004  0.041  (120.900,237.310)  -            7    
CTS_cdb_buf_00118/A
-     BUFX2     rise   0.008   0.008   0.014  -      (57.500,125.495)   175.215   -       
CTS_cdb_buf_00118/Y
-     BUFX2     rise   0.114   0.121   0.087  0.007  (57.135,125.960)     0.830      1    
CTS_cdb_buf_00119/A
-     BUFX2     rise   0.001   0.122   0.087  -      (19.300,142.595)    54.470   -       
CTS_cdb_buf_00119/Y
-     BUFX2     rise   0.186   0.308   0.150  0.013  (18.935,143.060)     0.830      1    
CTS_cdb_buf_00120/A
-     BUFX2     rise   0.003   0.311   0.150  -      (96.500,104.975)   115.650   -       
CTS_cdb_buf_00120/Y
-     BUFX2     rise   0.217   0.527   0.148  0.013  (96.135,105.440)     0.830      1    
CTS_cdb_buf_00121/A
-     BUFX2     rise   0.003   0.530   0.148  -      (35.500,50.255)    115.820   -       
CTS_cdb_buf_00121/Y
-     BUFX2     rise   0.197   0.727   0.114  0.010  (35.135,50.720)      0.830      1    
CTS_cdb_buf_00122/A
-     BUFX2     rise   0.002   0.729   0.114  -      (96.700,77.615)     88.460   -       
CTS_cdb_buf_00122/Y
-     BUFX2     rise   0.202   0.930   0.154  0.013  (96.335,78.080)      0.830      1    
CTS_cdb_buf_00123/A
-     BUFX2     rise   0.003   0.933   0.154  -      (13.700,46.835)    113.880   -       
CTS_cdb_buf_00123/Y
-     BUFX2     rise   0.222   1.155   0.153  0.013  (13.335,47.300)      0.830      1    
CTS_ccl_a_buf_00094/A
-     CLKBUFX4  rise   0.003   1.158   0.153  -      (60.430,115.240)   115.035   -       
CTS_ccl_a_buf_00094/Y
-     CLKBUFX4  rise   0.235   1.393   0.185  0.034  (60.160,114.860)     0.650     15    
CTS_ccl_a_buf_00045/A
-     BUFX2     rise   0.004   1.397   0.185  -      (27.900,39.995)    107.125   -       
CTS_ccl_a_buf_00045/Y
-     BUFX2     rise   0.232   1.629   0.142  0.014  (27.535,40.460)      0.830     20    
cores[1].core_instance_threads[0].register_instance_regfile_reg[2][7]/CK
-     DFFHQX1   rise   0.000   1.629   0.142  -      (27.075,36.830)      4.090   -       
------------------------------------------------------------------------------------------------

Timing for timing corner fast_delay:hold.early, max clock_path:
===============================================================

PathID    : 6
Path type : skew group clk/func_mode (path 1 of 1)
Start     : clk
End       : cores[0].core_instance_threads[3].lsu_instance_mem_write_address_reg[1]/CK
Delay     : 1.783

------------------------------------------------------------------------------------------------
Name  Lib cell  Event  Incr   Arrival  Slew   Cap    Location           Distance  Fanout  Status
                       (ns)   (ns)     (ns)   (pF)                      (um)              
-- Clockpath trace -----------------------------------------------------------------------------
clk
-     -         rise   -       0.000   0.004  0.041  (120.900,237.310)  -            7    
CTS_cdb_buf_00130/A
-     BUFX2     rise   0.001   0.001   0.005  -      (113.700,224.675)   19.835   -       
CTS_cdb_buf_00130/Y
-     BUFX2     rise   0.121   0.122   0.107  0.009  (113.335,225.140)    0.830      1    
CTS_cdb_buf_00131/A
-     BUFX2     rise   0.001   0.123   0.107  -      (189.300,224.675)   76.430   -       
CTS_cdb_buf_00131/Y
-     BUFX2     rise   0.193   0.316   0.144  0.013  (188.935,225.140)    0.830      1    
CTS_cdb_buf_00132/A
-     BUFX2     rise   0.002   0.318   0.144  -      (120.700,190.475)  102.900   -       
CTS_cdb_buf_00132/Y
-     BUFX2     rise   0.199   0.518   0.122  0.010  (120.335,190.940)    0.830      1    
CTS_cdb_buf_00133/A
-     BUFX2     rise   0.001   0.519   0.122  -      (165.700,221.255)   75.680   -       
CTS_cdb_buf_00133/Y
-     BUFX2     rise   0.196   0.715   0.137  0.012  (165.335,221.720)    0.830      1    
CTS_cdb_buf_00134/A
-     BUFX2     rise   0.002   0.717   0.137  -      (109.700,190.475)   86.880   -       
CTS_cdb_buf_00134/Y
-     BUFX2     rise   0.198   0.916   0.126  0.011  (109.335,190.940)    0.830      1    
CTS_cdb_buf_00135/A
-     BUFX2     rise   0.002   0.917   0.126  -      (167.100,221.255)   88.080   -       
CTS_cdb_buf_00135/Y
-     BUFX2     rise   0.206   1.123   0.151  0.013  (166.735,221.720)    0.830      1    
CTS_cdb_buf_00136/A
-     BUFX2     rise   0.003   1.126   0.151  -      (114.700,163.115)  110.640   -       
CTS_cdb_buf_00136/Y
-     BUFX2     rise   0.186   1.312   0.092  0.007  (114.335,163.580)    0.830      1    
CTS_ccl_a_buf_00096/A
-     CLKBUFX4  rise   0.001   1.313   0.092  -      (109.630,216.120)   57.245   -       
CTS_ccl_a_buf_00096/Y
-     CLKBUFX4  rise   0.193   1.506   0.167  0.030  (109.360,216.500)    0.650     12    
CTS_ccl_a_buf_00058/A
-     BUFX2     rise   0.003   1.510   0.167  -      (93.500,190.475)    41.885   -       
CTS_ccl_a_buf_00058/Y
-     BUFX2     rise   0.270   1.780   0.228  0.022  (93.135,190.940)     0.830     20    
cores[0].core_instance_threads[3].lsu_instance_mem_write_address_reg[1]/CK
-     DFFHQX1   rise   0.003   1.783   0.228  -      (105.875,146.270)   57.410   -       
------------------------------------------------------------------------------------------------

Timing for timing corner fast_delay:hold.late, min clock_path:
==============================================================

PathID    : 7
Path type : skew group clk/func_mode (path 1 of 1)
Start     : clk
End       : cores[1].core_instance_threads[3].register_instance_regfile_reg[7][7]/CK
Delay     : 0.413

------------------------------------------------------------------------------------------------
Name  Lib cell  Event  Incr   Arrival  Slew   Cap    Location           Distance  Fanout  Status
                       (ns)   (ns)     (ns)   (pF)                      (um)              
-- Clockpath trace -----------------------------------------------------------------------------
clk
-     -         rise   -       0.000   0.004  0.041  (120.900,237.310)  -            7    
CTS_cdb_buf_00112/A
-     BUFX2     rise   0.006   0.006   0.014  -      (111.300,139.175)  107.735   -       
CTS_cdb_buf_00112/Y
-     BUFX2     rise   0.034   0.041   0.030  0.008  (110.935,139.640)    0.830      1    
CTS_cdb_buf_00113/A
-     BUFX2     rise   0.001   0.041   0.030  -      (171.900,132.335)   68.270   -       
CTS_cdb_buf_00113/Y
-     BUFX2     rise   0.046   0.088   0.048  0.013  (171.535,132.800)    0.830      1    
CTS_cdb_buf_00114/A
-     BUFX2     rise   0.003   0.090   0.048  -      (80.900,156.275)   114.110   -       
CTS_cdb_buf_00114/Y
-     BUFX2     rise   0.051   0.141   0.050  0.013  (80.535,156.740)     0.830      1    
CTS_cdb_buf_00115/A
-     BUFX2     rise   0.003   0.144   0.051  -      (169.700,128.915)  116.990   -       
CTS_cdb_buf_00115/Y
-     BUFX2     rise   0.051   0.195   0.050  0.013  (169.335,129.380)    0.830      1    
CTS_cdb_buf_00116/A
-     BUFX2     rise   0.003   0.198   0.050  -      (82.300,104.975)   111.440   -       
CTS_cdb_buf_00116/Y
-     BUFX2     rise   0.054   0.251   0.055  0.015  (81.935,105.440)     0.830      1    
CTS_cdb_buf_00117/A
-     BUFX2     rise   0.003   0.255   0.055  -      (193.900,122.075)  128.600   -       
CTS_cdb_buf_00117/Y
-     BUFX2     rise   0.046   0.301   0.038  0.010  (193.535,122.540)    0.830      1    
CTS_ccl_a_buf_00093/A
-     CLKBUFX3  rise   0.002   0.302   0.039  -      (109.700,118.655)   87.720   -       
CTS_ccl_a_buf_00093/Y
-     CLKBUFX3  rise   0.053   0.355   0.061  0.024  (109.485,119.240)    0.800     12    
CTS_ccl_a_buf_00017/A
-     BUFX2     rise   0.005   0.360   0.062  -      (102.900,19.475)   106.350   -       
CTS_ccl_a_buf_00017/Y
-     BUFX2     rise   0.053   0.413   0.049  0.013  (102.535,19.940)     0.830     20    
cores[1].core_instance_threads[3].register_instance_regfile_reg[7][7]/CK
-     DFFHQX1   rise   0.000   0.413   0.049  -      (103.675,23.150)     4.350   -       
------------------------------------------------------------------------------------------------

Timing for timing corner fast_delay:hold.late, max clock_path:
==============================================================

PathID    : 8
Path type : skew group clk/func_mode (path 1 of 1)
Start     : clk
End       : cores[0].core_instance_threads[0].lsu_instance_mem_read_address_reg[1]/CK
Delay     : 0.448

------------------------------------------------------------------------------------------------
Name  Lib cell  Event  Incr   Arrival  Slew   Cap    Location           Distance  Fanout  Status
                       (ns)   (ns)     (ns)   (pF)                      (um)              
-- Clockpath trace -----------------------------------------------------------------------------
clk
-     -         rise   -       0.000   0.004  0.041  (120.900,237.310)  -            7    
CTS_cdb_buf_00130/A
-     BUFX2     rise   0.001   0.001   0.005  -      (113.700,224.675)   19.835   -       
CTS_cdb_buf_00130/Y
-     BUFX2     rise   0.035   0.036   0.034  0.009  (113.335,225.140)    0.830      1    
CTS_cdb_buf_00131/A
-     BUFX2     rise   0.001   0.038   0.034  -      (189.300,224.675)   76.430   -       
CTS_cdb_buf_00131/Y
-     BUFX2     rise   0.047   0.084   0.047  0.013  (188.935,225.140)    0.830      1    
CTS_cdb_buf_00132/A
-     BUFX2     rise   0.002   0.087   0.048  -      (120.700,190.475)  102.900   -       
CTS_cdb_buf_00132/Y
-     BUFX2     rise   0.045   0.132   0.039  0.010  (120.335,190.940)    0.830      1    
CTS_cdb_buf_00133/A
-     BUFX2     rise   0.001   0.133   0.039  -      (165.700,221.255)   75.680   -       
CTS_cdb_buf_00133/Y
-     BUFX2     rise   0.046   0.180   0.045  0.012  (165.335,221.720)    0.830      1    
CTS_cdb_buf_00134/A
-     BUFX2     rise   0.002   0.182   0.045  -      (109.700,190.475)   86.880   -       
CTS_cdb_buf_00134/Y
-     BUFX2     rise   0.045   0.227   0.041  0.011  (109.335,190.940)    0.830      1    
CTS_cdb_buf_00135/A
-     BUFX2     rise   0.002   0.229   0.041  -      (167.100,221.255)   88.080   -       
CTS_cdb_buf_00135/Y
-     BUFX2     rise   0.049   0.278   0.050  0.013  (166.735,221.720)    0.830      1    
CTS_cdb_buf_00136/A
-     BUFX2     rise   0.003   0.281   0.050  -      (114.700,163.115)  110.640   -       
CTS_cdb_buf_00136/Y
-     BUFX2     rise   0.040   0.321   0.029  0.007  (114.335,163.580)    0.830      1    
CTS_ccl_a_buf_00096/A
-     CLKBUFX4  rise   0.001   0.322   0.029  -      (109.630,216.120)   57.245   -       
CTS_ccl_a_buf_00096/Y
-     CLKBUFX4  rise   0.052   0.373   0.059  0.030  (109.360,216.500)    0.650     12    
CTS_ccl_a_buf_00058/A
-     BUFX2     rise   0.003   0.377   0.059  -      (93.500,190.475)    41.885   -       
CTS_ccl_a_buf_00058/Y
-     BUFX2     rise   0.068   0.445   0.080  0.022  (93.135,190.940)     0.830     20    
cores[0].core_instance_threads[0].lsu_instance_mem_read_address_reg[1]/CK
-     DFFHQX1   rise   0.003   0.448   0.080  -      (100.875,142.850)   55.830   -       
------------------------------------------------------------------------------------------------

