============================================================
  Generated by:           Genus(TM) Synthesis Solution 21.18-s082_1
  Generated on:           May 21 2026  12:47:08 pm
  Module:                 gpu
  Operating conditions:   PVT_0P9V_125C (balanced_tree)
  Wireload mode:          enclosed
  Area mode:              timing library
============================================================


Path 1: MET (0 ps) Setup Check with Pin cores[1].core_instance_threads[1].alu_instance_alu_out_reg[1]/CK->D
          Group: clk
     Startpoint: (R) cores[1].core_instance_threads[1].register_instance_rt_reg[6]/CK
          Clock: (R) clk
       Endpoint: (R) cores[1].core_instance_threads[1].alu_instance_alu_out_reg[1]/D
          Clock: (R) clk

                     Capture       Launch     
        Clock Edge:+    2200            0     
       Src Latency:+       0            0     
       Net Latency:+       0 (I)        0 (I) 
           Arrival:=    2200            0     
                                              
             Setup:-     107                  
       Uncertainty:-       5                  
     Required Time:=    2088                  
      Launch Clock:-       0                  
         Data Path:-    2088                  
             Slack:=       0                  

#--------------------------------------------------------------------------------------------------------------------------------------------
#                           Timing Point                             Flags    Arc   Edge   Cell     Fanout Load Trans Delay Arrival Instance 
#                                                                                                          (fF)  (ps)  (ps)   (ps)  Location 
#--------------------------------------------------------------------------------------------------------------------------------------------
  cores[1].core_instance_threads[1].register_instance_rt_reg[6]/CK   -       -      R     (arrival)   1827    -    50     0       0    (-,-) 
  cores[1].core_instance_threads[1].register_instance_rt_reg[6]/Q    -       CK->Q  F     DFFQX1         6  1.8    58   235     235    (-,-) 
  cores[1].core_instance_threads[1].alu_instance_div_43_40_g16270/Y  -       B->Y   R     NOR2X1         2  0.5    52    64     299    (-,-) 
  g102629/Y                                                          -       A->Y   R     CLKAND2X2      2  2.4    42   127     426    (-,-) 
  fopt100550/Y                                                       -       A->Y   F     INVX2          4  1.6    35    44     469    (-,-) 
  cores[1].core_instance_threads[1].alu_instance_div_43_40_g16220/Y  -       A1->Y  R     OAI21X1        2  0.8    76    73     542    (-,-) 
  cores[1].core_instance_threads[1].alu_instance_div_43_40_g16197/Y  -       B->Y   F     NAND2X1        3  0.8    83    95     637    (-,-) 
  cores[1].core_instance_threads[1].alu_instance_div_43_40_g16190/Y  -       A->Y   R     INVXL          1  0.2    28    63     700    (-,-) 
  cores[1].core_instance_threads[1].alu_instance_div_43_40_g16175/Y  -       A1N->Y R     OAI2BB1X1      3  1.2    53   133     833    (-,-) 
  cores[1].core_instance_threads[1].alu_instance_div_43_40_g16155/Y  -       B->Y   F     NAND2X1        4  1.4   112   100     932    (-,-) 
  cores[1].core_instance_threads[1].alu_instance_div_43_40_g16142/Y  -       B->Y   R     NOR2X1         1  0.2    45    85    1018    (-,-) 
  cores[1].core_instance_threads[1].alu_instance_div_43_40_g16121/Y  -       A1N->Y R     AOI2BB1X1      2  0.6    55    96    1113    (-,-) 
  g103234/Y                                                          -       B1->Y  F     OAI32X1        1  0.2    99   102    1216    (-,-) 
  g102662/Y                                                          -       AN->Y  F     NAND2BX1       1  0.2    48   116    1332    (-,-) 
  cores[1].core_instance_threads[1].alu_instance_div_43_40_g16066/Y  -       A1N->Y F     AOI2BB1X1      2  0.7    46   117    1449    (-,-) 
  cores[1].core_instance_threads[1].alu_instance_div_43_40_g16055/Y  -       B->Y   R     NAND2X1        1  0.4    40    42    1491    (-,-) 
  cores[1].core_instance_threads[1].alu_instance_div_43_40_g16047/Y  -       C0->Y  F     OAI211X1       1  0.2   115   115    1605    (-,-) 
  cores[1].core_instance_threads[1].alu_instance_div_43_40_g101316/Y -       AN->Y  F     NAND2BX1       1  0.3    55   126    1732    (-,-) 
  g56/Y                                                              -       B->Y   R     NAND2X1        1  0.4    30    47    1778    (-,-) 
  g55/Y                                                              -       B->Y   F     NOR2X1         1  0.2    33    33    1811    (-,-) 
  g54/Y                                                              -       A1N->Y F     AOI2BB1X1      1  0.3    31   105    1916    (-,-) 
  g102831/Y                                                          -       B->Y   R     NOR2X1         2  0.4    46    47    1964    (-,-) 
  g97798/Y                                                           -       B->Y   F     NAND2XL        1  0.2    62    69    2033    (-,-) 
  g96189__2346/Y                                                     -       B->Y   R     NAND2BXL       1  0.3    33    55    2088    (-,-) 
  cores[1].core_instance_threads[1].alu_instance_alu_out_reg[1]/D    <<<     -      R     DFFHQX1        1    -     -     0    2088    (-,-) 
#--------------------------------------------------------------------------------------------------------------------------------------------

