
Power Net Detected:
        Voltage	    Name
             0V	    VSS
           0.9V	    VDD
Using Power View: setup_view.

Begin Power Analysis

             0V	    VSS
           0.9V	    VDD

Begin Processing Timing Library for Power Calculation

Ended Processing Timing Library for Power Calculation: (cpu=0:00:00, real=0:00:00, mem(process/total/peak)=1633.91MB/3703.84MB/1777.91MB)



Begin Processing Power Net/Grid for Power Calculation

Ended Processing Power Net/Grid for Power Calculation: (cpu=0:00:00, real=0:00:00, mem(process/total/peak)=1633.99MB/3703.84MB/1777.91MB)

Begin Processing Timing Window Data for Power Calculation

clk(454.545MHz) CK: assigning clock clk to net clk
Ended Processing Timing Window Data for Power Calculation: (cpu=0:00:00, real=0:00:00, mem(process/total/peak)=1634.85MB/3703.84MB/1777.91MB)

Begin Processing User Attributes

Ended Processing User Attributes: (cpu=0:00:00, real=0:00:00, mem(process/total/peak)=1634.91MB/3703.84MB/1777.91MB)

Begin Processing Signal Activity


Starting Levelizing
2026-May-21 03:27:56 (2026-May-20 21:27:56 GMT)
2026-May-21 03:27:56 (2026-May-20 21:27:56 GMT): 10%
2026-May-21 03:27:56 (2026-May-20 21:27:56 GMT): 20%
2026-May-21 03:27:56 (2026-May-20 21:27:56 GMT): 30%
2026-May-21 03:27:56 (2026-May-20 21:27:56 GMT): 40%
2026-May-21 03:27:56 (2026-May-20 21:27:56 GMT): 50%
2026-May-21 03:27:56 (2026-May-20 21:27:56 GMT): 60%
2026-May-21 03:27:56 (2026-May-20 21:27:56 GMT): 70%
2026-May-21 03:27:57 (2026-May-20 21:27:57 GMT): 80%
2026-May-21 03:27:57 (2026-May-20 21:27:57 GMT): 90%

Finished Levelizing
2026-May-21 03:27:57 (2026-May-20 21:27:57 GMT)

Starting Activity Propagation
2026-May-21 03:27:57 (2026-May-20 21:27:57 GMT)
** INFO:  (VOLTUS_POWR-1356): No default input activity has been set. Defaulting to 0.2.
Use 'set_default_switching_activity -input_activity' command to change the default activity value.

2026-May-21 03:27:57 (2026-May-20 21:27:57 GMT): 10%
2026-May-21 03:27:57 (2026-May-20 21:27:57 GMT): 20%

Finished Activity Propagation
2026-May-21 03:27:57 (2026-May-20 21:27:57 GMT)
Ended Processing Signal Activity: (cpu=0:00:01, real=0:00:00, mem(process/total/peak)=1635.44MB/3703.84MB/1777.91MB)

Begin Power Computation

      ----------------------------------------------------------
      # of cell(s) missing both power/leakage table: 0
      # of cell(s) missing power table: 0
      # of cell(s) missing leakage table: 0
      ----------------------------------------------------------



Starting Calculating power
2026-May-21 03:27:57 (2026-May-20 21:27:57 GMT)
 ... Calculating switching power
2026-May-21 03:27:57 (2026-May-20 21:27:57 GMT): 10%
2026-May-21 03:27:57 (2026-May-20 21:27:57 GMT): 20%
2026-May-21 03:27:57 (2026-May-20 21:27:57 GMT): 30%
2026-May-21 03:27:57 (2026-May-20 21:27:57 GMT): 40%
2026-May-21 03:27:57 (2026-May-20 21:27:57 GMT): 50%
 ... Calculating internal and leakage power
2026-May-21 03:27:58 (2026-May-20 21:27:58 GMT): 60%
2026-May-21 03:27:58 (2026-May-20 21:27:58 GMT): 70%
2026-May-21 03:27:58 (2026-May-20 21:27:58 GMT): 80%
2026-May-21 03:27:58 (2026-May-20 21:27:58 GMT): 90%

Finished Calculating power
2026-May-21 03:27:59 (2026-May-20 21:27:59 GMT)
      # of MSMV cell(s) missing power_level: 0
Ended Power Computation: (cpu=0:00:00, real=0:00:01, mem(process/total/peak)=1635.96MB/3703.84MB/1777.91MB)

Begin Processing User Attributes

Ended Processing User Attributes: (cpu=0:00:00, real=0:00:00, mem(process/total/peak)=1635.96MB/3703.84MB/1777.91MB)

Ended Power Analysis: (cpu=0:00:02, real=0:00:02, mem(process/total/peak)=1636.01MB/3703.84MB/1777.91MB)

Begin Boundary Leakage Calculation
Ended Boundary Leakage Calculation: (cpu=0:00:00, real=0:00:00,
mem(process/total/peak)=1636.02MB/3703.84MB/1777.91MB)
Begin Static Power Report Generation
*----------------------------------------------------------------------------------------
*	Innovus 21.18-s099_1 (64bit) 07/18/2023 13:03 (Linux 3.10.0-693.el7.x86_64)
*	
*
* 	Date & Time:	2026-May-21 03:27:59 (2026-May-20 21:27:59 GMT)
*
*----------------------------------------------------------------------------------------
*
*	Design: gpu
*
*	Liberty Libraries used:
*	        setup_view: /home/user_77/backup_extract/my_project/project/make_flow2/GPU_DESIGN_LIBRARY/init_design.inn.dat/libs/mmmc/slow_vdd1v0_basiccells.lib
*
*	Parasitic Files used:
*
*       Power View : setup_view
*
*       User-Defined Activity : N.A.
*
*       Activity File: N.A.
*
*       Hierarchical Global Activity: N.A.
*
*       Global Activity: N.A.
*
*       Sequential Element Activity: 0.200000
*
*       Primary Input Activity: 0.200000
*
*       Default icg ratio: N.A.
*
*       Global Comb ClockGate Ratio: N.A.
*
*	Power Units = 1mW
*
*	Time Units = 1e-09 secs
*
*       report_power
*
-----------------------------------------------------------------------------------------
*



Total Power
-----------------------------------------------------------------------------------------
Total Internal Power:        3.33523310 	   63.5799%
Total Switching Power:       1.90931686 	   36.3975%
Total Leakage Power:         0.00118469 	    0.0226%
Total Power:                 5.24573466
-----------------------------------------------------------------------------------------


Group                           Internal   Switching     Leakage       Total  Percentage 
                                Power      Power         Power         Power  (%)        
-----------------------------------------------------------------------------------------
Sequential                         1.848      0.2945   0.0002346       2.142       40.84
Macro                                  0           0           0           0           0
IO                                     0           0           0           0           0
Combinational                      1.488       1.615   0.0009501       3.103       59.16
Clock (Combinational)                  0           0           0           0           0
Clock (Sequential)                     0           0           0           0           0
-----------------------------------------------------------------------------------------
Total                              3.335       1.909    0.001185       5.246         100
-----------------------------------------------------------------------------------------


Rail                  Voltage   Internal   Switching     Leakage       Total  Percentage 
                                Power      Power         Power         Power  (%)        
-----------------------------------------------------------------------------------------
VDD                       0.9      3.335       1.909    0.001185       5.246         100
 
 
-----------------------------------------------------------------------------------------
*	Power Distribution Summary: 
*              Highest Average Power: FE_OFC523_data_memory_controller_n_47964 (CLKBUFX20):         0.005212
*              Highest Leakage Power: FE_OCPC5346_data_memory_controller_n_49176 (CLKBUFX20):        6.254e-07
*                Total Cap:      5.2187e-11 F
*                Total instances in design: 16809
*                Total instances in design with no power:     0
*                Total instances in design with no activty:     0

*                Total Fillers and Decap:     0
-----------------------------------------------------------------------------------------
 
** INFO:  (VOLTUS_POWR-3465): There are 0 decaps and 0 fillers in the design

Ended Static Power Report Generation: (cpu=0:00:00, real=0:00:00,
mem(process/total/peak)=1642.68MB/3709.09MB/1777.91MB)

