###############################################################
#  Generated by:      Cadence Innovus 21.18-s099_1
#  OS:                Linux x86_64(Host ID vlsi)
#  Generated on:      Wed May 20 22:53:13 2026
#  Design:            gpu
#  Command:           checkPinAssignment
###############################################################

Start Checking pins of top cell: [gpu] 
**ERROR: (IMPPTN-1755):   Pin [program_mem_read_data[0]] of partition [gpu] connected to net [program_mem_read_data[0]] is [PLACED] at location ( 239.940,  237.185) on layer 2 is NOT ON THE DESIGN BOUNDARY.
**ERROR: (IMPPTN-1755):   Pin [data_mem_read_valid[0]] of partition [gpu] connected to net [data_mem_read_valid[0]] is [PLACED] at location ( 239.940,  237.185) on layer 4 is NOT ON THE DESIGN BOUNDARY.
**ERROR: (IMPPTN-1755):   Pin [data_mem_write_valid[3]] of partition [gpu] connected to net [data_mem_write_valid[3]] is [PLACED] at location ( 240.875,  236.305) on layer 5 is NOT ON THE DESIGN BOUNDARY.
**ERROR: (IMPPTN-1755):   Pin [data_mem_write_valid[0]] of partition [gpu] connected to net [data_mem_write_valid[0]] is [PLACED] at location (   0.125,  236.305) on layer 5 is NOT ON THE DESIGN BOUNDARY.
**ERROR: (IMPPTN-1755):   Pin [data_mem_write_address[31]] of partition [gpu] connected to net [data_mem_write_address[31]] is [PLACED] at location ( 240.875,  236.305) on layer 7 is NOT ON THE DESIGN BOUNDARY.
**ERROR: (IMPPTN-1755):   Pin [data_mem_write_address[0]] of partition [gpu] connected to net [data_mem_write_address[0]] is [PLACED] at location (   0.125,  236.305) on layer 7 is NOT ON THE DESIGN BOUNDARY.
**ERROR: (IMPPTN-1755):   Pin [data_mem_write_data[31]] of partition [gpu] connected to net [data_mem_write_data[31]] is [PLACED] at location (   1.060,  237.185) on layer 2 is NOT ON THE DESIGN BOUNDARY.
**ERROR: (IMPPTN-1755):   Pin [data_mem_write_data[0]] of partition [gpu] connected to net [data_mem_write_data[0]] is [PLACED] at location (   1.060,    0.125) on layer 2 is NOT ON THE DESIGN BOUNDARY.
Summary report for top level: [gpu] 
	Total Pins                         : 183
	Legally Assigned Pins              : 175
	Internal Pins                      : 8
End of Summary report
End Checking pins of top cell: [gpu] 


===========================================================================================================================
                                                checkPinAssignment Summary
===========================================================================================================================
Partition   | pads  | pins   | legal  | illegal | internal | internal illegal | FT     | FT illegal | constant | unplaced |
===========================================================================================================================
gpu         |     0 |    183 |    175 |       0 |        8 |                0 |      0 |          0 |        0 |        0 |
===========================================================================================================================
TOTAL       |     0 |    183 |    175 |       0 |        8 |                0 |      0 |          0 |        0 |        0 |
===========================================================================================================================
