###############################################################
#  Generated by:      Cadence Innovus 21.18-s099_1
#  OS:                Linux x86_64(Host ID vlsi)
#  Generated on:      Wed May 20 04:40:46 2026
#  Design:            gpu
#  Command:           checkDesign -all
###############################################################
Design: gpu

------ Design Summary:
Total Standard Cell Number   (cells) : 17438
Total Block Cell Number      (cells) : 0
Total I/O Pad Cell Number    (cells) : 0
Total Standard Cell Area     ( um^2) : 39584.11
Total Block Cell Area        ( um^2) : 0.00
Total I/O Pad Cell Area      ( um^2) : 0.00

------ Design Statistics:

Number of Instances            : 17438
Number of Non-uniquified Insts : 17403
Number of Nets                 : 16109
Average number of Pins per Net : 3.34
Maximum number of Pins in Net  : 1828

------ I/O Port summary

Number of Primary I/O Ports    : 183
Number of Input Ports          : 69
Number of Output Ports         : 114
Number of Bidirectional Ports  : 0
Number of Power/Ground Ports   : 0



------------------------------------------------------------
Detail report:


------ I/O Pad/Port Checking


